2025/09/24 16:33:17 HTTP client successfully authenticated
2025/09/24 16:33:19 Collector successfully authenticated
2025/09/24 16:33:24 Skipping update for car ف ج م 8567 - timestamp 2025-09-24 16:24:04 is not newer than last update 2025-09-24 16:24:04
2025/09/24 16:33:26 Car not found for ETIT ID: 76eca2d6-36f4-eb11-80f8-0025b500010d
2025/09/24 16:33:28 Skipping update for car ف ر س 4593 - timestamp 2025-09-24 16:17:58 is not newer than last update 2025-09-24 16:17:58
2025/09/24 16:33:28 Car not found for ETIT ID: af56caf9-cf14-ea11-80ee-0025b500010d
2025/09/24 16:33:29 Skipping update for car ف ا ن 7421 - timestamp 2025-09-24 16:18:51 is not newer than last update 2025-09-24 16:18:51
2025/09/24 16:33:32 Skipping update for car ف د ى 6738 - timestamp 2025-09-22 12:25:34 is not newer than last update 2025-09-22 12:25:34
2025/09/24 16:33:33 Skipping update for car ف م س 9247 - timestamp 2025-09-24 16:16:39 is not newer than last update 2025-09-24 16:16:39
2025/09/24 16:33:34 Skipping update for car ف د ى 6584 - timestamp 2025-08-17 19:41:01 is not newer than last update 2025-08-17 19:41:01
2025/09/24 16:33:36 Skipping update for car ف أ ن 5139 - timestamp 2025-09-24 03:09:01 is not newer than last update 2025-09-24 03:09:01
2025/09/24 16:33:37 Skipping update for car ف ر ص 6359 - timestamp 2025-09-24 16:24:49 is not newer than last update 2025-09-24 16:24:49
2025/09/24 16:33:40 Sending petrol_arrows fleet status to channel C09GSBV2TSR (6 vehicles)
2025/09/24 16:33:43 Successfully sent petrol_arrows fleet status
2025/09/24 16:34:07 HTTP client successfully authenticated
2025/09/24 16:34:08 Collector successfully authenticated
2025/09/24 16:34:08 Checking vehicle ف ج م 8567 (ID: 0ed629a4-5a5d-f011-8113-0025b500010d) for speed alerts
2025/09/24 16:34:16 HTTP client successfully authenticated
2025/09/24 16:34:17 Collector successfully authenticated
2025/09/24 16:34:17 Fetching speed data from: https://fms-gps.etit-eg.com/WebPages/GetSpeedData.aspx?_=1752264215278&id=0ed629a4-5a5d-f011-8113-0025b500010d&time=6&from=Wed%2C+24+Sep+2025+00%3A00%3A00+GMT&to=Wed%2C+24+Sep+2025+13%3A34%3A08+GMT
2025/09/24 16:34:19 Checking vehicle ف ى ر 8427 (ID: 46ab06c4-5fb4-e911-80ed-0025b500010d) for speed alerts
2025/09/24 16:34:22 HTTP client successfully authenticated
2025/09/24 16:34:23 Collector successfully authenticated
2025/09/24 16:34:23 Fetching speed data from: https://fms-gps.etit-eg.com/WebPages/GetSpeedData.aspx?_=1752264215278&id=46ab06c4-5fb4-e911-80ed-0025b500010d&time=6&from=Wed%2C+24+Sep+2025+00%3A00%3A00+GMT&to=Wed%2C+24+Sep+2025+13%3A34%3A19+GMT
2025/09/24 16:34:25 Found 19 speed alerts for vehicle ف ى ر 8427
2025/09/24 16:34:26 Checking vehicle ف ق ص 5138 (ID: 76eca2d6-36f4-eb11-80f8-0025b500010d) for speed alerts
2025/09/24 16:34:28 HTTP client successfully authenticated
2025/09/24 16:34:29 Collector successfully authenticated
2025/09/24 16:34:29 Fetching speed data from: https://fms-gps.etit-eg.com/WebPages/GetSpeedData.aspx?_=1752264215278&id=76eca2d6-36f4-eb11-80f8-0025b500010d&time=6&from=Wed%2C+24+Sep+2025+00%3A00%3A00+GMT&to=Wed%2C+24+Sep+2025+13%3A34%3A26+GMT
2025/09/24 16:34:31 Error checking vehicle ف ق ص 5138: error parsing speed data: unexpected end of JSON input
2025/09/24 16:34:31 Checking vehicle ف ق ص 4253 (ID: 927b57f5-6edd-eb11-80f8-0025b500010d) for speed alerts
2025/09/24 16:34:33 HTTP client successfully authenticated
2025/09/24 16:39:59 HTTP client successfully authenticated
2025/09/24 16:39:59 Collector successfully authenticated
2025/09/24 16:41:53 HTTP client successfully authenticated
2025/09/24 16:42:02 Collector successfully authenticated
2025/09/24 16:42:05 Skipping update for car ف ج م 8567 - timestamp 2025-09-24 16:24:04 is not newer than last update 2025-09-24 16:24:04
2025/09/24 16:42:06 Car not found for ETIT ID: 76eca2d6-36f4-eb11-80f8-0025b500010d
2025/09/24 16:42:08 Skipping update for car ف ر س 4593 - timestamp 2025-09-24 16:17:58 is not newer than last update 2025-09-24 16:17:58
2025/09/24 16:42:08 Car not found for ETIT ID: af56caf9-cf14-ea11-80ee-0025b500010d
2025/09/24 16:42:12 Skipping update for car ف د ى 6738 - timestamp 2025-09-22 12:25:34 is not newer than last update 2025-09-22 12:25:34
2025/09/24 16:42:13 Skipping update for car ف م س 9247 - timestamp 2025-09-24 16:16:39 is not newer than last update 2025-09-24 16:16:39
2025/09/24 16:42:14 Skipping update for car ف د ى 6584 - timestamp 2025-08-17 19:41:01 is not newer than last update 2025-08-17 19:41:01
2025/09/24 16:42:16 Skipping update for car ف أ ن 5139 - timestamp 2025-09-24 03:09:01 is not newer than last update 2025-09-24 03:09:01
2025/09/24 16:42:20 Sending petrol_arrows fleet status to channel C09GSBV2TSR (6 vehicles)
2025/09/24 16:42:23 Successfully sent petrol_arrows fleet status
2025/09/24 16:42:46 HTTP client successfully authenticated
2025/09/24 16:42:47 Collector successfully authenticated
2025/09/24 16:42:47 Checking vehicle ف ج م 8567 (ID: 0ed629a4-5a5d-f011-8113-0025b500010d) for speed alerts
2025/09/24 16:42:51 HTTP client successfully authenticated
2025/09/24 16:42:52 Collector successfully authenticated
2025/09/24 16:42:52 Fetching speed data from: https://fms-gps.etit-eg.com/WebPages/GetSpeedData.aspx?_=1752264215278&id=0ed629a4-5a5d-f011-8113-0025b500010d&time=6&from=Wed%2C+24+Sep+2025+00%3A00%3A00+GMT&to=Wed%2C+24+Sep+2025+13%3A42%3A47+GMT
2025/09/24 16:42:54 Checking vehicle ف ى ر 8427 (ID: 46ab06c4-5fb4-e911-80ed-0025b500010d) for speed alerts
2025/09/24 16:42:57 HTTP client successfully authenticated
2025/09/24 16:42:58 Collector successfully authenticated
2025/09/24 16:42:58 Fetching speed data from: https://fms-gps.etit-eg.com/WebPages/GetSpeedData.aspx?_=1752264215278&id=46ab06c4-5fb4-e911-80ed-0025b500010d&time=6&from=Wed%2C+24+Sep+2025+00%3A00%3A00+GMT&to=Wed%2C+24+Sep+2025+13%3A42%3A54+GMT
2025/09/24 16:43:01 Found 19 speed alerts for vehicle ف ى ر 8427
2025/09/24 16:43:01 Checking vehicle ف ق ص 5138 (ID: 76eca2d6-36f4-eb11-80f8-0025b500010d) for speed alerts
2025/09/24 16:43:04 HTTP client successfully authenticated
2025/09/24 16:43:05 Collector successfully authenticated
2025/09/24 16:43:05 Fetching speed data from: https://fms-gps.etit-eg.com/WebPages/GetSpeedData.aspx?_=1752264215278&id=76eca2d6-36f4-eb11-80f8-0025b500010d&time=6&from=Wed%2C+24+Sep+2025+00%3A00%3A00+GMT&to=Wed%2C+24+Sep+2025+13%3A43%3A01+GMT
2025/09/24 16:43:07 Error checking vehicle ف ق ص 5138: error parsing speed data: unexpected end of JSON input
2025/09/24 16:43:07 Checking vehicle ف ق ص 4253 (ID: 927b57f5-6edd-eb11-80f8-0025b500010d) for speed alerts
2025/09/24 16:43:12 HTTP client successfully authenticated
2025/09/24 16:43:12 Collector successfully authenticated
2025/09/24 16:43:12 Fetching speed data from: https://fms-gps.etit-eg.com/WebPages/GetSpeedData.aspx?_=1752264215278&id=927b57f5-6edd-eb11-80f8-0025b500010d&time=6&from=Wed%2C+24+Sep+2025+00%3A00%3A00+GMT&to=Wed%2C+24+Sep+2025+13%3A43%3A07+GMT
2025/09/24 16:43:15 Checking vehicle ف ر س 4593 (ID: 5b22173f-6ba0-e811-80de-0025b500010d) for speed alerts
2025/09/24 16:43:20 HTTP client successfully authenticated
2025/09/24 16:43:21 Collector successfully authenticated
2025/09/24 16:43:21 Fetching speed data from: https://fms-gps.etit-eg.com/WebPages/GetSpeedData.aspx?_=1752264215278&id=5b22173f-6ba0-e811-80de-0025b500010d&time=6&from=Wed%2C+24+Sep+2025+00%3A00%3A00+GMT&to=Wed%2C+24+Sep+2025+13%3A43%3A15+GMT
2025/09/24 16:49:37 HTTP client successfully authenticated
2025/09/24 16:49:38 Collector successfully authenticated
2025/09/24 16:54:44 HTTP client successfully authenticated
2025/09/24 16:54:45 Collector successfully authenticated
2025/09/24 16:54:49 Car not found for ETIT ID: 76eca2d6-36f4-eb11-80f8-0025b500010d
2025/09/24 16:54:51 Car not found for ETIT ID: af56caf9-cf14-ea11-80ee-0025b500010d
2025/09/24 16:55:03 Sending petrol_arrows fleet status to channel C09GSBV2TSR (6 vehicles)
2025/09/24 16:55:06 Successfully sent petrol_arrows fleet status
2025/09/24 16:55:06 Sending taqa fleet status to channel C09H1DFP21J (4 vehicles)
2025/09/24 16:55:09 Successfully sent taqa fleet status
2025/09/24 16:55:09 Sending watanya fleet status to channel C09GW6QNT46 (4 vehicles)
2025/09/24 16:55:11 Successfully sent watanya fleet status
2025/09/24 16:55:32 HTTP client successfully authenticated
2025/09/24 16:55:33 Collector successfully authenticated
2025/09/24 16:55:33 Checking vehicle ف ج م 8567 (ID: 0ed629a4-5a5d-f011-8113-0025b500010d) for speed alerts
2025/09/24 16:55:35 HTTP client successfully authenticated
2025/09/24 16:55:36 Collector successfully authenticated
2025/09/24 16:55:36 Fetching speed data from: https://fms-gps.etit-eg.com/WebPages/GetSpeedData.aspx?_=1752264215278&id=0ed629a4-5a5d-f011-8113-0025b500010d&time=6&from=Wed%2C+24+Sep+2025+00%3A00%3A00+GMT&to=Wed%2C+24+Sep+2025+13%3A55%3A33+GMT
2025/09/24 16:55:38 Checking vehicle ف ى ر 8427 (ID: 46ab06c4-5fb4-e911-80ed-0025b500010d) for speed alerts
2025/09/24 16:55:40 HTTP client successfully authenticated
2025/09/24 16:55:41 Collector successfully authenticated
2025/09/24 16:55:41 Fetching speed data from: https://fms-gps.etit-eg.com/WebPages/GetSpeedData.aspx?_=1752264215278&id=46ab06c4-5fb4-e911-80ed-0025b500010d&time=6&from=Wed%2C+24+Sep+2025+00%3A00%3A00+GMT&to=Wed%2C+24+Sep+2025+13%3A55%3A38+GMT
2025/09/24 16:55:43 Found 19 speed alerts for vehicle ف ى ر 8427
2025/09/24 16:55:44 Checking vehicle ف ق ص 5138 (ID: 76eca2d6-36f4-eb11-80f8-0025b500010d) for speed alerts
2025/09/24 16:55:45 HTTP client successfully authenticated
2025/09/24 16:55:46 Collector successfully authenticated
2025/09/24 16:55:46 Fetching speed data from: https://fms-gps.etit-eg.com/WebPages/GetSpeedData.aspx?_=1752264215278&id=76eca2d6-36f4-eb11-80f8-0025b500010d&time=6&from=Wed%2C+24+Sep+2025+00%3A00%3A00+GMT&to=Wed%2C+24+Sep+2025+13%3A55%3A44+GMT
2025/09/24 16:55:48 Error checking vehicle ف ق ص 5138: error parsing speed data: unexpected end of JSON input
2025/09/24 16:55:48 Checking vehicle ف ق ص 4253 (ID: 927b57f5-6edd-eb11-80f8-0025b500010d) for speed alerts
2025/09/24 16:55:49 HTTP client successfully authenticated
2025/09/24 16:55:51 Collector successfully authenticated
2025/09/24 16:55:51 Fetching speed data from: https://fms-gps.etit-eg.com/WebPages/GetSpeedData.aspx?_=1752264215278&id=927b57f5-6edd-eb11-80f8-0025b500010d&time=6&from=Wed%2C+24+Sep+2025+00%3A00%3A00+GMT&to=Wed%2C+24+Sep+2025+13%3A55%3A48+GMT
2025/09/24 16:55:53 Checking vehicle ف ر س 4593 (ID: 5b22173f-6ba0-e811-80de-0025b500010d) for speed alerts
2025/09/24 16:55:54 HTTP client successfully authenticated
2025/09/24 16:55:55 Collector successfully authenticated
2025/09/24 16:55:55 Fetching speed data from: https://fms-gps.etit-eg.com/WebPages/GetSpeedData.aspx?_=1752264215278&id=5b22173f-6ba0-e811-80de-0025b500010d&time=6&from=Wed%2C+24+Sep+2025+00%3A00%3A00+GMT&to=Wed%2C+24+Sep+2025+13%3A55%3A53+GMT
2025/09/24 16:55:59 Checking vehicle ف ر ص 5783 (ID: af56caf9-cf14-ea11-80ee-0025b500010d) for speed alerts
2025/09/24 16:56:01 HTTP client successfully authenticated
2025/09/24 16:56:02 Collector successfully authenticated
2025/09/24 16:56:02 Fetching speed data from: https://fms-gps.etit-eg.com/WebPages/GetSpeedData.aspx?_=1752264215278&id=af56caf9-cf14-ea11-80ee-0025b500010d&time=6&from=Wed%2C+24+Sep+2025+00%3A00%3A00+GMT&to=Wed%2C+24+Sep+2025+13%3A55%3A59+GMT
2025/09/24 16:56:04 Error checking vehicle ف ر ص 5783: error parsing speed data: unexpected end of JSON input
2025/09/24 16:56:04 Checking vehicle ف ا ن 7421 (ID: 7d1f3531-8e91-ed11-8103-0025b500010d) for speed alerts
2025/09/24 16:56:05 HTTP client successfully authenticated
2025/09/24 16:56:06 Collector successfully authenticated
2025/09/24 16:56:06 Fetching speed data from: https://fms-gps.etit-eg.com/WebPages/GetSpeedData.aspx?_=1752264215278&id=7d1f3531-8e91-ed11-8103-0025b500010d&time=6&from=Wed%2C+24+Sep+2025+00%3A00%3A00+GMT&to=Wed%2C+24+Sep+2025+13%3A56%3A04+GMT
2025/09/24 16:56:08 Found 5 speed alerts for vehicle ف ا ن 7421
2025/09/24 16:56:09 Checking vehicle ف ى ر 9156 (ID: 19419bf3-6aa0-e811-80de-0025b500010d) for speed alerts
2025/09/24 16:56:10 HTTP client successfully authenticated
2025/09/24 16:56:11 Collector successfully authenticated
2025/09/24 16:56:11 Fetching speed data from: https://fms-gps.etit-eg.com/WebPages/GetSpeedData.aspx?_=1752264215278&id=19419bf3-6aa0-e811-80de-0025b500010d&time=6&from=Wed%2C+24+Sep+2025+00%3A00%3A00+GMT&to=Wed%2C+24+Sep+2025+13%3A56%3A09+GMT
2025/09/24 16:56:13 Found 5 speed alerts for vehicle ف ى ر 9156
2025/09/24 16:56:13 Checking vehicle ف ج م 5917 (ID: d7e4419f-cff8-ef11-810e-0025b500010d) for speed alerts
2025/09/24 16:56:15 HTTP client successfully authenticated
2025/09/24 16:56:16 Collector successfully authenticated
2025/09/24 16:56:16 Fetching speed data from: https://fms-gps.etit-eg.com/WebPages/GetSpeedData.aspx?_=1752264215278&id=d7e4419f-cff8-ef11-810e-0025b500010d&time=6&from=Wed%2C+24+Sep+2025+00%3A00%3A00+GMT&to=Wed%2C+24+Sep+2025+13%3A56%3A13+GMT
2025/09/24 16:56:19 Checking vehicle ف د ى 6738 (ID: d23c85a1-6aa0-e811-80de-0025b500010d) for speed alerts
2025/09/24 16:56:20 HTTP client successfully authenticated
2025/09/24 16:56:22 Collector successfully authenticated
2025/09/24 16:56:22 Fetching speed data from: https://fms-gps.etit-eg.com/WebPages/GetSpeedData.aspx?_=1752264215278&id=d23c85a1-6aa0-e811-80de-0025b500010d&time=6&from=Wed%2C+24+Sep+2025+00%3A00%3A00+GMT&to=Wed%2C+24+Sep+2025+13%3A56%3A19+GMT
2025/09/24 16:56:24 Error checking vehicle ف د ى 6738: error parsing speed data: unexpected end of JSON input
2025/09/24 16:56:24 Checking vehicle ف م س 9247 (ID: 8a77baf4-5fb4-e911-80ed-0025b500010d) for speed alerts
2025/09/24 16:56:25 HTTP client successfully authenticated
2025/09/24 16:56:26 Collector successfully authenticated
2025/09/24 16:56:26 Fetching speed data from: https://fms-gps.etit-eg.com/WebPages/GetSpeedData.aspx?_=1752264215278&id=8a77baf4-5fb4-e911-80ed-0025b500010d&time=6&from=Wed%2C+24+Sep+2025+00%3A00%3A00+GMT&to=Wed%2C+24+Sep+2025+13%3A56%3A24+GMT
2025/09/24 16:56:29 Checking vehicle ف د ى 6584 (ID: 98a0fe16-6ba0-e811-80de-0025b500010d) for speed alerts
2025/09/24 16:56:31 HTTP client successfully authenticated
2025/09/24 16:56:32 Collector successfully authenticated
2025/09/24 16:56:32 Fetching speed data from: https://fms-gps.etit-eg.com/WebPages/GetSpeedData.aspx?_=1752264215278&id=98a0fe16-6ba0-e811-80de-0025b500010d&time=6&from=Wed%2C+24+Sep+2025+00%3A00%3A00+GMT&to=Wed%2C+24+Sep+2025+13%3A56%3A29+GMT
2025/09/24 16:56:34 Error checking vehicle ف د ى 6584: error parsing speed data: unexpected end of JSON input
2025/09/24 16:56:34 Checking vehicle ف ع ص 4381 (ID: cd482774-6ba0-e811-80de-0025b500010d) for speed alerts
2025/09/24 16:56:36 HTTP client successfully authenticated
2025/09/24 16:56:37 Collector successfully authenticated
2025/09/24 16:56:37 Fetching speed data from: https://fms-gps.etit-eg.com/WebPages/GetSpeedData.aspx?_=1752264215278&id=cd482774-6ba0-e811-80de-0025b500010d&time=6&from=Wed%2C+24+Sep+2025+00%3A00%3A00+GMT&to=Wed%2C+24+Sep+2025+13%3A56%3A34+GMT
2025/09/24 16:56:40 Found 25 speed alerts for vehicle ف ع ص 4381
2025/09/24 16:56:41 Checking vehicle ف أ ن 5139 (ID: 2782a30d-0143-ed11-8100-0025b500010d) for speed alerts
2025/09/24 16:56:42 HTTP client successfully authenticated
2025/09/24 16:56:43 Collector successfully authenticated
2025/09/24 16:56:43 Fetching speed data from: https://fms-gps.etit-eg.com/WebPages/GetSpeedData.aspx?_=1752264215278&id=2782a30d-0143-ed11-8100-0025b500010d&time=6&from=Wed%2C+24+Sep+2025+00%3A00%3A00+GMT&to=Wed%2C+24+Sep+2025+13%3A56%3A41+GMT
2025/09/24 16:56:45 Checking vehicle ف ر ص 6359 (ID: ca53d5de-cf14-ea11-80ee-0025b500010d) for speed alerts
2025/09/24 16:57:06 HTTP client successfully authenticated
2025/09/24 16:57:06 Collector successfully authenticated
2025/09/24 16:57:10 Car not found for ETIT ID: 76eca2d6-36f4-eb11-80f8-0025b500010d
2025/09/24 16:57:12 Car not found for ETIT ID: af56caf9-cf14-ea11-80ee-0025b500010d
2025/09/24 16:57:24 Sending petrol_arrows fleet status to channel C09GSBV2TSR (6 vehicles)
2025/09/24 16:57:27 Successfully sent petrol_arrows fleet status
2025/09/24 16:57:27 Sending taqa fleet status to channel C09H1DFP21J (4 vehicles)
2025/09/24 16:57:30 Successfully sent taqa fleet status
2025/09/24 16:57:30 Sending watanya fleet status to channel C09GW6QNT46 (4 vehicles)
2025/09/24 16:57:33 Successfully sent watanya fleet status
2025/09/24 16:57:54 HTTP client successfully authenticated
2025/09/24 16:57:55 Collector successfully authenticated
2025/09/24 16:57:55 Checking vehicle ف ج م 8567 (ID: 0ed629a4-5a5d-f011-8113-0025b500010d) for speed alerts
2025/09/24 16:57:57 HTTP client successfully authenticated
2025/09/24 16:57:58 Collector successfully authenticated
2025/09/24 16:57:58 Fetching speed data from: https://fms-gps.etit-eg.com/WebPages/GetSpeedData.aspx?_=1752264215278&id=0ed629a4-5a5d-f011-8113-0025b500010d&time=6&from=Wed%2C+24+Sep+2025+00%3A00%3A00+GMT&to=Wed%2C+24+Sep+2025+13%3A57%3A55+GMT
2025/09/24 16:58:00 Checking vehicle ف ى ر 8427 (ID: 46ab06c4-5fb4-e911-80ed-0025b500010d) for speed alerts
2025/09/24 16:58:02 HTTP client successfully authenticated
2025/09/24 16:58:03 Collector successfully authenticated
2025/09/24 16:58:03 Fetching speed data from: https://fms-gps.etit-eg.com/WebPages/GetSpeedData.aspx?_=1752264215278&id=46ab06c4-5fb4-e911-80ed-0025b500010d&time=6&from=Wed%2C+24+Sep+2025+00%3A00%3A00+GMT&to=Wed%2C+24+Sep+2025+13%3A58%3A00+GMT
2025/09/24 16:58:05 Found 19 speed alerts for vehicle ف ى ر 8427
2025/09/24 16:58:06 Checking vehicle ف ق ص 5138 (ID: 76eca2d6-36f4-eb11-80f8-0025b500010d) for speed alerts
2025/09/24 16:58:07 HTTP client successfully authenticated
2025/09/24 16:58:08 Collector successfully authenticated
2025/09/24 16:58:08 Fetching speed data from: https://fms-gps.etit-eg.com/WebPages/GetSpeedData.aspx?_=1752264215278&id=76eca2d6-36f4-eb11-80f8-0025b500010d&time=6&from=Wed%2C+24+Sep+2025+00%3A00%3A00+GMT&to=Wed%2C+24+Sep+2025+13%3A58%3A06+GMT
2025/09/24 16:58:10 Error checking vehicle ف ق ص 5138: error parsing speed data: unexpected end of JSON input
2025/09/24 16:58:10 Checking vehicle ف ق ص 4253 (ID: 927b57f5-6edd-eb11-80f8-0025b500010d) for speed alerts
2025/09/24 16:58:12 HTTP client successfully authenticated
2025/09/24 16:58:13 Collector successfully authenticated
2025/09/24 16:58:13 Fetching speed data from: https://fms-gps.etit-eg.com/WebPages/GetSpeedData.aspx?_=1752264215278&id=927b57f5-6edd-eb11-80f8-0025b500010d&time=6&from=Wed%2C+24+Sep+2025+00%3A00%3A00+GMT&to=Wed%2C+24+Sep+2025+13%3A58%3A10+GMT
2025/09/24 16:58:15 Checking vehicle ف ر س 4593 (ID: 5b22173f-6ba0-e811-80de-0025b500010d) for speed alerts
2025/09/24 16:58:17 HTTP client successfully authenticated
2025/09/24 16:58:18 Collector successfully authenticated
2025/09/24 16:58:18 Fetching speed data from: https://fms-gps.etit-eg.com/WebPages/GetSpeedData.aspx?_=1752264215278&id=5b22173f-6ba0-e811-80de-0025b500010d&time=6&from=Wed%2C+24+Sep+2025+00%3A00%3A00+GMT&to=Wed%2C+24+Sep+2025+13%3A58%3A15+GMT
2025/09/24 16:58:21 Checking vehicle ف ر ص 5783 (ID: af56caf9-cf14-ea11-80ee-0025b500010d) for speed alerts
2025/09/24 16:58:22 HTTP client successfully authenticated
2025/09/24 16:58:23 Collector successfully authenticated
2025/09/24 16:58:23 Fetching speed data from: https://fms-gps.etit-eg.com/WebPages/GetSpeedData.aspx?_=1752264215278&id=af56caf9-cf14-ea11-80ee-0025b500010d&time=6&from=Wed%2C+24+Sep+2025+00%3A00%3A00+GMT&to=Wed%2C+24+Sep+2025+13%3A58%3A21+GMT
2025/09/24 16:58:25 Error checking vehicle ف ر ص 5783: error parsing speed data: unexpected end of JSON input
2025/09/24 16:58:25 Checking vehicle ف ا ن 7421 (ID: 7d1f3531-8e91-ed11-8103-0025b500010d) for speed alerts
2025/09/24 16:58:26 HTTP client successfully authenticated
2025/09/24 16:58:27 Collector successfully authenticated
2025/09/24 16:58:27 Fetching speed data from: https://fms-gps.etit-eg.com/WebPages/GetSpeedData.aspx?_=1752264215278&id=7d1f3531-8e91-ed11-8103-0025b500010d&time=6&from=Wed%2C+24+Sep+2025+00%3A00%3A00+GMT&to=Wed%2C+24+Sep+2025+13%3A58%3A25+GMT
2025/09/24 16:58:29 Found 5 speed alerts for vehicle ف ا ن 7421
2025/09/24 16:58:29 Checking vehicle ف ى ر 9156 (ID: 19419bf3-6aa0-e811-80de-0025b500010d) for speed alerts
2025/09/24 16:58:31 HTTP client successfully authenticated
2025/09/24 16:58:32 Collector successfully authenticated
2025/09/24 16:58:32 Fetching speed data from: https://fms-gps.etit-eg.com/WebPages/GetSpeedData.aspx?_=1752264215278&id=19419bf3-6aa0-e811-80de-0025b500010d&time=6&from=Wed%2C+24+Sep+2025+00%3A00%3A00+GMT&to=Wed%2C+24+Sep+2025+13%3A58%3A29+GMT
2025/09/24 16:58:34 Found 5 speed alerts for vehicle ف ى ر 9156
2025/09/24 16:58:34 Checking vehicle ف ج م 5917 (ID: d7e4419f-cff8-ef11-810e-0025b500010d) for speed alerts
2025/09/24 16:58:35 HTTP client successfully authenticated
2025/09/24 16:58:36 Collector successfully authenticated
2025/09/24 16:58:36 Fetching speed data from: https://fms-gps.etit-eg.com/WebPages/GetSpeedData.aspx?_=1752264215278&id=d7e4419f-cff8-ef11-810e-0025b500010d&time=6&from=Wed%2C+24+Sep+2025+00%3A00%3A00+GMT&to=Wed%2C+24+Sep+2025+13%3A58%3A34+GMT
2025/09/24 16:58:40 Checking vehicle ف د ى 6738 (ID: d23c85a1-6aa0-e811-80de-0025b500010d) for speed alerts
2025/09/24 16:58:41 HTTP client successfully authenticated
2025/09/24 16:58:42 Collector successfully authenticated
2025/09/24 16:58:42 Fetching speed data from: https://fms-gps.etit-eg.com/WebPages/GetSpeedData.aspx?_=1752264215278&id=d23c85a1-6aa0-e811-80de-0025b500010d&time=6&from=Wed%2C+24+Sep+2025+00%3A00%3A00+GMT&to=Wed%2C+24+Sep+2025+13%3A58%3A40+GMT
2025/09/24 16:58:44 Error checking vehicle ف د ى 6738: error parsing speed data: unexpected end of JSON input
2025/09/24 16:58:44 Checking vehicle ف م س 9247 (ID: 8a77baf4-5fb4-e911-80ed-0025b500010d) for speed alerts
2025/09/24 16:58:46 HTTP client successfully authenticated
2025/09/24 16:58:47 Collector successfully authenticated
2025/09/24 16:58:47 Fetching speed data from: https://fms-gps.etit-eg.com/WebPages/GetSpeedData.aspx?_=1752264215278&id=8a77baf4-5fb4-e911-80ed-0025b500010d&time=6&from=Wed%2C+24+Sep+2025+00%3A00%3A00+GMT&to=Wed%2C+24+Sep+2025+13%3A58%3A44+GMT
2025/09/24 16:58:50 Checking vehicle ف د ى 6584 (ID: 98a0fe16-6ba0-e811-80de-0025b500010d) for speed alerts
2025/09/24 16:58:51 HTTP client successfully authenticated
2025/09/24 16:58:52 Collector successfully authenticated
2025/09/24 16:58:52 Fetching speed data from: https://fms-gps.etit-eg.com/WebPages/GetSpeedData.aspx?_=1752264215278&id=98a0fe16-6ba0-e811-80de-0025b500010d&time=6&from=Wed%2C+24+Sep+2025+00%3A00%3A00+GMT&to=Wed%2C+24+Sep+2025+13%3A58%3A50+GMT
2025/09/24 16:58:54 Error checking vehicle ف د ى 6584: error parsing speed data: unexpected end of JSON input
2025/09/24 16:58:54 Checking vehicle ف ع ص 4381 (ID: cd482774-6ba0-e811-80de-0025b500010d) for speed alerts
2025/09/24 16:58:56 HTTP client successfully authenticated
2025/09/24 16:58:57 Collector successfully authenticated
2025/09/24 16:58:57 Fetching speed data from: https://fms-gps.etit-eg.com/WebPages/GetSpeedData.aspx?_=1752264215278&id=cd482774-6ba0-e811-80de-0025b500010d&time=6&from=Wed%2C+24+Sep+2025+00%3A00%3A00+GMT&to=Wed%2C+24+Sep+2025+13%3A58%3A54+GMT
2025/09/24 16:58:59 Found 25 speed alerts for vehicle ف ع ص 4381
2025/09/24 16:58:59 Checking vehicle ف أ ن 5139 (ID: 2782a30d-0143-ed11-8100-0025b500010d) for speed alerts
2025/09/24 16:59:01 HTTP client successfully authenticated
2025/09/24 16:59:01 Collector successfully authenticated
2025/09/24 16:59:01 Fetching speed data from: https://fms-gps.etit-eg.com/WebPages/GetSpeedData.aspx?_=1752264215278&id=2782a30d-0143-ed11-8100-0025b500010d&time=6&from=Wed%2C+24+Sep+2025+00%3A00%3A00+GMT&to=Wed%2C+24+Sep+2025+13%3A58%3A59+GMT
2025/09/24 16:59:04 Checking vehicle ف ر ص 6359 (ID: ca53d5de-cf14-ea11-80ee-0025b500010d) for speed alerts
2025/09/24 16:59:05 HTTP client successfully authenticated
2025/09/24 16:59:06 Collector successfully authenticated
2025/09/24 16:59:06 Fetching speed data from: https://fms-gps.etit-eg.com/WebPages/GetSpeedData.aspx?_=1752264215278&id=ca53d5de-cf14-ea11-80ee-0025b500010d&time=6&from=Wed%2C+24+Sep+2025+00%3A00%3A00+GMT&to=Wed%2C+24+Sep+2025+13%3A59%3A04+GMT
2025/09/24 16:59:08 Found 14 speed alerts for vehicle ف ر ص 6359
2025/09/24 16:59:09 Checking vehicle ف ر ص 8461 (ID: 19cdd2ad-aaba-ea11-80f4-0025b500010d) for speed alerts
2025/09/24 16:59:11 HTTP client successfully authenticated
2025/09/24 16:59:12 Collector successfully authenticated
2025/09/24 16:59:12 Fetching speed data from: https://fms-gps.etit-eg.com/WebPages/GetSpeedData.aspx?_=1752264215278&id=19cdd2ad-aaba-ea11-80f4-0025b500010d&time=6&from=Wed%2C+24+Sep+2025+00%3A00%3A00+GMT&to=Wed%2C+24+Sep+2025+13%3A59%3A09+GMT
2025/09/24 16:59:14 Found 5 speed alerts for vehicle ف ر ص 8461
2025/09/24 16:59:14 Checking vehicle ف د ى 6834 (ID: edddb58e-aaba-ea11-80f4-0025b500010d) for speed alerts
2025/09/24 16:59:16 HTTP client successfully authenticated
2025/09/24 16:59:17 Collector successfully authenticated
2025/09/24 16:59:17 Fetching speed data from: https://fms-gps.etit-eg.com/WebPages/GetSpeedData.aspx?_=1752264215278&id=edddb58e-aaba-ea11-80f4-0025b500010d&time=6&from=Wed%2C+24+Sep+2025+00%3A00%3A00+GMT&to=Wed%2C+24+Sep+2025+13%3A59%3A14+GMT
2025/09/24 16:59:20 Checking vehicle ف ج م 5918 (ID: 524e35bb-cff8-ef11-810e-0025b500010d) for speed alerts
2025/09/24 16:59:21 HTTP client successfully authenticated
2025/09/24 16:59:22 Collector successfully authenticated
2025/09/24 16:59:22 Fetching speed data from: https://fms-gps.etit-eg.com/WebPages/GetSpeedData.aspx?_=1752264215278&id=524e35bb-cff8-ef11-810e-0025b500010d&time=6&from=Wed%2C+24+Sep+2025+00%3A00%3A00+GMT&to=Wed%2C+24+Sep+2025+13%3A59%3A20+GMT
2025/09/24 16:59:30 database is locked
2025/09/24 16:59:30 Fleet status updated for 3 companies
