2025/04/24 03:56:31 HTTP client successfully authenticated
2025/04/24 03:56:32 Collector successfully authenticated
2025/04/24 03:56:32 Checking vehicle ف د ى 6738 (ID: d23c85a1-6aa0-e811-80de-0025b500010d) for speed alerts
2025/04/24 03:56:33 HTTP client successfully authenticated
2025/04/24 03:56:33 Collector successfully authenticated
2025/04/24 03:56:34 Error checking vehicle ف د ى 6738: error parsing speed data: invalid character '<' looking for beginning of value
2025/04/24 03:56:34 Checking vehicle ف م س 9247 (ID: 8a77baf4-5fb4-e911-80ed-0025b500010d) for speed alerts
2025/04/24 03:56:34 HTTP client successfully authenticated
2025/04/24 03:56:35 Collector successfully authenticated
2025/04/24 03:56:35 Error checking vehicle ف م س 9247: error parsing speed data: invalid character '<' looking for beginning of value
2025/04/24 03:56:35 Checking vehicle ف د ى 6584 (ID: 98a0fe16-6ba0-e811-80de-0025b500010d) for speed alerts
2025/04/24 03:56:36 HTTP client successfully authenticated
2025/04/24 03:56:37 Collector successfully authenticated
2025/04/24 03:56:37 Error checking vehicle ف د ى 6584: error parsing speed data: invalid character '<' looking for beginning of value
2025/04/24 03:56:37 Checking vehicle ف ع ص 4381 (ID: cd482774-6ba0-e811-80de-0025b500010d) for speed alerts
2025/04/24 03:56:38 HTTP client successfully authenticated
2025/04/24 03:56:38 Collector successfully authenticated
2025/04/24 03:56:39 Error checking vehicle ف ع ص 4381: error parsing speed data: invalid character '<' looking for beginning of value
2025/04/24 03:56:39 Checking vehicle ف أ ن 5139 (ID: 2782a30d-0143-ed11-8100-0025b500010d) for speed alerts
2025/04/24 03:56:40 HTTP client successfully authenticated
2025/04/24 03:56:40 Collector successfully authenticated
2025/04/24 03:56:40 Error checking vehicle ف أ ن 5139: error parsing speed data: invalid character '<' looking for beginning of value
2025/04/24 03:56:40 Checking vehicle ف ر ص 6359 (ID: ca53d5de-cf14-ea11-80ee-0025b500010d) for speed alerts
2025/04/24 03:56:41 HTTP client successfully authenticated
2025/04/24 03:56:42 Collector successfully authenticated
2025/04/24 03:56:42 Error checking vehicle ف ر ص 6359: error parsing speed data: invalid character '<' looking for beginning of value
2025/04/24 03:56:42 Checking vehicle ف ر ص 8461 (ID: 19cdd2ad-aaba-ea11-80f4-0025b500010d) for speed alerts
2025/04/24 03:56:43 HTTP client successfully authenticated
2025/04/24 03:56:44 Collector successfully authenticated
2025/04/24 03:56:44 Error checking vehicle ف ر ص 8461: error parsing speed data: invalid character '<' looking for beginning of value
2025/04/24 03:56:44 Checking vehicle ف د ى 6834 (ID: edddb58e-aaba-ea11-80f4-0025b500010d) for speed alerts
2025/04/24 03:56:45 HTTP client successfully authenticated
2025/04/24 03:56:45 Collector successfully authenticated
2025/04/24 03:56:46 Error checking vehicle ف د ى 6834: error parsing speed data: invalid character '<' looking for beginning of value
2025/04/24 03:56:46 Checking vehicle ف ج م 5918 (ID: 524e35bb-cff8-ef11-810e-0025b500010d) for speed alerts
2025/04/24 03:56:47 HTTP client successfully authenticated
2025/04/24 03:56:47 Collector successfully authenticated
2025/04/24 03:56:47 Error checking vehicle ف ج م 5918: error parsing speed data: invalid character '<' looking for beginning of value
2025/04/24 03:56:47 Checking vehicle ف ى ر 8427 (ID: 46ab06c4-5fb4-e911-80ed-0025b500010d) for speed alerts
2025/04/24 03:56:48 HTTP client successfully authenticated
2025/04/24 03:56:49 Collector successfully authenticated
2025/04/24 03:56:49 Error checking vehicle ف ى ر 8427: error parsing speed data: invalid character '<' looking for beginning of value
2025/04/24 03:56:49 Checking vehicle ف ق ص 5138 (ID: 76eca2d6-36f4-eb11-80f8-0025b500010d) for speed alerts
2025/04/24 03:56:50 HTTP client successfully authenticated
2025/04/24 03:56:51 Collector successfully authenticated
2025/04/24 03:56:51 Error checking vehicle ف ق ص 5138: error parsing speed data: invalid character '<' looking for beginning of value
2025/04/24 03:56:51 Checking vehicle ف ق ص 4253 (ID: 927b57f5-6edd-eb11-80f8-0025b500010d) for speed alerts
2025/04/24 03:56:52 HTTP client successfully authenticated
2025/04/24 03:56:52 Collector successfully authenticated
2025/04/24 03:56:53 Error checking vehicle ف ق ص 4253: error parsing speed data: invalid character '<' looking for beginning of value
2025/04/24 03:56:53 Checking vehicle ف ر س 4593 (ID: 5b22173f-6ba0-e811-80de-0025b500010d) for speed alerts
2025/04/24 03:56:54 HTTP client successfully authenticated
2025/04/24 03:56:54 Collector successfully authenticated
2025/04/24 03:56:54 Error checking vehicle ف ر س 4593: error parsing speed data: invalid character '<' looking for beginning of value
2025/04/24 03:56:54 Checking vehicle ف ر ص 5783 (ID: af56caf9-cf14-ea11-80ee-0025b500010d) for speed alerts
2025/04/24 03:56:55 HTTP client successfully authenticated
2025/04/24 03:56:55 Collector successfully authenticated
2025/04/24 03:56:56 Error checking vehicle ف ر ص 5783: error parsing speed data: invalid character '<' looking for beginning of value
2025/04/24 03:56:56 Checking vehicle ف ا ن 7421 (ID: 7d1f3531-8e91-ed11-8103-0025b500010d) for speed alerts
2025/04/24 03:56:57 HTTP client successfully authenticated
2025/04/24 03:56:57 Collector successfully authenticated
2025/04/24 03:56:57 Error checking vehicle ف ا ن 7421: error parsing speed data: invalid character '<' looking for beginning of value
2025/04/24 03:56:57 Checking vehicle ف ى ر 9156 (ID: 19419bf3-6aa0-e811-80de-0025b500010d) for speed alerts
2025/04/24 03:56:58 HTTP client successfully authenticated
2025/04/24 03:56:59 Collector successfully authenticated
2025/04/24 03:56:59 Error checking vehicle ف ى ر 9156: error parsing speed data: invalid character '<' looking for beginning of value
2025/04/24 03:56:59 Checking vehicle ف ج م 5917 (ID: d7e4419f-cff8-ef11-810e-0025b500010d) for speed alerts
2025/04/24 03:57:00 HTTP client successfully authenticated
2025/04/24 03:57:01 Collector successfully authenticated
2025/04/24 03:57:01 Error checking vehicle ف ج م 5917: error parsing speed data: invalid character '<' looking for beginning of value
2025/04/24 03:57:01 Successfully completed speed check
2025/04/24 03:57:01 Speed violations found! Check the generated report file.
