2025/07/11 13:58:04 HTTP client successfully authenticated
2025/07/11 13:58:04 HTTP client successfully authenticated
2025/07/11 13:58:05 Collector successfully authenticated
2025/07/11 13:58:05 Checking vehicle ف ج م 8567 (ID: 0ed629a4-5a5d-f011-8113-0025b500010d) for speed alerts
2025/07/11 13:58:06 Collector successfully authenticated
2025/07/11 13:58:06 Checking vehicle ف ج م 8567 (ID: 0ed629a4-5a5d-f011-8113-0025b500010d) for speed alerts
2025/07/11 13:58:07 HTTP client successfully authenticated
2025/07/11 13:58:07 HTTP client successfully authenticated
2025/07/11 13:58:08 Collector successfully authenticated
2025/07/11 13:58:08 Fetching speed data from: https://fms-gps.etit-eg.com/WebPages/GetSpeedData.aspx?id=0ed629a4-5a5d-f011-8113-0025b500010d&time=6&from=Thu%252C%2B10%2BJul%2B2025%2B00%253A00%253A00%2BGMT&to=Thu%252C%2B10%2BJul%2B2025%2B23%253A59%253A00%2BGMT
2025/07/11 13:58:09 Collector successfully authenticated
2025/07/11 13:58:09 Fetching speed data from: https://fms-gps.etit-eg.com/WebPages/GetSpeedData.aspx?id=0ed629a4-5a5d-f011-8113-0025b500010d&time=6&from=Thu%252C%2B10%2BJul%2B2025%2B00%253A00%253A00%2BGMT&to=Thu%252C%2B10%2BJul%2B2025%2B23%253A59%253A00%2BGMT
2025/07/11 13:58:11 Error checking vehicle ف ج م 8567: error parsing speed data: invalid character '<' looking for beginning of value
2025/07/11 13:58:11 Checking vehicle ف ى ر 8427 (ID: 46ab06c4-5fb4-e911-80ed-0025b500010d) for speed alerts
2025/07/11 13:58:11 Error checking vehicle ف ج م 8567: error parsing speed data: invalid character '<' looking for beginning of value
2025/07/11 13:58:11 Checking vehicle ف ى ر 8427 (ID: 46ab06c4-5fb4-e911-80ed-0025b500010d) for speed alerts
2025/07/11 13:58:13 HTTP client successfully authenticated
2025/07/11 13:58:13 HTTP client successfully authenticated
2025/07/11 13:58:14 Collector successfully authenticated
2025/07/11 13:58:14 Fetching speed data from: https://fms-gps.etit-eg.com/WebPages/GetSpeedData.aspx?id=46ab06c4-5fb4-e911-80ed-0025b500010d&time=6&from=Thu%252C%2B10%2BJul%2B2025%2B00%253A00%253A00%2BGMT&to=Thu%252C%2B10%2BJul%2B2025%2B23%253A59%253A00%2BGMT
2025/07/11 13:58:15 Collector successfully authenticated
2025/07/11 13:58:15 Fetching speed data from: https://fms-gps.etit-eg.com/WebPages/GetSpeedData.aspx?id=46ab06c4-5fb4-e911-80ed-0025b500010d&time=6&from=Thu%252C%2B10%2BJul%2B2025%2B00%253A00%253A00%2BGMT&to=Thu%252C%2B10%2BJul%2B2025%2B23%253A59%253A00%2BGMT
2025/07/11 13:58:17 Error checking vehicle ف ى ر 8427: error parsing speed data: invalid character '<' looking for beginning of value
2025/07/11 13:58:17 Checking vehicle ف ق ص 5138 (ID: 76eca2d6-36f4-eb11-80f8-0025b500010d) for speed alerts
2025/07/11 13:58:18 Error checking vehicle ف ى ر 8427: error parsing speed data: invalid character '<' looking for beginning of value
2025/07/11 13:58:18 Checking vehicle ف ق ص 5138 (ID: 76eca2d6-36f4-eb11-80f8-0025b500010d) for speed alerts
2025/07/11 13:58:19 HTTP client successfully authenticated
2025/07/11 13:58:20 HTTP client successfully authenticated
2025/07/11 13:58:20 Collector successfully authenticated
2025/07/11 13:58:20 Fetching speed data from: https://fms-gps.etit-eg.com/WebPages/GetSpeedData.aspx?id=76eca2d6-36f4-eb11-80f8-0025b500010d&time=6&from=Thu%252C%2B10%2BJul%2B2025%2B00%253A00%253A00%2BGMT&to=Thu%252C%2B10%2BJul%2B2025%2B23%253A59%253A00%2BGMT
2025/07/11 13:58:21 Collector successfully authenticated
2025/07/11 13:58:21 Fetching speed data from: https://fms-gps.etit-eg.com/WebPages/GetSpeedData.aspx?id=76eca2d6-36f4-eb11-80f8-0025b500010d&time=6&from=Thu%252C%2B10%2BJul%2B2025%2B00%253A00%253A00%2BGMT&to=Thu%252C%2B10%2BJul%2B2025%2B23%253A59%253A00%2BGMT
2025/07/11 13:58:23 Error checking vehicle ف ق ص 5138: error parsing speed data: invalid character '<' looking for beginning of value
2025/07/11 13:58:23 Checking vehicle ف ق ص 4253 (ID: 927b57f5-6edd-eb11-80f8-0025b500010d) for speed alerts
2025/07/11 13:58:23 Error checking vehicle ف ق ص 5138: error parsing speed data: invalid character '<' looking for beginning of value
2025/07/11 13:58:23 Checking vehicle ف ق ص 4253 (ID: 927b57f5-6edd-eb11-80f8-0025b500010d) for speed alerts
2025/07/11 13:58:25 HTTP client successfully authenticated
2025/07/11 13:58:26 HTTP client successfully authenticated
2025/07/11 13:58:27 Collector successfully authenticated
2025/07/11 13:58:27 Fetching speed data from: https://fms-gps.etit-eg.com/WebPages/GetSpeedData.aspx?id=927b57f5-6edd-eb11-80f8-0025b500010d&time=6&from=Thu%252C%2B10%2BJul%2B2025%2B00%253A00%253A00%2BGMT&to=Thu%252C%2B10%2BJul%2B2025%2B23%253A59%253A00%2BGMT
2025/07/11 13:58:27 Collector successfully authenticated
2025/07/11 13:58:27 Fetching speed data from: https://fms-gps.etit-eg.com/WebPages/GetSpeedData.aspx?id=927b57f5-6edd-eb11-80f8-0025b500010d&time=6&from=Thu%252C%2B10%2BJul%2B2025%2B00%253A00%253A00%2BGMT&to=Thu%252C%2B10%2BJul%2B2025%2B23%253A59%253A00%2BGMT
2025/07/11 13:58:29 Error checking vehicle ف ق ص 4253: error parsing speed data: invalid character '<' looking for beginning of value
2025/07/11 13:58:29 Checking vehicle ف ر س 4593 (ID: 5b22173f-6ba0-e811-80de-0025b500010d) for speed alerts
2025/07/11 13:58:30 Error checking vehicle ف ق ص 4253: error parsing speed data: invalid character '<' looking for beginning of value
2025/07/11 13:58:30 Checking vehicle ف ر س 4593 (ID: 5b22173f-6ba0-e811-80de-0025b500010d) for speed alerts
2025/07/11 13:58:32 HTTP client successfully authenticated
2025/07/11 13:58:32 HTTP client successfully authenticated
2025/07/11 13:58:33 Collector successfully authenticated
2025/07/11 13:58:33 Fetching speed data from: https://fms-gps.etit-eg.com/WebPages/GetSpeedData.aspx?id=5b22173f-6ba0-e811-80de-0025b500010d&time=6&from=Thu%252C%2B10%2BJul%2B2025%2B00%253A00%253A00%2BGMT&to=Thu%252C%2B10%2BJul%2B2025%2B23%253A59%253A00%2BGMT
2025/07/11 13:58:33 Collector successfully authenticated
2025/07/11 13:58:33 Fetching speed data from: https://fms-gps.etit-eg.com/WebPages/GetSpeedData.aspx?id=5b22173f-6ba0-e811-80de-0025b500010d&time=6&from=Thu%252C%2B10%2BJul%2B2025%2B00%253A00%253A00%2BGMT&to=Thu%252C%2B10%2BJul%2B2025%2B23%253A59%253A00%2BGMT
2025/07/11 13:58:36 Error checking vehicle ف ر س 4593: error parsing speed data: invalid character '<' looking for beginning of value
2025/07/11 13:58:36 Checking vehicle ف ر ص 5783 (ID: af56caf9-cf14-ea11-80ee-0025b500010d) for speed alerts
2025/07/11 13:58:37 Error checking vehicle ف ر س 4593: error parsing speed data: invalid character '<' looking for beginning of value
2025/07/11 13:58:37 Checking vehicle ف ر ص 5783 (ID: af56caf9-cf14-ea11-80ee-0025b500010d) for speed alerts
2025/07/11 13:58:38 HTTP client successfully authenticated
2025/07/11 13:58:39 HTTP client successfully authenticated
2025/07/11 13:58:39 Collector successfully authenticated
2025/07/11 13:58:39 Fetching speed data from: https://fms-gps.etit-eg.com/WebPages/GetSpeedData.aspx?id=af56caf9-cf14-ea11-80ee-0025b500010d&time=6&from=Thu%252C%2B10%2BJul%2B2025%2B00%253A00%253A00%2BGMT&to=Thu%252C%2B10%2BJul%2B2025%2B23%253A59%253A00%2BGMT
2025/07/11 13:58:40 Collector successfully authenticated
2025/07/11 13:58:40 Fetching speed data from: https://fms-gps.etit-eg.com/WebPages/GetSpeedData.aspx?id=af56caf9-cf14-ea11-80ee-0025b500010d&time=6&from=Thu%252C%2B10%2BJul%2B2025%2B00%253A00%253A00%2BGMT&to=Thu%252C%2B10%2BJul%2B2025%2B23%253A59%253A00%2BGMT
2025/07/11 13:58:42 Error checking vehicle ف ر ص 5783: error parsing speed data: invalid character '<' looking for beginning of value
2025/07/11 13:58:42 Checking vehicle ف ا ن 7421 (ID: 7d1f3531-8e91-ed11-8103-0025b500010d) for speed alerts
2025/07/11 13:58:42 Error checking vehicle ف ر ص 5783: error parsing speed data: invalid character '<' looking for beginning of value
2025/07/11 13:58:42 Checking vehicle ف ا ن 7421 (ID: 7d1f3531-8e91-ed11-8103-0025b500010d) for speed alerts
2025/07/11 13:58:44 HTTP client successfully authenticated
2025/07/11 13:58:44 HTTP client successfully authenticated
2025/07/11 13:58:46 Collector successfully authenticated
2025/07/11 13:58:46 Fetching speed data from: https://fms-gps.etit-eg.com/WebPages/GetSpeedData.aspx?id=7d1f3531-8e91-ed11-8103-0025b500010d&time=6&from=Thu%252C%2B10%2BJul%2B2025%2B00%253A00%253A00%2BGMT&to=Thu%252C%2B10%2BJul%2B2025%2B23%253A59%253A00%2BGMT
2025/07/11 13:58:46 Collector successfully authenticated
2025/07/11 13:58:46 Fetching speed data from: https://fms-gps.etit-eg.com/WebPages/GetSpeedData.aspx?id=7d1f3531-8e91-ed11-8103-0025b500010d&time=6&from=Thu%252C%2B10%2BJul%2B2025%2B00%253A00%253A00%2BGMT&to=Thu%252C%2B10%2BJul%2B2025%2B23%253A59%253A00%2BGMT
2025/07/11 13:58:49 Error checking vehicle ف ا ن 7421: error parsing speed data: invalid character '<' looking for beginning of value
2025/07/11 13:58:49 Checking vehicle ف ى ر 9156 (ID: 19419bf3-6aa0-e811-80de-0025b500010d) for speed alerts
2025/07/11 13:58:50 Error checking vehicle ف ا ن 7421: error parsing speed data: invalid character '<' looking for beginning of value
2025/07/11 13:58:50 Checking vehicle ف ى ر 9156 (ID: 19419bf3-6aa0-e811-80de-0025b500010d) for speed alerts
