2025/07/10 19:36:19 HTTP client successfully authenticated
2025/07/10 19:36:19 HTTP client successfully authenticated
2025/07/10 19:36:20 Collector successfully authenticated
2025/07/10 19:36:20 Checking vehicle ف ج م 8567 (ID: 0ed629a4-5a5d-f011-8113-0025b500010d) for speed alerts
2025/07/10 19:36:20 Collector successfully authenticated
2025/07/10 19:36:20 Checking vehicle ف ج م 8567 (ID: 0ed629a4-5a5d-f011-8113-0025b500010d) for speed alerts
2025/07/10 19:36:23 HTTP client successfully authenticated
2025/07/10 19:36:23 HTTP client successfully authenticated
2025/07/10 19:36:25 Collector successfully authenticated
2025/07/10 19:36:25 Fetching speed data from: https://fms-gps.etit-eg.com/WebPages/GetSpeedData.aspx?id=0ed629a4-5a5d-f011-8113-0025b500010d&time=6&from=Wed%252C%2B09%2BJul%2B2025%2B00%253A00%253A00%2BGMT&to=Wed%252C%2B09%2BJul%2B2025%2B23%253A59%253A00%2BGMT
2025/07/10 19:36:25 Collector successfully authenticated
2025/07/10 19:36:25 Fetching speed data from: https://fms-gps.etit-eg.com/WebPages/GetSpeedData.aspx?id=0ed629a4-5a5d-f011-8113-0025b500010d&time=6&from=Wed%252C%2B09%2BJul%2B2025%2B00%253A00%253A00%2BGMT&to=Wed%252C%2B09%2BJul%2B2025%2B23%253A59%253A00%2BGMT
2025/07/10 19:36:28 Error checking vehicle ف ج م 8567: error parsing speed data: invalid character '<' looking for beginning of value
2025/07/10 19:36:28 Checking vehicle ف ى ر 8427 (ID: 46ab06c4-5fb4-e911-80ed-0025b500010d) for speed alerts
2025/07/10 19:36:29 Error checking vehicle ف ج م 8567: error parsing speed data: invalid character '<' looking for beginning of value
2025/07/10 19:36:29 Checking vehicle ف ى ر 8427 (ID: 46ab06c4-5fb4-e911-80ed-0025b500010d) for speed alerts
2025/07/10 19:36:30 HTTP client successfully authenticated
2025/07/10 19:36:31 HTTP client successfully authenticated
2025/07/10 19:36:32 Collector successfully authenticated
2025/07/10 19:36:32 Fetching speed data from: https://fms-gps.etit-eg.com/WebPages/GetSpeedData.aspx?id=46ab06c4-5fb4-e911-80ed-0025b500010d&time=6&from=Wed%252C%2B09%2BJul%2B2025%2B00%253A00%253A00%2BGMT&to=Wed%252C%2B09%2BJul%2B2025%2B23%253A59%253A00%2BGMT
2025/07/10 19:36:32 Collector successfully authenticated
2025/07/10 19:36:32 Fetching speed data from: https://fms-gps.etit-eg.com/WebPages/GetSpeedData.aspx?id=46ab06c4-5fb4-e911-80ed-0025b500010d&time=6&from=Wed%252C%2B09%2BJul%2B2025%2B00%253A00%253A00%2BGMT&to=Wed%252C%2B09%2BJul%2B2025%2B23%253A59%253A00%2BGMT
2025/07/10 19:36:34 Error checking vehicle ف ى ر 8427: error parsing speed data: invalid character '<' looking for beginning of value
2025/07/10 19:36:34 Checking vehicle ف ق ص 5138 (ID: 76eca2d6-36f4-eb11-80f8-0025b500010d) for speed alerts
2025/07/10 19:36:35 Error checking vehicle ف ى ر 8427: error parsing speed data: invalid character '<' looking for beginning of value
2025/07/10 19:36:35 Checking vehicle ف ق ص 5138 (ID: 76eca2d6-36f4-eb11-80f8-0025b500010d) for speed alerts
2025/07/10 19:36:36 HTTP client successfully authenticated
2025/07/10 19:36:37 HTTP client successfully authenticated
2025/07/10 19:36:37 Collector successfully authenticated
2025/07/10 19:36:37 Fetching speed data from: https://fms-gps.etit-eg.com/WebPages/GetSpeedData.aspx?id=76eca2d6-36f4-eb11-80f8-0025b500010d&time=6&from=Wed%252C%2B09%2BJul%2B2025%2B00%253A00%253A00%2BGMT&to=Wed%252C%2B09%2BJul%2B2025%2B23%253A59%253A00%2BGMT
2025/07/10 19:36:38 Collector successfully authenticated
2025/07/10 19:36:38 Fetching speed data from: https://fms-gps.etit-eg.com/WebPages/GetSpeedData.aspx?id=76eca2d6-36f4-eb11-80f8-0025b500010d&time=6&from=Wed%252C%2B09%2BJul%2B2025%2B00%253A00%253A00%2BGMT&to=Wed%252C%2B09%2BJul%2B2025%2B23%253A59%253A00%2BGMT
2025/07/10 19:36:40 Error checking vehicle ف ق ص 5138: error parsing speed data: invalid character '<' looking for beginning of value
2025/07/10 19:36:40 Checking vehicle ف ق ص 4253 (ID: 927b57f5-6edd-eb11-80f8-0025b500010d) for speed alerts
2025/07/10 19:36:40 Error checking vehicle ف ق ص 5138: error parsing speed data: invalid character '<' looking for beginning of value
2025/07/10 19:36:40 Checking vehicle ف ق ص 4253 (ID: 927b57f5-6edd-eb11-80f8-0025b500010d) for speed alerts
2025/07/10 19:36:41 HTTP client successfully authenticated
2025/07/10 19:36:41 HTTP client successfully authenticated
2025/07/10 19:36:42 Collector successfully authenticated
2025/07/10 19:36:42 Fetching speed data from: https://fms-gps.etit-eg.com/WebPages/GetSpeedData.aspx?id=927b57f5-6edd-eb11-80f8-0025b500010d&time=6&from=Wed%252C%2B09%2BJul%2B2025%2B00%253A00%253A00%2BGMT&to=Wed%252C%2B09%2BJul%2B2025%2B23%253A59%253A00%2BGMT
2025/07/10 19:36:43 Collector successfully authenticated
2025/07/10 19:36:43 Fetching speed data from: https://fms-gps.etit-eg.com/WebPages/GetSpeedData.aspx?id=927b57f5-6edd-eb11-80f8-0025b500010d&time=6&from=Wed%252C%2B09%2BJul%2B2025%2B00%253A00%253A00%2BGMT&to=Wed%252C%2B09%2BJul%2B2025%2B23%253A59%253A00%2BGMT
2025/07/10 19:36:45 Error checking vehicle ف ق ص 4253: error parsing speed data: invalid character '<' looking for beginning of value
2025/07/10 19:36:45 Checking vehicle ف ر س 4593 (ID: 5b22173f-6ba0-e811-80de-0025b500010d) for speed alerts
2025/07/10 19:36:45 Error checking vehicle ف ق ص 4253: error parsing speed data: invalid character '<' looking for beginning of value
2025/07/10 19:36:45 Checking vehicle ف ر س 4593 (ID: 5b22173f-6ba0-e811-80de-0025b500010d) for speed alerts
2025/07/10 19:36:47 HTTP client successfully authenticated
2025/07/10 19:36:47 HTTP client successfully authenticated
2025/07/10 19:36:48 Collector successfully authenticated
2025/07/10 19:36:48 Fetching speed data from: https://fms-gps.etit-eg.com/WebPages/GetSpeedData.aspx?id=5b22173f-6ba0-e811-80de-0025b500010d&time=6&from=Wed%252C%2B09%2BJul%2B2025%2B00%253A00%253A00%2BGMT&to=Wed%252C%2B09%2BJul%2B2025%2B23%253A59%253A00%2BGMT
2025/07/10 19:36:48 Collector successfully authenticated
2025/07/10 19:36:48 Fetching speed data from: https://fms-gps.etit-eg.com/WebPages/GetSpeedData.aspx?id=5b22173f-6ba0-e811-80de-0025b500010d&time=6&from=Wed%252C%2B09%2BJul%2B2025%2B00%253A00%253A00%2BGMT&to=Wed%252C%2B09%2BJul%2B2025%2B23%253A59%253A00%2BGMT
2025/07/10 19:36:50 Error checking vehicle ف ر س 4593: error parsing speed data: invalid character '<' looking for beginning of value
2025/07/10 19:36:50 Checking vehicle ف ر ص 5783 (ID: af56caf9-cf14-ea11-80ee-0025b500010d) for speed alerts
2025/07/10 19:36:50 Error checking vehicle ف ر س 4593: error parsing speed data: invalid character '<' looking for beginning of value
2025/07/10 19:36:50 Checking vehicle ف ر ص 5783 (ID: af56caf9-cf14-ea11-80ee-0025b500010d) for speed alerts
2025/07/10 19:36:52 HTTP client successfully authenticated
2025/07/10 19:36:52 HTTP client successfully authenticated
2025/07/10 19:36:53 Collector successfully authenticated
2025/07/10 19:36:53 Fetching speed data from: https://fms-gps.etit-eg.com/WebPages/GetSpeedData.aspx?id=af56caf9-cf14-ea11-80ee-0025b500010d&time=6&from=Wed%252C%2B09%2BJul%2B2025%2B00%253A00%253A00%2BGMT&to=Wed%252C%2B09%2BJul%2B2025%2B23%253A59%253A00%2BGMT
2025/07/10 19:36:53 Collector successfully authenticated
2025/07/10 19:36:53 Fetching speed data from: https://fms-gps.etit-eg.com/WebPages/GetSpeedData.aspx?id=af56caf9-cf14-ea11-80ee-0025b500010d&time=6&from=Wed%252C%2B09%2BJul%2B2025%2B00%253A00%253A00%2BGMT&to=Wed%252C%2B09%2BJul%2B2025%2B23%253A59%253A00%2BGMT
2025/07/10 19:36:55 Error checking vehicle ف ر ص 5783: error parsing speed data: invalid character '<' looking for beginning of value
2025/07/10 19:36:55 Checking vehicle ف ا ن 7421 (ID: 7d1f3531-8e91-ed11-8103-0025b500010d) for speed alerts
2025/07/10 19:36:57 Error checking vehicle ف ر ص 5783: error parsing speed data: invalid character '<' looking for beginning of value
2025/07/10 19:36:57 Checking vehicle ف ا ن 7421 (ID: 7d1f3531-8e91-ed11-8103-0025b500010d) for speed alerts
2025/07/10 19:36:57 HTTP client successfully authenticated
2025/07/10 19:36:58 Collector successfully authenticated
2025/07/10 19:36:58 Fetching speed data from: https://fms-gps.etit-eg.com/WebPages/GetSpeedData.aspx?id=7d1f3531-8e91-ed11-8103-0025b500010d&time=6&from=Wed%252C%2B09%2BJul%2B2025%2B00%253A00%253A00%2BGMT&to=Wed%252C%2B09%2BJul%2B2025%2B23%253A59%253A00%2BGMT
2025/07/10 19:36:58 HTTP client successfully authenticated
2025/07/10 19:36:59 Collector successfully authenticated
2025/07/10 19:36:59 Fetching speed data from: https://fms-gps.etit-eg.com/WebPages/GetSpeedData.aspx?id=7d1f3531-8e91-ed11-8103-0025b500010d&time=6&from=Wed%252C%2B09%2BJul%2B2025%2B00%253A00%253A00%2BGMT&to=Wed%252C%2B09%2BJul%2B2025%2B23%253A59%253A00%2BGMT
2025/07/10 19:37:01 Error checking vehicle ف ا ن 7421: error parsing speed data: invalid character '<' looking for beginning of value
2025/07/10 19:37:01 Checking vehicle ف ى ر 9156 (ID: 19419bf3-6aa0-e811-80de-0025b500010d) for speed alerts
2025/07/10 19:37:02 HTTP client successfully authenticated
2025/07/10 19:37:03 Collector successfully authenticated
2025/07/10 19:37:03 Fetching speed data from: https://fms-gps.etit-eg.com/WebPages/GetSpeedData.aspx?id=19419bf3-6aa0-e811-80de-0025b500010d&time=6&from=Wed%252C%2B09%2BJul%2B2025%2B00%253A00%253A00%2BGMT&to=Wed%252C%2B09%2BJul%2B2025%2B23%253A59%253A00%2BGMT
2025/07/10 19:37:03 Error checking vehicle ف ا ن 7421: error parsing speed data: invalid character '<' looking for beginning of value
2025/07/10 19:37:03 Checking vehicle ف ى ر 9156 (ID: 19419bf3-6aa0-e811-80de-0025b500010d) for speed alerts
2025/07/10 19:37:05 HTTP client successfully authenticated
2025/07/10 19:37:06 Error checking vehicle ف ى ر 9156: error parsing speed data: invalid character '<' looking for beginning of value
2025/07/10 19:37:06 Checking vehicle ف ج م 5917 (ID: d7e4419f-cff8-ef11-810e-0025b500010d) for speed alerts
2025/07/10 19:37:06 Collector successfully authenticated
2025/07/10 19:37:06 Fetching speed data from: https://fms-gps.etit-eg.com/WebPages/GetSpeedData.aspx?id=19419bf3-6aa0-e811-80de-0025b500010d&time=6&from=Wed%252C%2B09%2BJul%2B2025%2B00%253A00%253A00%2BGMT&to=Wed%252C%2B09%2BJul%2B2025%2B23%253A59%253A00%2BGMT
2025/07/10 19:37:07 HTTP client successfully authenticated
2025/07/10 19:37:08 Collector successfully authenticated
2025/07/10 19:37:08 Fetching speed data from: https://fms-gps.etit-eg.com/WebPages/GetSpeedData.aspx?id=d7e4419f-cff8-ef11-810e-0025b500010d&time=6&from=Wed%252C%2B09%2BJul%2B2025%2B00%253A00%253A00%2BGMT&to=Wed%252C%2B09%2BJul%2B2025%2B23%253A59%253A00%2BGMT
2025/07/10 19:37:09 Error checking vehicle ف ى ر 9156: error parsing speed data: invalid character '<' looking for beginning of value
2025/07/10 19:37:09 Checking vehicle ف ج م 5917 (ID: d7e4419f-cff8-ef11-810e-0025b500010d) for speed alerts
2025/07/10 19:37:11 Error checking vehicle ف ج م 5917: error parsing speed data: invalid character '<' looking for beginning of value
2025/07/10 19:37:11 Checking vehicle ف د ى 6738 (ID: d23c85a1-6aa0-e811-80de-0025b500010d) for speed alerts
2025/07/10 19:37:12 HTTP client successfully authenticated
2025/07/10 19:37:13 HTTP client successfully authenticated
2025/07/10 19:37:13 Collector successfully authenticated
2025/07/10 19:37:13 Fetching speed data from: https://fms-gps.etit-eg.com/WebPages/GetSpeedData.aspx?id=d7e4419f-cff8-ef11-810e-0025b500010d&time=6&from=Wed%252C%2B09%2BJul%2B2025%2B00%253A00%253A00%2BGMT&to=Wed%252C%2B09%2BJul%2B2025%2B23%253A59%253A00%2BGMT
2025/07/10 19:37:14 Collector successfully authenticated
2025/07/10 19:37:14 Fetching speed data from: https://fms-gps.etit-eg.com/WebPages/GetSpeedData.aspx?id=d23c85a1-6aa0-e811-80de-0025b500010d&time=6&from=Wed%252C%2B09%2BJul%2B2025%2B00%253A00%253A00%2BGMT&to=Wed%252C%2B09%2BJul%2B2025%2B23%253A59%253A00%2BGMT
2025/07/10 19:37:16 Error checking vehicle ف ج م 5917: error parsing speed data: invalid character '<' looking for beginning of value
2025/07/10 19:37:16 Checking vehicle ف د ى 6738 (ID: d23c85a1-6aa0-e811-80de-0025b500010d) for speed alerts
2025/07/10 19:37:16 Error checking vehicle ف د ى 6738: error parsing speed data: invalid character '<' looking for beginning of value
2025/07/10 19:37:16 Checking vehicle ف م س 9247 (ID: 8a77baf4-5fb4-e911-80ed-0025b500010d) for speed alerts
2025/07/10 19:37:17 HTTP client successfully authenticated
2025/07/10 19:37:18 HTTP client successfully authenticated
2025/07/10 19:37:18 Collector successfully authenticated
2025/07/10 19:37:18 Fetching speed data from: https://fms-gps.etit-eg.com/WebPages/GetSpeedData.aspx?id=d23c85a1-6aa0-e811-80de-0025b500010d&time=6&from=Wed%252C%2B09%2BJul%2B2025%2B00%253A00%253A00%2BGMT&to=Wed%252C%2B09%2BJul%2B2025%2B23%253A59%253A00%2BGMT
2025/07/10 19:37:19 Collector successfully authenticated
2025/07/10 19:37:19 Fetching speed data from: https://fms-gps.etit-eg.com/WebPages/GetSpeedData.aspx?id=8a77baf4-5fb4-e911-80ed-0025b500010d&time=6&from=Wed%252C%2B09%2BJul%2B2025%2B00%253A00%253A00%2BGMT&to=Wed%252C%2B09%2BJul%2B2025%2B23%253A59%253A00%2BGMT
2025/07/10 19:37:21 Error checking vehicle ف د ى 6738: error parsing speed data: invalid character '<' looking for beginning of value
2025/07/10 19:37:21 Checking vehicle ف م س 9247 (ID: 8a77baf4-5fb4-e911-80ed-0025b500010d) for speed alerts
2025/07/10 19:37:22 Error checking vehicle ف م س 9247: error parsing speed data: invalid character '<' looking for beginning of value
2025/07/10 19:37:22 Checking vehicle ف د ى 6584 (ID: 98a0fe16-6ba0-e811-80de-0025b500010d) for speed alerts
2025/07/10 19:37:23 HTTP client successfully authenticated
2025/07/10 19:37:24 Collector successfully authenticated
2025/07/10 19:37:24 Fetching speed data from: https://fms-gps.etit-eg.com/WebPages/GetSpeedData.aspx?id=98a0fe16-6ba0-e811-80de-0025b500010d&time=6&from=Wed%252C%2B09%2BJul%2B2025%2B00%253A00%253A00%2BGMT&to=Wed%252C%2B09%2BJul%2B2025%2B23%253A59%253A00%2BGMT
2025/07/10 19:37:26 HTTP client successfully authenticated
2025/07/10 19:37:27 Error checking vehicle ف د ى 6584: error parsing speed data: invalid character '<' looking for beginning of value
2025/07/10 19:37:27 Checking vehicle ف ع ص 4381 (ID: cd482774-6ba0-e811-80de-0025b500010d) for speed alerts
2025/07/10 19:37:27 Collector successfully authenticated
2025/07/10 19:37:27 Fetching speed data from: https://fms-gps.etit-eg.com/WebPages/GetSpeedData.aspx?id=8a77baf4-5fb4-e911-80ed-0025b500010d&time=6&from=Wed%252C%2B09%2BJul%2B2025%2B00%253A00%253A00%2BGMT&to=Wed%252C%2B09%2BJul%2B2025%2B23%253A59%253A00%2BGMT
2025/07/10 19:37:29 Error checking vehicle ف م س 9247: error parsing speed data: invalid character '<' looking for beginning of value
2025/07/10 19:37:29 Checking vehicle ف د ى 6584 (ID: 98a0fe16-6ba0-e811-80de-0025b500010d) for speed alerts
2025/07/10 19:37:29 HTTP client successfully authenticated
2025/07/10 19:37:31 Collector successfully authenticated
2025/07/10 19:37:31 Fetching speed data from: https://fms-gps.etit-eg.com/WebPages/GetSpeedData.aspx?id=cd482774-6ba0-e811-80de-0025b500010d&time=6&from=Wed%252C%2B09%2BJul%2B2025%2B00%253A00%253A00%2BGMT&to=Wed%252C%2B09%2BJul%2B2025%2B23%253A59%253A00%2BGMT
2025/07/10 19:37:31 HTTP client successfully authenticated
2025/07/10 19:37:32 Collector successfully authenticated
2025/07/10 19:37:32 Fetching speed data from: https://fms-gps.etit-eg.com/WebPages/GetSpeedData.aspx?id=98a0fe16-6ba0-e811-80de-0025b500010d&time=6&from=Wed%252C%2B09%2BJul%2B2025%2B00%253A00%253A00%2BGMT&to=Wed%252C%2B09%2BJul%2B2025%2B23%253A59%253A00%2BGMT
2025/07/10 19:37:33 Error checking vehicle ف ع ص 4381: error parsing speed data: invalid character '<' looking for beginning of value
2025/07/10 19:37:33 Checking vehicle ف أ ن 5139 (ID: 2782a30d-0143-ed11-8100-0025b500010d) for speed alerts
2025/07/10 19:37:35 Error checking vehicle ف د ى 6584: error parsing speed data: invalid character '<' looking for beginning of value
2025/07/10 19:37:35 Checking vehicle ف ع ص 4381 (ID: cd482774-6ba0-e811-80de-0025b500010d) for speed alerts
2025/07/10 19:37:35 HTTP client successfully authenticated
2025/07/10 19:37:36 Collector successfully authenticated
2025/07/10 19:37:36 Fetching speed data from: https://fms-gps.etit-eg.com/WebPages/GetSpeedData.aspx?id=2782a30d-0143-ed11-8100-0025b500010d&time=6&from=Wed%252C%2B09%2BJul%2B2025%2B00%253A00%253A00%2BGMT&to=Wed%252C%2B09%2BJul%2B2025%2B23%253A59%253A00%2BGMT
2025/07/10 19:37:36 HTTP client successfully authenticated
2025/07/10 19:37:37 Collector successfully authenticated
2025/07/10 19:37:37 Fetching speed data from: https://fms-gps.etit-eg.com/WebPages/GetSpeedData.aspx?id=cd482774-6ba0-e811-80de-0025b500010d&time=6&from=Wed%252C%2B09%2BJul%2B2025%2B00%253A00%253A00%2BGMT&to=Wed%252C%2B09%2BJul%2B2025%2B23%253A59%253A00%2BGMT
2025/07/10 19:37:39 Error checking vehicle ف أ ن 5139: error parsing speed data: invalid character '<' looking for beginning of value
2025/07/10 19:37:39 Checking vehicle ف ر ص 6359 (ID: ca53d5de-cf14-ea11-80ee-0025b500010d) for speed alerts
2025/07/10 19:37:40 Error checking vehicle ف ع ص 4381: error parsing speed data: invalid character '<' looking for beginning of value
2025/07/10 19:37:40 Checking vehicle ف أ ن 5139 (ID: 2782a30d-0143-ed11-8100-0025b500010d) for speed alerts
2025/07/10 19:37:42 HTTP client successfully authenticated
2025/07/10 19:37:42 HTTP client successfully authenticated
2025/07/10 19:37:43 Collector successfully authenticated
2025/07/10 19:37:43 Fetching speed data from: https://fms-gps.etit-eg.com/WebPages/GetSpeedData.aspx?id=ca53d5de-cf14-ea11-80ee-0025b500010d&time=6&from=Wed%252C%2B09%2BJul%2B2025%2B00%253A00%253A00%2BGMT&to=Wed%252C%2B09%2BJul%2B2025%2B23%253A59%253A00%2BGMT
2025/07/10 19:37:43 Collector successfully authenticated
2025/07/10 19:37:43 Fetching speed data from: https://fms-gps.etit-eg.com/WebPages/GetSpeedData.aspx?id=2782a30d-0143-ed11-8100-0025b500010d&time=6&from=Wed%252C%2B09%2BJul%2B2025%2B00%253A00%253A00%2BGMT&to=Wed%252C%2B09%2BJul%2B2025%2B23%253A59%253A00%2BGMT
2025/07/10 19:37:47 Error checking vehicle ف أ ن 5139: error parsing speed data: invalid character '<' looking for beginning of value
2025/07/10 19:37:47 Checking vehicle ف ر ص 6359 (ID: ca53d5de-cf14-ea11-80ee-0025b500010d) for speed alerts
2025/07/10 19:37:47 Error checking vehicle ف ر ص 6359: error parsing speed data: invalid character '<' looking for beginning of value
2025/07/10 19:37:47 Checking vehicle ف ر ص 8461 (ID: 19cdd2ad-aaba-ea11-80f4-0025b500010d) for speed alerts
2025/07/10 19:37:49 HTTP client successfully authenticated
2025/07/10 19:37:49 HTTP client successfully authenticated
2025/07/10 19:37:50 Collector successfully authenticated
2025/07/10 19:37:50 Fetching speed data from: https://fms-gps.etit-eg.com/WebPages/GetSpeedData.aspx?id=ca53d5de-cf14-ea11-80ee-0025b500010d&time=6&from=Wed%252C%2B09%2BJul%2B2025%2B00%253A00%253A00%2BGMT&to=Wed%252C%2B09%2BJul%2B2025%2B23%253A59%253A00%2BGMT
2025/07/10 19:37:50 Collector successfully authenticated
2025/07/10 19:37:50 Fetching speed data from: https://fms-gps.etit-eg.com/WebPages/GetSpeedData.aspx?id=19cdd2ad-aaba-ea11-80f4-0025b500010d&time=6&from=Wed%252C%2B09%2BJul%2B2025%2B00%253A00%253A00%2BGMT&to=Wed%252C%2B09%2BJul%2B2025%2B23%253A59%253A00%2BGMT
2025/07/10 19:37:53 Error checking vehicle ف ر ص 8461: error parsing speed data: invalid character '<' looking for beginning of value
2025/07/10 19:37:53 Checking vehicle ف د ى 6834 (ID: edddb58e-aaba-ea11-80f4-0025b500010d) for speed alerts
2025/07/10 19:37:53 Error checking vehicle ف ر ص 6359: error parsing speed data: invalid character '<' looking for beginning of value
2025/07/10 19:37:53 Checking vehicle ف ر ص 8461 (ID: 19cdd2ad-aaba-ea11-80f4-0025b500010d) for speed alerts
2025/07/10 19:37:54 HTTP client successfully authenticated
2025/07/10 19:37:54 HTTP client successfully authenticated
2025/07/10 19:37:56 Collector successfully authenticated
2025/07/10 19:37:56 Fetching speed data from: https://fms-gps.etit-eg.com/WebPages/GetSpeedData.aspx?id=19cdd2ad-aaba-ea11-80f4-0025b500010d&time=6&from=Wed%252C%2B09%2BJul%2B2025%2B00%253A00%253A00%2BGMT&to=Wed%252C%2B09%2BJul%2B2025%2B23%253A59%253A00%2BGMT
2025/07/10 19:37:58 Collector successfully authenticated
2025/07/10 19:37:58 Fetching speed data from: https://fms-gps.etit-eg.com/WebPages/GetSpeedData.aspx?id=edddb58e-aaba-ea11-80f4-0025b500010d&time=6&from=Wed%252C%2B09%2BJul%2B2025%2B00%253A00%253A00%2BGMT&to=Wed%252C%2B09%2BJul%2B2025%2B23%253A59%253A00%2BGMT
2025/07/10 19:37:58 Error checking vehicle ف ر ص 8461: error parsing speed data: invalid character '<' looking for beginning of value
2025/07/10 19:37:58 Checking vehicle ف د ى 6834 (ID: edddb58e-aaba-ea11-80f4-0025b500010d) for speed alerts
2025/07/10 19:38:00 Error checking vehicle ف د ى 6834: error parsing speed data: invalid character '<' looking for beginning of value
2025/07/10 19:38:00 Checking vehicle ف ج م 5918 (ID: 524e35bb-cff8-ef11-810e-0025b500010d) for speed alerts
2025/07/10 19:38:00 HTTP client successfully authenticated
2025/07/10 19:38:01 Collector successfully authenticated
2025/07/10 19:38:01 Fetching speed data from: https://fms-gps.etit-eg.com/WebPages/GetSpeedData.aspx?id=edddb58e-aaba-ea11-80f4-0025b500010d&time=6&from=Wed%252C%2B09%2BJul%2B2025%2B00%253A00%253A00%2BGMT&to=Wed%252C%2B09%2BJul%2B2025%2B23%253A59%253A00%2BGMT
2025/07/10 19:38:04 HTTP client successfully authenticated
2025/07/10 19:38:04 Error checking vehicle ف د ى 6834: error parsing speed data: invalid character '<' looking for beginning of value
2025/07/10 19:38:04 Checking vehicle ف ج م 5918 (ID: 524e35bb-cff8-ef11-810e-0025b500010d) for speed alerts
2025/07/10 19:38:05 Collector successfully authenticated
2025/07/10 19:38:05 Fetching speed data from: https://fms-gps.etit-eg.com/WebPages/GetSpeedData.aspx?id=524e35bb-cff8-ef11-810e-0025b500010d&time=6&from=Wed%252C%2B09%2BJul%2B2025%2B00%253A00%253A00%2BGMT&to=Wed%252C%2B09%2BJul%2B2025%2B23%253A59%253A00%2BGMT
2025/07/10 19:38:05 HTTP client successfully authenticated
2025/07/10 19:38:06 Collector successfully authenticated
2025/07/10 19:38:06 Fetching speed data from: https://fms-gps.etit-eg.com/WebPages/GetSpeedData.aspx?id=524e35bb-cff8-ef11-810e-0025b500010d&time=6&from=Wed%252C%2B09%2BJul%2B2025%2B00%253A00%253A00%2BGMT&to=Wed%252C%2B09%2BJul%2B2025%2B23%253A59%253A00%2BGMT
2025/07/10 19:38:07 Error checking vehicle ف ج م 5918: error parsing speed data: invalid character '<' looking for beginning of value
2025/07/10 19:38:07 Successfully completed speed check
2025/07/10 19:38:07 Speed violations found! Check the generated report file.
2025/07/10 19:38:10 Error checking vehicle ف ج م 5918: error parsing speed data: invalid character '<' looking for beginning of value
2025/07/10 19:38:10 Successfully completed speed check
2025/07/10 19:38:10 Speed violations found! Check the generated report file.
