2025/07/11 16:09:37 HTTP client successfully authenticated
2025/07/11 16:09:38 Collector successfully authenticated
2025/07/11 16:09:40 HTTP client successfully authenticated
2025/07/11 16:09:42 Collector successfully authenticated
2025/07/11 16:10:04 Checking vehicle ف ج م 8567 (ID: 0ed629a4-5a5d-f011-8113-0025b500010d) for speed alerts
2025/07/11 16:10:06 HTTP client successfully authenticated
2025/07/11 16:10:07 Collector successfully authenticated
2025/07/11 16:10:07 Fetching speed data from: https://fms-gps.etit-eg.com/WebPages/GetSpeedData.aspx?id=0ed629a4-5a5d-f011-8113-0025b500010d&time=6&from=Thu%2C+10+Jul+2025+00%3A00%3A00+GMT&to=Thu%2C+10+Jul+2025+23%3A59%3A00+GMT
2025/07/11 16:10:10 Checking vehicle ف ى ر 8427 (ID: 46ab06c4-5fb4-e911-80ed-0025b500010d) for speed alerts
2025/07/11 16:10:12 HTTP client successfully authenticated
2025/07/11 16:10:13 Collector successfully authenticated
2025/07/11 16:10:13 Fetching speed data from: https://fms-gps.etit-eg.com/WebPages/GetSpeedData.aspx?id=46ab06c4-5fb4-e911-80ed-0025b500010d&time=6&from=Thu%2C+10+Jul+2025+00%3A00%3A00+GMT&to=Thu%2C+10+Jul+2025+23%3A59%3A00+GMT
2025/07/11 16:10:15 Found 1 speed alerts for vehicle ف ى ر 8427
2025/07/11 16:10:16 Checking vehicle ف ق ص 5138 (ID: 76eca2d6-36f4-eb11-80f8-0025b500010d) for speed alerts
2025/07/11 16:10:18 HTTP client successfully authenticated
2025/07/11 16:10:19 Collector successfully authenticated
2025/07/11 16:10:19 Fetching speed data from: https://fms-gps.etit-eg.com/WebPages/GetSpeedData.aspx?id=76eca2d6-36f4-eb11-80f8-0025b500010d&time=6&from=Thu%2C+10+Jul+2025+00%3A00%3A00+GMT&to=Thu%2C+10+Jul+2025+23%3A59%3A00+GMT
2025/07/11 16:10:21 Error checking vehicle ف ق ص 5138: error parsing speed data: unexpected end of JSON input
2025/07/11 16:10:21 Checking vehicle ف ق ص 4253 (ID: 927b57f5-6edd-eb11-80f8-0025b500010d) for speed alerts
2025/07/11 16:10:23 HTTP client successfully authenticated
2025/07/11 16:10:24 Collector successfully authenticated
2025/07/11 16:10:24 Fetching speed data from: https://fms-gps.etit-eg.com/WebPages/GetSpeedData.aspx?id=927b57f5-6edd-eb11-80f8-0025b500010d&time=6&from=Thu%2C+10+Jul+2025+00%3A00%3A00+GMT&to=Thu%2C+10+Jul+2025+23%3A59%3A00+GMT
2025/07/11 16:10:27 Checking vehicle ف ر س 4593 (ID: 5b22173f-6ba0-e811-80de-0025b500010d) for speed alerts
2025/07/11 16:10:28 HTTP client successfully authenticated
2025/07/11 16:10:29 Collector successfully authenticated
2025/07/11 16:10:29 Fetching speed data from: https://fms-gps.etit-eg.com/WebPages/GetSpeedData.aspx?id=5b22173f-6ba0-e811-80de-0025b500010d&time=6&from=Thu%2C+10+Jul+2025+00%3A00%3A00+GMT&to=Thu%2C+10+Jul+2025+23%3A59%3A00+GMT
2025/07/11 16:10:32 Found 10 speed alerts for vehicle ف ر س 4593
2025/07/11 16:10:32 Checking vehicle ف ر ص 5783 (ID: af56caf9-cf14-ea11-80ee-0025b500010d) for speed alerts
2025/07/11 16:10:34 HTTP client successfully authenticated
2025/07/11 16:10:35 Collector successfully authenticated
2025/07/11 16:10:35 Fetching speed data from: https://fms-gps.etit-eg.com/WebPages/GetSpeedData.aspx?id=af56caf9-cf14-ea11-80ee-0025b500010d&time=6&from=Thu%2C+10+Jul+2025+00%3A00%3A00+GMT&to=Thu%2C+10+Jul+2025+23%3A59%3A00+GMT
2025/07/11 16:10:37 Error checking vehicle ف ر ص 5783: error parsing speed data: unexpected end of JSON input
2025/07/11 16:10:37 Checking vehicle ف ا ن 7421 (ID: 7d1f3531-8e91-ed11-8103-0025b500010d) for speed alerts
2025/07/11 16:10:39 HTTP client successfully authenticated
2025/07/11 16:10:40 Collector successfully authenticated
2025/07/11 16:10:40 Fetching speed data from: https://fms-gps.etit-eg.com/WebPages/GetSpeedData.aspx?id=7d1f3531-8e91-ed11-8103-0025b500010d&time=6&from=Thu%2C+10+Jul+2025+00%3A00%3A00+GMT&to=Thu%2C+10+Jul+2025+23%3A59%3A00+GMT
2025/07/11 16:10:43 Checking vehicle ف ى ر 9156 (ID: 19419bf3-6aa0-e811-80de-0025b500010d) for speed alerts
2025/07/11 16:10:45 HTTP client successfully authenticated
2025/07/11 16:10:46 Collector successfully authenticated
2025/07/11 16:10:46 Fetching speed data from: https://fms-gps.etit-eg.com/WebPages/GetSpeedData.aspx?id=19419bf3-6aa0-e811-80de-0025b500010d&time=6&from=Thu%2C+10+Jul+2025+00%3A00%3A00+GMT&to=Thu%2C+10+Jul+2025+23%3A59%3A00+GMT
2025/07/11 16:10:49 Found 1 speed alerts for vehicle ف ى ر 9156
2025/07/11 16:10:49 Checking vehicle ف ج م 5917 (ID: d7e4419f-cff8-ef11-810e-0025b500010d) for speed alerts
2025/07/11 16:10:51 HTTP client successfully authenticated
2025/07/11 16:10:53 Collector successfully authenticated
2025/07/11 16:10:53 Fetching speed data from: https://fms-gps.etit-eg.com/WebPages/GetSpeedData.aspx?id=d7e4419f-cff8-ef11-810e-0025b500010d&time=6&from=Thu%2C+10+Jul+2025+00%3A00%3A00+GMT&to=Thu%2C+10+Jul+2025+23%3A59%3A00+GMT
2025/07/11 16:10:56 Checking vehicle ف د ى 6738 (ID: d23c85a1-6aa0-e811-80de-0025b500010d) for speed alerts
2025/07/11 16:10:58 HTTP client successfully authenticated
2025/07/11 16:10:59 Collector successfully authenticated
2025/07/11 16:10:59 Fetching speed data from: https://fms-gps.etit-eg.com/WebPages/GetSpeedData.aspx?id=d23c85a1-6aa0-e811-80de-0025b500010d&time=6&from=Thu%2C+10+Jul+2025+00%3A00%3A00+GMT&to=Thu%2C+10+Jul+2025+23%3A59%3A00+GMT
2025/07/11 16:11:02 Error checking vehicle ف د ى 6738: error parsing speed data: unexpected end of JSON input
2025/07/11 16:11:02 Checking vehicle ف م س 9247 (ID: 8a77baf4-5fb4-e911-80ed-0025b500010d) for speed alerts
2025/07/11 16:11:03 HTTP client successfully authenticated
2025/07/11 16:11:05 Collector successfully authenticated
2025/07/11 16:11:05 Fetching speed data from: https://fms-gps.etit-eg.com/WebPages/GetSpeedData.aspx?id=8a77baf4-5fb4-e911-80ed-0025b500010d&time=6&from=Thu%2C+10+Jul+2025+00%3A00%3A00+GMT&to=Thu%2C+10+Jul+2025+23%3A59%3A00+GMT
2025/07/11 16:11:08 Checking vehicle ف د ى 6584 (ID: 98a0fe16-6ba0-e811-80de-0025b500010d) for speed alerts
2025/07/11 16:11:09 HTTP client successfully authenticated
2025/07/11 16:11:10 Collector successfully authenticated
2025/07/11 16:11:10 Fetching speed data from: https://fms-gps.etit-eg.com/WebPages/GetSpeedData.aspx?id=98a0fe16-6ba0-e811-80de-0025b500010d&time=6&from=Thu%2C+10+Jul+2025+00%3A00%3A00+GMT&to=Thu%2C+10+Jul+2025+23%3A59%3A00+GMT
2025/07/11 16:11:13 Checking vehicle ف ع ص 4381 (ID: cd482774-6ba0-e811-80de-0025b500010d) for speed alerts
2025/07/11 16:11:15 HTTP client successfully authenticated
2025/07/11 16:11:16 Collector successfully authenticated
2025/07/11 16:11:16 Fetching speed data from: https://fms-gps.etit-eg.com/WebPages/GetSpeedData.aspx?id=cd482774-6ba0-e811-80de-0025b500010d&time=6&from=Thu%2C+10+Jul+2025+00%3A00%3A00+GMT&to=Thu%2C+10+Jul+2025+23%3A59%3A00+GMT
2025/07/11 16:11:19 Checking vehicle ف أ ن 5139 (ID: 2782a30d-0143-ed11-8100-0025b500010d) for speed alerts
2025/07/11 16:11:20 HTTP client successfully authenticated
2025/07/11 16:11:22 Collector successfully authenticated
2025/07/11 16:11:22 Fetching speed data from: https://fms-gps.etit-eg.com/WebPages/GetSpeedData.aspx?id=2782a30d-0143-ed11-8100-0025b500010d&time=6&from=Thu%2C+10+Jul+2025+00%3A00%3A00+GMT&to=Thu%2C+10+Jul+2025+23%3A59%3A00+GMT
2025/07/11 16:11:24 Found 2 speed alerts for vehicle ف أ ن 5139
2025/07/11 16:11:24 Checking vehicle ف ر ص 6359 (ID: ca53d5de-cf14-ea11-80ee-0025b500010d) for speed alerts
2025/07/11 16:11:26 HTTP client successfully authenticated
2025/07/11 16:11:27 Collector successfully authenticated
2025/07/11 16:11:27 Fetching speed data from: https://fms-gps.etit-eg.com/WebPages/GetSpeedData.aspx?id=ca53d5de-cf14-ea11-80ee-0025b500010d&time=6&from=Thu%2C+10+Jul+2025+00%3A00%3A00+GMT&to=Thu%2C+10+Jul+2025+23%3A59%3A00+GMT
2025/07/11 16:11:29 Found 16 speed alerts for vehicle ف ر ص 6359
2025/07/11 16:11:30 Checking vehicle ف ر ص 8461 (ID: 19cdd2ad-aaba-ea11-80f4-0025b500010d) for speed alerts
2025/07/11 16:11:31 HTTP client successfully authenticated
2025/07/11 16:11:33 Collector successfully authenticated
2025/07/11 16:11:33 Fetching speed data from: https://fms-gps.etit-eg.com/WebPages/GetSpeedData.aspx?id=19cdd2ad-aaba-ea11-80f4-0025b500010d&time=6&from=Thu%2C+10+Jul+2025+00%3A00%3A00+GMT&to=Thu%2C+10+Jul+2025+23%3A59%3A00+GMT
2025/07/11 16:11:36 Found 2 speed alerts for vehicle ف ر ص 8461
2025/07/11 16:11:36 Checking vehicle ف د ى 6834 (ID: edddb58e-aaba-ea11-80f4-0025b500010d) for speed alerts
2025/07/11 16:11:38 HTTP client successfully authenticated
2025/07/11 16:11:39 Collector successfully authenticated
2025/07/11 16:11:39 Fetching speed data from: https://fms-gps.etit-eg.com/WebPages/GetSpeedData.aspx?id=edddb58e-aaba-ea11-80f4-0025b500010d&time=6&from=Thu%2C+10+Jul+2025+00%3A00%3A00+GMT&to=Thu%2C+10+Jul+2025+23%3A59%3A00+GMT
2025/07/11 16:11:41 Found 1 speed alerts for vehicle ف د ى 6834
2025/07/11 16:11:42 Checking vehicle ف ج م 5918 (ID: 524e35bb-cff8-ef11-810e-0025b500010d) for speed alerts
2025/07/11 16:11:44 HTTP client successfully authenticated
2025/07/11 16:11:45 Collector successfully authenticated
2025/07/11 16:11:45 Fetching speed data from: https://fms-gps.etit-eg.com/WebPages/GetSpeedData.aspx?id=524e35bb-cff8-ef11-810e-0025b500010d&time=6&from=Thu%2C+10+Jul+2025+00%3A00%3A00+GMT&to=Thu%2C+10+Jul+2025+23%3A59%3A00+GMT
2025/07/11 16:11:48 UNIQUE constraint failed: speed_alerts.hash
2025/07/11 16:11:48 Successfully completed speed check
2025/07/11 16:11:48 Speed violations found! Check the generated report file.
