2025/04/24 04:07:01 HTTP client successfully authenticated
2025/04/24 04:07:02 Collector successfully authenticated
2025/04/24 04:07:02 Checking vehicle ف د ى 6738 (ID: d23c85a1-6aa0-e811-80de-0025b500010d) for speed alerts
2025/04/24 04:07:02 HTTP client successfully authenticated
2025/04/24 04:07:03 Collector successfully authenticated
2025/04/24 04:07:03 Fetching speed data from: https://fms-gps.etit-eg.com/WebPages/GetSpeedData.aspx?id=d23c85a1-6aa0-e811-80de-0025b500010d&time=6&from=Wed%252C%2B23%2BApr%2B2025%2B00%253A00%253A00%2BGMT&to=Wed%252C%2B23%2BApr%2B2025%2B23%253A59%253A00%2BGMT
2025/04/24 04:07:06 Error checking vehicle ف د ى 6738: error parsing speed data: invalid character '<' looking for beginning of value
2025/04/24 04:07:06 Checking vehicle ف م س 9247 (ID: 8a77baf4-5fb4-e911-80ed-0025b500010d) for speed alerts
2025/04/24 04:07:07 HTTP client successfully authenticated
2025/04/24 04:07:07 Collector successfully authenticated
2025/04/24 04:07:07 Fetching speed data from: https://fms-gps.etit-eg.com/WebPages/GetSpeedData.aspx?id=8a77baf4-5fb4-e911-80ed-0025b500010d&time=6&from=Wed%252C%2B23%2BApr%2B2025%2B00%253A00%253A00%2BGMT&to=Wed%252C%2B23%2BApr%2B2025%2B23%253A59%253A00%2BGMT
2025/04/24 04:07:09 Error checking vehicle ف م س 9247: error parsing speed data: invalid character '<' looking for beginning of value
2025/04/24 04:07:09 Checking vehicle ف د ى 6584 (ID: 98a0fe16-6ba0-e811-80de-0025b500010d) for speed alerts
2025/04/24 04:07:10 HTTP client successfully authenticated
2025/04/24 04:07:11 Collector successfully authenticated
2025/04/24 04:07:11 Fetching speed data from: https://fms-gps.etit-eg.com/WebPages/GetSpeedData.aspx?id=98a0fe16-6ba0-e811-80de-0025b500010d&time=6&from=Wed%252C%2B23%2BApr%2B2025%2B00%253A00%253A00%2BGMT&to=Wed%252C%2B23%2BApr%2B2025%2B23%253A59%253A00%2BGMT
2025/04/24 04:07:13 Error checking vehicle ف د ى 6584: error parsing speed data: invalid character '<' looking for beginning of value
2025/04/24 04:07:13 Checking vehicle ف ع ص 4381 (ID: cd482774-6ba0-e811-80de-0025b500010d) for speed alerts
2025/04/24 04:07:14 HTTP client successfully authenticated
2025/04/24 04:07:15 Collector successfully authenticated
2025/04/24 04:07:15 Fetching speed data from: https://fms-gps.etit-eg.com/WebPages/GetSpeedData.aspx?id=cd482774-6ba0-e811-80de-0025b500010d&time=6&from=Wed%252C%2B23%2BApr%2B2025%2B00%253A00%253A00%2BGMT&to=Wed%252C%2B23%2BApr%2B2025%2B23%253A59%253A00%2BGMT
2025/04/24 04:07:17 Error checking vehicle ف ع ص 4381: error parsing speed data: invalid character '<' looking for beginning of value
2025/04/24 04:07:17 Checking vehicle ف أ ن 5139 (ID: 2782a30d-0143-ed11-8100-0025b500010d) for speed alerts
2025/04/24 04:07:18 HTTP client successfully authenticated
2025/04/24 04:07:18 Collector successfully authenticated
2025/04/24 04:07:18 Fetching speed data from: https://fms-gps.etit-eg.com/WebPages/GetSpeedData.aspx?id=2782a30d-0143-ed11-8100-0025b500010d&time=6&from=Wed%252C%2B23%2BApr%2B2025%2B00%253A00%253A00%2BGMT&to=Wed%252C%2B23%2BApr%2B2025%2B23%253A59%253A00%2BGMT
2025/04/24 04:07:20 Error checking vehicle ف أ ن 5139: error parsing speed data: invalid character '<' looking for beginning of value
2025/04/24 04:07:20 Checking vehicle ف ر ص 6359 (ID: ca53d5de-cf14-ea11-80ee-0025b500010d) for speed alerts
2025/04/24 04:07:21 HTTP client successfully authenticated
2025/04/24 04:07:22 Collector successfully authenticated
2025/04/24 04:07:22 Fetching speed data from: https://fms-gps.etit-eg.com/WebPages/GetSpeedData.aspx?id=ca53d5de-cf14-ea11-80ee-0025b500010d&time=6&from=Wed%252C%2B23%2BApr%2B2025%2B00%253A00%253A00%2BGMT&to=Wed%252C%2B23%2BApr%2B2025%2B23%253A59%253A00%2BGMT
2025/04/24 04:07:24 Error checking vehicle ف ر ص 6359: error parsing speed data: invalid character '<' looking for beginning of value
2025/04/24 04:07:24 Checking vehicle ف ر ص 8461 (ID: 19cdd2ad-aaba-ea11-80f4-0025b500010d) for speed alerts
2025/04/24 04:07:25 HTTP client successfully authenticated
2025/04/24 04:07:25 Collector successfully authenticated
2025/04/24 04:07:25 Fetching speed data from: https://fms-gps.etit-eg.com/WebPages/GetSpeedData.aspx?id=19cdd2ad-aaba-ea11-80f4-0025b500010d&time=6&from=Wed%252C%2B23%2BApr%2B2025%2B00%253A00%253A00%2BGMT&to=Wed%252C%2B23%2BApr%2B2025%2B23%253A59%253A00%2BGMT
2025/04/24 04:07:27 Error checking vehicle ف ر ص 8461: error parsing speed data: invalid character '<' looking for beginning of value
2025/04/24 04:07:27 Checking vehicle ف د ى 6834 (ID: edddb58e-aaba-ea11-80f4-0025b500010d) for speed alerts
2025/04/24 04:07:28 HTTP client successfully authenticated
2025/04/24 04:07:28 Collector successfully authenticated
2025/04/24 04:07:28 Fetching speed data from: https://fms-gps.etit-eg.com/WebPages/GetSpeedData.aspx?id=edddb58e-aaba-ea11-80f4-0025b500010d&time=6&from=Wed%252C%2B23%2BApr%2B2025%2B00%253A00%253A00%2BGMT&to=Wed%252C%2B23%2BApr%2B2025%2B23%253A59%253A00%2BGMT
2025/04/24 04:07:30 Error checking vehicle ف د ى 6834: error parsing speed data: invalid character '<' looking for beginning of value
2025/04/24 04:07:30 Checking vehicle ف ج م 5918 (ID: 524e35bb-cff8-ef11-810e-0025b500010d) for speed alerts
2025/04/24 04:07:31 HTTP client successfully authenticated
2025/04/24 04:07:31 Collector successfully authenticated
2025/04/24 04:07:31 Fetching speed data from: https://fms-gps.etit-eg.com/WebPages/GetSpeedData.aspx?id=524e35bb-cff8-ef11-810e-0025b500010d&time=6&from=Wed%252C%2B23%2BApr%2B2025%2B00%253A00%253A00%2BGMT&to=Wed%252C%2B23%2BApr%2B2025%2B23%253A59%253A00%2BGMT
