2025/04/24 03:43:29 HTTP client successfully authenticated
2025/04/24 03:43:29 Collector successfully authenticated
2025/04/24 03:43:29 Checking vehicle ف د ى 6738 (ID: d23c85a1-6aa0-e811-80de-0025b500010d) for speed alerts
2025/04/24 03:43:31 HTTP client successfully authenticated
2025/04/24 03:43:31 Collector successfully authenticated
2025/04/24 03:43:31 Fetching speed data from: https://fms-gps.etit-eg.com/WebPages/GetSpeedData.aspx?id=d23c85a1-6aa0-e811-80de-0025b500010d&time=6&from=Wed, 23 Apr 2025 00:00:00 GMT&to=Wed, 23 Apr 2025 23:59:00 GMT
2025/04/24 03:43:31 Error checking vehicle ف د ى 6738: error parsing speed data: invalid character '<' looking for beginning of value
2025/04/24 03:43:31 Checking vehicle ف م س 9247 (ID: 8a77baf4-5fb4-e911-80ed-0025b500010d) for speed alerts
2025/04/24 03:43:32 HTTP client successfully authenticated
2025/04/24 03:43:33 Collector successfully authenticated
2025/04/24 03:43:33 Fetching speed data from: https://fms-gps.etit-eg.com/WebPages/GetSpeedData.aspx?id=8a77baf4-5fb4-e911-80ed-0025b500010d&time=6&from=Wed, 23 Apr 2025 00:00:00 GMT&to=Wed, 23 Apr 2025 23:59:00 GMT
2025/04/24 03:43:33 Error checking vehicle ف م س 9247: error parsing speed data: invalid character '<' looking for beginning of value
2025/04/24 03:43:33 Checking vehicle ف د ى 6584 (ID: 98a0fe16-6ba0-e811-80de-0025b500010d) for speed alerts
2025/04/24 03:43:34 HTTP client successfully authenticated
2025/04/24 03:43:35 Collector successfully authenticated
2025/04/24 03:43:35 Fetching speed data from: https://fms-gps.etit-eg.com/WebPages/GetSpeedData.aspx?id=98a0fe16-6ba0-e811-80de-0025b500010d&time=6&from=Wed, 23 Apr 2025 00:00:00 GMT&to=Wed, 23 Apr 2025 23:59:00 GMT
2025/04/24 03:43:35 Error checking vehicle ف د ى 6584: error parsing speed data: invalid character '<' looking for beginning of value
2025/04/24 03:43:35 Checking vehicle ف ع ص 4381 (ID: cd482774-6ba0-e811-80de-0025b500010d) for speed alerts
2025/04/24 03:43:36 HTTP client successfully authenticated
2025/04/24 03:43:37 Collector successfully authenticated
2025/04/24 03:43:37 Fetching speed data from: https://fms-gps.etit-eg.com/WebPages/GetSpeedData.aspx?id=cd482774-6ba0-e811-80de-0025b500010d&time=6&from=Wed, 23 Apr 2025 00:00:00 GMT&to=Wed, 23 Apr 2025 23:59:00 GMT
2025/04/24 03:43:37 Error checking vehicle ف ع ص 4381: error parsing speed data: invalid character '<' looking for beginning of value
2025/04/24 03:43:37 Checking vehicle ف أ ن 5139 (ID: 2782a30d-0143-ed11-8100-0025b500010d) for speed alerts
2025/04/24 03:43:39 HTTP client successfully authenticated
2025/04/24 03:43:39 Collector successfully authenticated
2025/04/24 03:43:39 Fetching speed data from: https://fms-gps.etit-eg.com/WebPages/GetSpeedData.aspx?id=2782a30d-0143-ed11-8100-0025b500010d&time=6&from=Wed, 23 Apr 2025 00:00:00 GMT&to=Wed, 23 Apr 2025 23:59:00 GMT
2025/04/24 03:43:39 Error checking vehicle ف أ ن 5139: error parsing speed data: invalid character '<' looking for beginning of value
2025/04/24 03:43:39 Checking vehicle ف ر ص 6359 (ID: ca53d5de-cf14-ea11-80ee-0025b500010d) for speed alerts
2025/04/24 03:43:40 HTTP client successfully authenticated
2025/04/24 03:43:41 Collector successfully authenticated
2025/04/24 03:43:41 Fetching speed data from: https://fms-gps.etit-eg.com/WebPages/GetSpeedData.aspx?id=ca53d5de-cf14-ea11-80ee-0025b500010d&time=6&from=Wed, 23 Apr 2025 00:00:00 GMT&to=Wed, 23 Apr 2025 23:59:00 GMT
2025/04/24 03:43:41 Error checking vehicle ف ر ص 6359: error parsing speed data: invalid character '<' looking for beginning of value
2025/04/24 03:43:41 Checking vehicle ف ر ص 8461 (ID: 19cdd2ad-aaba-ea11-80f4-0025b500010d) for speed alerts
2025/04/24 03:43:42 HTTP client successfully authenticated
2025/04/24 03:43:43 Collector successfully authenticated
2025/04/24 03:43:43 Fetching speed data from: https://fms-gps.etit-eg.com/WebPages/GetSpeedData.aspx?id=19cdd2ad-aaba-ea11-80f4-0025b500010d&time=6&from=Wed, 23 Apr 2025 00:00:00 GMT&to=Wed, 23 Apr 2025 23:59:00 GMT
2025/04/24 03:43:43 Error checking vehicle ف ر ص 8461: error parsing speed data: invalid character '<' looking for beginning of value
2025/04/24 03:43:43 Checking vehicle ف د ى 6834 (ID: edddb58e-aaba-ea11-80f4-0025b500010d) for speed alerts
2025/04/24 03:43:44 HTTP client successfully authenticated
2025/04/24 03:43:45 Collector successfully authenticated
2025/04/24 03:43:45 Fetching speed data from: https://fms-gps.etit-eg.com/WebPages/GetSpeedData.aspx?id=edddb58e-aaba-ea11-80f4-0025b500010d&time=6&from=Wed, 23 Apr 2025 00:00:00 GMT&to=Wed, 23 Apr 2025 23:59:00 GMT
2025/04/24 03:43:45 Error checking vehicle ف د ى 6834: error parsing speed data: invalid character '<' looking for beginning of value
2025/04/24 03:43:45 Checking vehicle ف ج م 5918 (ID: 524e35bb-cff8-ef11-810e-0025b500010d) for speed alerts
2025/04/24 03:43:46 HTTP client successfully authenticated
2025/04/24 03:43:47 Collector successfully authenticated
2025/04/24 03:43:47 Fetching speed data from: https://fms-gps.etit-eg.com/WebPages/GetSpeedData.aspx?id=524e35bb-cff8-ef11-810e-0025b500010d&time=6&from=Wed, 23 Apr 2025 00:00:00 GMT&to=Wed, 23 Apr 2025 23:59:00 GMT
2025/04/24 03:43:47 Error checking vehicle ف ج م 5918: error parsing speed data: invalid character '<' looking for beginning of value
2025/04/24 03:43:47 Checking vehicle ف ى ر 8427 (ID: 46ab06c4-5fb4-e911-80ed-0025b500010d) for speed alerts
2025/04/24 03:43:48 HTTP client successfully authenticated
2025/04/24 03:43:49 Collector successfully authenticated
2025/04/24 03:43:49 Fetching speed data from: https://fms-gps.etit-eg.com/WebPages/GetSpeedData.aspx?id=46ab06c4-5fb4-e911-80ed-0025b500010d&time=6&from=Wed, 23 Apr 2025 00:00:00 GMT&to=Wed, 23 Apr 2025 23:59:00 GMT
2025/04/24 03:43:49 Error checking vehicle ف ى ر 8427: error parsing speed data: invalid character '<' looking for beginning of value
2025/04/24 03:43:49 Checking vehicle ف ق ص 5138 (ID: 76eca2d6-36f4-eb11-80f8-0025b500010d) for speed alerts
2025/04/24 03:43:50 HTTP client successfully authenticated
2025/04/24 03:43:51 Collector successfully authenticated
2025/04/24 03:43:51 Fetching speed data from: https://fms-gps.etit-eg.com/WebPages/GetSpeedData.aspx?id=76eca2d6-36f4-eb11-80f8-0025b500010d&time=6&from=Wed, 23 Apr 2025 00:00:00 GMT&to=Wed, 23 Apr 2025 23:59:00 GMT
2025/04/24 03:43:51 Error checking vehicle ف ق ص 5138: error parsing speed data: invalid character '<' looking for beginning of value
2025/04/24 03:43:51 Checking vehicle ف ق ص 4253 (ID: 927b57f5-6edd-eb11-80f8-0025b500010d) for speed alerts
