2025/04/24 03:40:06 HTTP client successfully authenticated
2025/04/24 03:40:07 Collector successfully authenticated
2025/04/24 03:40:07 Checking vehicle ف د ى 6738 (ID: d23c85a1-6aa0-e811-80de-0025b500010d) for speed alerts
2025/04/24 03:40:08 HTTP client successfully authenticated
2025/04/24 03:40:08 Collector successfully authenticated
2025/04/24 03:40:08 Fetching speed data from: https://fms-gps.etit-eg.com/WebPages/GetSpeedData.aspx?id=d23c85a1-6aa0-e811-80de-0025b500010d&time=6&from=Wed, 23 Apr 2025 00:00:00 GMT&to=Wed, 23 Apr 2025 23:59:00 GMT
2025/04/24 03:40:09 Error checking vehicle ف د ى 6738: error parsing speed data: invalid character '<' looking for beginning of value
2025/04/24 03:40:09 Checking vehicle ف م س 9247 (ID: 8a77baf4-5fb4-e911-80ed-0025b500010d) for speed alerts
2025/04/24 03:40:10 HTTP client successfully authenticated
2025/04/24 03:40:10 Collector successfully authenticated
2025/04/24 03:40:10 Fetching speed data from: https://fms-gps.etit-eg.com/WebPages/GetSpeedData.aspx?id=8a77baf4-5fb4-e911-80ed-0025b500010d&time=6&from=Wed, 23 Apr 2025 00:00:00 GMT&to=Wed, 23 Apr 2025 23:59:00 GMT
2025/04/24 03:40:10 Error checking vehicle ف م س 9247: error parsing speed data: invalid character '<' looking for beginning of value
2025/04/24 03:40:10 Checking vehicle ف د ى 6584 (ID: 98a0fe16-6ba0-e811-80de-0025b500010d) for speed alerts
2025/04/24 03:40:11 HTTP client successfully authenticated
2025/04/24 03:40:12 Collector successfully authenticated
2025/04/24 03:40:12 Fetching speed data from: https://fms-gps.etit-eg.com/WebPages/GetSpeedData.aspx?id=98a0fe16-6ba0-e811-80de-0025b500010d&time=6&from=Wed, 23 Apr 2025 00:00:00 GMT&to=Wed, 23 Apr 2025 23:59:00 GMT
2025/04/24 03:40:12 Error checking vehicle ف د ى 6584: error parsing speed data: invalid character '<' looking for beginning of value
2025/04/24 03:40:12 Checking vehicle ف ع ص 4381 (ID: cd482774-6ba0-e811-80de-0025b500010d) for speed alerts
2025/04/24 03:40:13 HTTP client successfully authenticated
2025/04/24 03:40:14 Collector successfully authenticated
2025/04/24 03:40:14 Fetching speed data from: https://fms-gps.etit-eg.com/WebPages/GetSpeedData.aspx?id=cd482774-6ba0-e811-80de-0025b500010d&time=6&from=Wed, 23 Apr 2025 00:00:00 GMT&to=Wed, 23 Apr 2025 23:59:00 GMT
2025/04/24 03:40:14 Error checking vehicle ف ع ص 4381: error parsing speed data: invalid character '<' looking for beginning of value
2025/04/24 03:40:14 Checking vehicle ف أ ن 5139 (ID: 2782a30d-0143-ed11-8100-0025b500010d) for speed alerts
2025/04/24 03:40:15 HTTP client successfully authenticated
2025/04/24 03:40:16 Collector successfully authenticated
2025/04/24 03:40:16 Fetching speed data from: https://fms-gps.etit-eg.com/WebPages/GetSpeedData.aspx?id=2782a30d-0143-ed11-8100-0025b500010d&time=6&from=Wed, 23 Apr 2025 00:00:00 GMT&to=Wed, 23 Apr 2025 23:59:00 GMT
2025/04/24 03:40:16 Error checking vehicle ف أ ن 5139: error parsing speed data: invalid character '<' looking for beginning of value
2025/04/24 03:40:16 Checking vehicle ف ر ص 6359 (ID: ca53d5de-cf14-ea11-80ee-0025b500010d) for speed alerts
2025/04/24 03:40:17 HTTP client successfully authenticated
2025/04/24 03:40:18 Collector successfully authenticated
2025/04/24 03:40:18 Fetching speed data from: https://fms-gps.etit-eg.com/WebPages/GetSpeedData.aspx?id=ca53d5de-cf14-ea11-80ee-0025b500010d&time=6&from=Wed, 23 Apr 2025 00:00:00 GMT&to=Wed, 23 Apr 2025 23:59:00 GMT
2025/04/24 03:40:18 Error checking vehicle ف ر ص 6359: error parsing speed data: invalid character '<' looking for beginning of value
2025/04/24 03:40:18 Checking vehicle ف ر ص 8461 (ID: 19cdd2ad-aaba-ea11-80f4-0025b500010d) for speed alerts
2025/04/24 03:40:19 HTTP client successfully authenticated
2025/04/24 03:40:20 Collector successfully authenticated
2025/04/24 03:40:20 Fetching speed data from: https://fms-gps.etit-eg.com/WebPages/GetSpeedData.aspx?id=19cdd2ad-aaba-ea11-80f4-0025b500010d&time=6&from=Wed, 23 Apr 2025 00:00:00 GMT&to=Wed, 23 Apr 2025 23:59:00 GMT
2025/04/24 03:40:20 Error checking vehicle ف ر ص 8461: error parsing speed data: invalid character '<' looking for beginning of value
2025/04/24 03:40:20 Checking vehicle ف د ى 6834 (ID: edddb58e-aaba-ea11-80f4-0025b500010d) for speed alerts
2025/04/24 03:40:21 HTTP client successfully authenticated
2025/04/24 03:40:22 Collector successfully authenticated
2025/04/24 03:40:22 Fetching speed data from: https://fms-gps.etit-eg.com/WebPages/GetSpeedData.aspx?id=edddb58e-aaba-ea11-80f4-0025b500010d&time=6&from=Wed, 23 Apr 2025 00:00:00 GMT&to=Wed, 23 Apr 2025 23:59:00 GMT
2025/04/24 03:40:22 Error checking vehicle ف د ى 6834: error parsing speed data: invalid character '<' looking for beginning of value
2025/04/24 03:40:22 Checking vehicle ف ج م 5918 (ID: 524e35bb-cff8-ef11-810e-0025b500010d) for speed alerts
2025/04/24 03:40:23 HTTP client successfully authenticated
2025/04/24 03:40:23 Collector successfully authenticated
2025/04/24 03:40:23 Fetching speed data from: https://fms-gps.etit-eg.com/WebPages/GetSpeedData.aspx?id=524e35bb-cff8-ef11-810e-0025b500010d&time=6&from=Wed, 23 Apr 2025 00:00:00 GMT&to=Wed, 23 Apr 2025 23:59:00 GMT
2025/04/24 03:40:23 Error checking vehicle ف ج م 5918: error parsing speed data: invalid character '<' looking for beginning of value
2025/04/24 03:40:23 Checking vehicle ف ى ر 8427 (ID: 46ab06c4-5fb4-e911-80ed-0025b500010d) for speed alerts
2025/04/24 03:40:25 HTTP client successfully authenticated
2025/04/24 03:40:25 Collector successfully authenticated
2025/04/24 03:40:25 Fetching speed data from: https://fms-gps.etit-eg.com/WebPages/GetSpeedData.aspx?id=46ab06c4-5fb4-e911-80ed-0025b500010d&time=6&from=Wed, 23 Apr 2025 00:00:00 GMT&to=Wed, 23 Apr 2025 23:59:00 GMT
2025/04/24 03:40:25 Error checking vehicle ف ى ر 8427: error parsing speed data: invalid character '<' looking for beginning of value
2025/04/24 03:40:25 Checking vehicle ف ق ص 5138 (ID: 76eca2d6-36f4-eb11-80f8-0025b500010d) for speed alerts
2025/04/24 03:40:27 HTTP client successfully authenticated
2025/04/24 03:40:27 Collector successfully authenticated
2025/04/24 03:40:27 Fetching speed data from: https://fms-gps.etit-eg.com/WebPages/GetSpeedData.aspx?id=76eca2d6-36f4-eb11-80f8-0025b500010d&time=6&from=Wed, 23 Apr 2025 00:00:00 GMT&to=Wed, 23 Apr 2025 23:59:00 GMT
2025/04/24 03:40:27 Error checking vehicle ف ق ص 5138: error parsing speed data: invalid character '<' looking for beginning of value
2025/04/24 03:40:27 Checking vehicle ف ق ص 4253 (ID: 927b57f5-6edd-eb11-80f8-0025b500010d) for speed alerts
2025/04/24 03:40:28 HTTP client successfully authenticated
2025/04/24 03:40:29 Collector successfully authenticated
2025/04/24 03:40:29 Fetching speed data from: https://fms-gps.etit-eg.com/WebPages/GetSpeedData.aspx?id=927b57f5-6edd-eb11-80f8-0025b500010d&time=6&from=Wed, 23 Apr 2025 00:00:00 GMT&to=Wed, 23 Apr 2025 23:59:00 GMT
2025/04/24 03:40:29 Error checking vehicle ف ق ص 4253: error parsing speed data: invalid character '<' looking for beginning of value
2025/04/24 03:40:29 Checking vehicle ف ر س 4593 (ID: 5b22173f-6ba0-e811-80de-0025b500010d) for speed alerts
2025/04/24 03:40:30 HTTP client successfully authenticated
2025/04/24 03:40:31 Collector successfully authenticated
2025/04/24 03:40:31 Fetching speed data from: https://fms-gps.etit-eg.com/WebPages/GetSpeedData.aspx?id=5b22173f-6ba0-e811-80de-0025b500010d&time=6&from=Wed, 23 Apr 2025 00:00:00 GMT&to=Wed, 23 Apr 2025 23:59:00 GMT
2025/04/24 03:40:31 Error checking vehicle ف ر س 4593: error parsing speed data: invalid character '<' looking for beginning of value
2025/04/24 03:40:31 Checking vehicle ف ر ص 5783 (ID: af56caf9-cf14-ea11-80ee-0025b500010d) for speed alerts
2025/04/24 03:40:32 Received shutdown signal
2025/04/24 03:40:32 Speed check scheduler stopped
2025/04/24 03:40:32 Application stopped gracefully
2025/04/24 03:40:32 HTTP client successfully authenticated
2025/04/24 03:40:33 Collector successfully authenticated
2025/04/24 03:40:33 Fetching speed data from: https://fms-gps.etit-eg.com/WebPages/GetSpeedData.aspx?id=af56caf9-cf14-ea11-80ee-0025b500010d&time=6&from=Wed, 23 Apr 2025 00:00:00 GMT&to=Wed, 23 Apr 2025 23:59:00 GMT
2025/04/24 03:40:33 Error checking vehicle ف ر ص 5783: error parsing speed data: invalid character '<' looking for beginning of value
2025/04/24 03:40:33 Checking vehicle ف ا ن 7421 (ID: 7d1f3531-8e91-ed11-8103-0025b500010d) for speed alerts
2025/04/24 03:40:34 HTTP client successfully authenticated
2025/04/24 03:40:35 Collector successfully authenticated
2025/04/24 03:40:35 Fetching speed data from: https://fms-gps.etit-eg.com/WebPages/GetSpeedData.aspx?id=7d1f3531-8e91-ed11-8103-0025b500010d&time=6&from=Wed, 23 Apr 2025 00:00:00 GMT&to=Wed, 23 Apr 2025 23:59:00 GMT
2025/04/24 03:40:35 Error checking vehicle ف ا ن 7421: error parsing speed data: invalid character '<' looking for beginning of value
2025/04/24 03:40:35 Checking vehicle ف ى ر 9156 (ID: 19419bf3-6aa0-e811-80de-0025b500010d) for speed alerts
2025/04/24 03:40:36 HTTP client successfully authenticated
2025/04/24 03:40:37 Collector successfully authenticated
2025/04/24 03:40:37 Fetching speed data from: https://fms-gps.etit-eg.com/WebPages/GetSpeedData.aspx?id=19419bf3-6aa0-e811-80de-0025b500010d&time=6&from=Wed, 23 Apr 2025 00:00:00 GMT&to=Wed, 23 Apr 2025 23:59:00 GMT
2025/04/24 03:40:37 Error checking vehicle ف ى ر 9156: error parsing speed data: invalid character '<' looking for beginning of value
2025/04/24 03:40:37 Checking vehicle ف ج م 5917 (ID: d7e4419f-cff8-ef11-810e-0025b500010d) for speed alerts
2025/04/24 03:40:38 HTTP client successfully authenticated
2025/04/24 03:40:38 Collector successfully authenticated
2025/04/24 03:40:38 Fetching speed data from: https://fms-gps.etit-eg.com/WebPages/GetSpeedData.aspx?id=d7e4419f-cff8-ef11-810e-0025b500010d&time=6&from=Wed, 23 Apr 2025 00:00:00 GMT&to=Wed, 23 Apr 2025 23:59:00 GMT
2025/04/24 03:40:38 Error checking vehicle ف ج م 5917: error parsing speed data: invalid character '<' looking for beginning of value
2025/04/24 03:40:39 Successfully completed speed check
2025/04/24 03:40:39 Speed violations found! Check the generated report file.
