2025/07/11 14:01:01 HTTP client successfully authenticated
2025/07/11 14:01:01 HTTP client successfully authenticated
2025/07/11 14:01:02 Collector successfully authenticated
2025/07/11 14:01:02 Checking vehicle ف ج م 8567 (ID: 0ed629a4-5a5d-f011-8113-0025b500010d) for speed alerts
2025/07/11 14:01:02 Collector successfully authenticated
2025/07/11 14:01:02 Checking vehicle ف ج م 8567 (ID: 0ed629a4-5a5d-f011-8113-0025b500010d) for speed alerts
2025/07/11 14:01:04 HTTP client successfully authenticated
2025/07/11 14:01:04 HTTP client successfully authenticated
2025/07/11 14:01:05 Collector successfully authenticated
2025/07/11 14:01:05 Fetching speed data from: https://fms-gps.etit-eg.com/WebPages/GetSpeedData.aspx?id=0ed629a4-5a5d-f011-8113-0025b500010d&time=6&from=Thu%2C+10+Jul+2025+00%3A00%3A00+GMT&to=Thu%2C+10+Jul+2025+23%3A59%3A00+GMT
2025/07/11 14:01:05 Collector successfully authenticated
2025/07/11 14:01:05 Fetching speed data from: https://fms-gps.etit-eg.com/WebPages/GetSpeedData.aspx?id=0ed629a4-5a5d-f011-8113-0025b500010d&time=6&from=Thu%2C+10+Jul+2025+00%3A00%3A00+GMT&to=Thu%2C+10+Jul+2025+23%3A59%3A00+GMT
2025/07/11 14:01:07 Error checking vehicle ف ج م 8567: error parsing speed data: invalid character 'p' looking for beginning of object key string
2025/07/11 14:01:07 Checking vehicle ف ى ر 8427 (ID: 46ab06c4-5fb4-e911-80ed-0025b500010d) for speed alerts
2025/07/11 14:01:07 Error checking vehicle ف ج م 8567: error parsing speed data: invalid character 'p' looking for beginning of object key string
2025/07/11 14:01:07 Checking vehicle ف ى ر 8427 (ID: 46ab06c4-5fb4-e911-80ed-0025b500010d) for speed alerts
2025/07/11 14:01:08 HTTP client successfully authenticated
2025/07/11 14:01:09 HTTP client successfully authenticated
2025/07/11 14:01:10 Collector successfully authenticated
2025/07/11 14:01:10 Fetching speed data from: https://fms-gps.etit-eg.com/WebPages/GetSpeedData.aspx?id=46ab06c4-5fb4-e911-80ed-0025b500010d&time=6&from=Thu%2C+10+Jul+2025+00%3A00%3A00+GMT&to=Thu%2C+10+Jul+2025+23%3A59%3A00+GMT
2025/07/11 14:01:10 Collector successfully authenticated
2025/07/11 14:01:10 Fetching speed data from: https://fms-gps.etit-eg.com/WebPages/GetSpeedData.aspx?id=46ab06c4-5fb4-e911-80ed-0025b500010d&time=6&from=Thu%2C+10+Jul+2025+00%3A00%3A00+GMT&to=Thu%2C+10+Jul+2025+23%3A59%3A00+GMT
2025/07/11 14:01:12 Error checking vehicle ف ى ر 8427: error parsing speed data: invalid character 'p' looking for beginning of object key string
2025/07/11 14:01:12 Checking vehicle ف ق ص 5138 (ID: 76eca2d6-36f4-eb11-80f8-0025b500010d) for speed alerts
2025/07/11 14:01:12 Error checking vehicle ف ى ر 8427: error parsing speed data: invalid character 'p' looking for beginning of object key string
2025/07/11 14:01:12 Checking vehicle ف ق ص 5138 (ID: 76eca2d6-36f4-eb11-80f8-0025b500010d) for speed alerts
2025/07/11 14:01:14 HTTP client successfully authenticated
2025/07/11 14:01:14 HTTP client successfully authenticated
2025/07/11 14:01:15 Collector successfully authenticated
2025/07/11 14:01:15 Fetching speed data from: https://fms-gps.etit-eg.com/WebPages/GetSpeedData.aspx?id=76eca2d6-36f4-eb11-80f8-0025b500010d&time=6&from=Thu%2C+10+Jul+2025+00%3A00%3A00+GMT&to=Thu%2C+10+Jul+2025+23%3A59%3A00+GMT
2025/07/11 14:01:16 Collector successfully authenticated
2025/07/11 14:01:16 Fetching speed data from: https://fms-gps.etit-eg.com/WebPages/GetSpeedData.aspx?id=76eca2d6-36f4-eb11-80f8-0025b500010d&time=6&from=Thu%2C+10+Jul+2025+00%3A00%3A00+GMT&to=Thu%2C+10+Jul+2025+23%3A59%3A00+GMT
2025/07/11 14:01:17 Error checking vehicle ف ق ص 5138: error parsing speed data: unexpected end of JSON input
2025/07/11 14:01:17 Checking vehicle ف ق ص 4253 (ID: 927b57f5-6edd-eb11-80f8-0025b500010d) for speed alerts
2025/07/11 14:01:18 Error checking vehicle ف ق ص 5138: error parsing speed data: unexpected end of JSON input
2025/07/11 14:01:18 Checking vehicle ف ق ص 4253 (ID: 927b57f5-6edd-eb11-80f8-0025b500010d) for speed alerts
2025/07/11 14:01:19 HTTP client successfully authenticated
2025/07/11 14:01:20 HTTP client successfully authenticated
2025/07/11 14:01:20 Collector successfully authenticated
2025/07/11 14:01:20 Fetching speed data from: https://fms-gps.etit-eg.com/WebPages/GetSpeedData.aspx?id=927b57f5-6edd-eb11-80f8-0025b500010d&time=6&from=Thu%2C+10+Jul+2025+00%3A00%3A00+GMT&to=Thu%2C+10+Jul+2025+23%3A59%3A00+GMT
2025/07/11 14:01:21 Collector successfully authenticated
2025/07/11 14:01:21 Fetching speed data from: https://fms-gps.etit-eg.com/WebPages/GetSpeedData.aspx?id=927b57f5-6edd-eb11-80f8-0025b500010d&time=6&from=Thu%2C+10+Jul+2025+00%3A00%3A00+GMT&to=Thu%2C+10+Jul+2025+23%3A59%3A00+GMT
2025/07/11 14:01:23 Error checking vehicle ف ق ص 4253: error parsing speed data: invalid character 'p' looking for beginning of object key string
2025/07/11 14:01:23 Checking vehicle ف ر س 4593 (ID: 5b22173f-6ba0-e811-80de-0025b500010d) for speed alerts
2025/07/11 14:01:23 Error checking vehicle ف ق ص 4253: error parsing speed data: invalid character 'p' looking for beginning of object key string
2025/07/11 14:01:23 Checking vehicle ف ر س 4593 (ID: 5b22173f-6ba0-e811-80de-0025b500010d) for speed alerts
2025/07/11 14:01:24 HTTP client successfully authenticated
2025/07/11 14:01:25 HTTP client successfully authenticated
2025/07/11 14:01:26 Collector successfully authenticated
2025/07/11 14:01:26 Fetching speed data from: https://fms-gps.etit-eg.com/WebPages/GetSpeedData.aspx?id=5b22173f-6ba0-e811-80de-0025b500010d&time=6&from=Thu%2C+10+Jul+2025+00%3A00%3A00+GMT&to=Thu%2C+10+Jul+2025+23%3A59%3A00+GMT
2025/07/11 14:01:26 Collector successfully authenticated
2025/07/11 14:01:26 Fetching speed data from: https://fms-gps.etit-eg.com/WebPages/GetSpeedData.aspx?id=5b22173f-6ba0-e811-80de-0025b500010d&time=6&from=Thu%2C+10+Jul+2025+00%3A00%3A00+GMT&to=Thu%2C+10+Jul+2025+23%3A59%3A00+GMT
2025/07/11 14:01:28 Error checking vehicle ف ر س 4593: error parsing speed data: invalid character 'p' looking for beginning of object key string
2025/07/11 14:01:28 Checking vehicle ف ر ص 5783 (ID: af56caf9-cf14-ea11-80ee-0025b500010d) for speed alerts
2025/07/11 14:01:29 Error checking vehicle ف ر س 4593: error parsing speed data: invalid character 'p' looking for beginning of object key string
2025/07/11 14:01:29 Checking vehicle ف ر ص 5783 (ID: af56caf9-cf14-ea11-80ee-0025b500010d) for speed alerts
2025/07/11 14:01:29 HTTP client successfully authenticated
2025/07/11 14:01:30 HTTP client successfully authenticated
2025/07/11 14:01:31 Collector successfully authenticated
2025/07/11 14:01:31 Fetching speed data from: https://fms-gps.etit-eg.com/WebPages/GetSpeedData.aspx?id=af56caf9-cf14-ea11-80ee-0025b500010d&time=6&from=Thu%2C+10+Jul+2025+00%3A00%3A00+GMT&to=Thu%2C+10+Jul+2025+23%3A59%3A00+GMT
2025/07/11 14:01:31 Collector successfully authenticated
2025/07/11 14:01:31 Fetching speed data from: https://fms-gps.etit-eg.com/WebPages/GetSpeedData.aspx?id=af56caf9-cf14-ea11-80ee-0025b500010d&time=6&from=Thu%2C+10+Jul+2025+00%3A00%3A00+GMT&to=Thu%2C+10+Jul+2025+23%3A59%3A00+GMT
2025/07/11 14:01:33 Error checking vehicle ف ر ص 5783: error parsing speed data: unexpected end of JSON input
2025/07/11 14:01:33 Checking vehicle ف ا ن 7421 (ID: 7d1f3531-8e91-ed11-8103-0025b500010d) for speed alerts
2025/07/11 14:01:33 Error checking vehicle ف ر ص 5783: error parsing speed data: unexpected end of JSON input
2025/07/11 14:01:33 Checking vehicle ف ا ن 7421 (ID: 7d1f3531-8e91-ed11-8103-0025b500010d) for speed alerts
2025/07/11 14:01:35 HTTP client successfully authenticated
2025/07/11 14:01:35 HTTP client successfully authenticated
2025/07/11 14:01:36 Collector successfully authenticated
2025/07/11 14:01:36 Fetching speed data from: https://fms-gps.etit-eg.com/WebPages/GetSpeedData.aspx?id=7d1f3531-8e91-ed11-8103-0025b500010d&time=6&from=Thu%2C+10+Jul+2025+00%3A00%3A00+GMT&to=Thu%2C+10+Jul+2025+23%3A59%3A00+GMT
2025/07/11 14:01:36 Collector successfully authenticated
2025/07/11 14:01:36 Fetching speed data from: https://fms-gps.etit-eg.com/WebPages/GetSpeedData.aspx?id=7d1f3531-8e91-ed11-8103-0025b500010d&time=6&from=Thu%2C+10+Jul+2025+00%3A00%3A00+GMT&to=Thu%2C+10+Jul+2025+23%3A59%3A00+GMT
2025/07/11 14:01:38 Error checking vehicle ف ا ن 7421: error parsing speed data: invalid character 'p' looking for beginning of object key string
2025/07/11 14:01:38 Checking vehicle ف ى ر 9156 (ID: 19419bf3-6aa0-e811-80de-0025b500010d) for speed alerts
2025/07/11 14:01:39 Error checking vehicle ف ا ن 7421: error parsing speed data: invalid character 'p' looking for beginning of object key string
2025/07/11 14:01:39 Checking vehicle ف ى ر 9156 (ID: 19419bf3-6aa0-e811-80de-0025b500010d) for speed alerts
2025/07/11 14:01:40 HTTP client successfully authenticated
2025/07/11 14:01:40 HTTP client successfully authenticated
2025/07/11 14:01:42 Collector successfully authenticated
2025/07/11 14:01:42 Fetching speed data from: https://fms-gps.etit-eg.com/WebPages/GetSpeedData.aspx?id=19419bf3-6aa0-e811-80de-0025b500010d&time=6&from=Thu%2C+10+Jul+2025+00%3A00%3A00+GMT&to=Thu%2C+10+Jul+2025+23%3A59%3A00+GMT
2025/07/11 14:01:42 Collector successfully authenticated
2025/07/11 14:01:42 Fetching speed data from: https://fms-gps.etit-eg.com/WebPages/GetSpeedData.aspx?id=19419bf3-6aa0-e811-80de-0025b500010d&time=6&from=Thu%2C+10+Jul+2025+00%3A00%3A00+GMT&to=Thu%2C+10+Jul+2025+23%3A59%3A00+GMT
2025/07/11 14:01:45 Error checking vehicle ف ى ر 9156: error parsing speed data: invalid character 'p' looking for beginning of object key string
2025/07/11 14:01:45 Checking vehicle ف ج م 5917 (ID: d7e4419f-cff8-ef11-810e-0025b500010d) for speed alerts
2025/07/11 14:01:45 Error checking vehicle ف ى ر 9156: error parsing speed data: invalid character 'p' looking for beginning of object key string
2025/07/11 14:01:45 Checking vehicle ف ج م 5917 (ID: d7e4419f-cff8-ef11-810e-0025b500010d) for speed alerts
2025/07/11 14:01:47 HTTP client successfully authenticated
2025/07/11 14:01:47 HTTP client successfully authenticated
2025/07/11 14:01:48 Collector successfully authenticated
2025/07/11 14:01:48 Fetching speed data from: https://fms-gps.etit-eg.com/WebPages/GetSpeedData.aspx?id=d7e4419f-cff8-ef11-810e-0025b500010d&time=6&from=Thu%2C+10+Jul+2025+00%3A00%3A00+GMT&to=Thu%2C+10+Jul+2025+23%3A59%3A00+GMT
2025/07/11 14:01:48 Collector successfully authenticated
2025/07/11 14:01:48 Fetching speed data from: https://fms-gps.etit-eg.com/WebPages/GetSpeedData.aspx?id=d7e4419f-cff8-ef11-810e-0025b500010d&time=6&from=Thu%2C+10+Jul+2025+00%3A00%3A00+GMT&to=Thu%2C+10+Jul+2025+23%3A59%3A00+GMT
2025/07/11 14:01:50 Error checking vehicle ف ج م 5917: error parsing speed data: invalid character 'p' looking for beginning of object key string
2025/07/11 14:01:50 Checking vehicle ف د ى 6738 (ID: d23c85a1-6aa0-e811-80de-0025b500010d) for speed alerts
2025/07/11 14:01:51 Error checking vehicle ف ج م 5917: error parsing speed data: invalid character 'p' looking for beginning of object key string
2025/07/11 14:01:51 Checking vehicle ف د ى 6738 (ID: d23c85a1-6aa0-e811-80de-0025b500010d) for speed alerts
2025/07/11 14:01:52 HTTP client successfully authenticated
2025/07/11 14:01:52 HTTP client successfully authenticated
2025/07/11 14:01:54 Collector successfully authenticated
2025/07/11 14:01:54 Collector successfully authenticated
2025/07/11 14:01:54 Fetching speed data from: https://fms-gps.etit-eg.com/WebPages/GetSpeedData.aspx?id=d23c85a1-6aa0-e811-80de-0025b500010d&time=6&from=Thu%2C+10+Jul+2025+00%3A00%3A00+GMT&to=Thu%2C+10+Jul+2025+23%3A59%3A00+GMT
2025/07/11 14:01:54 Fetching speed data from: https://fms-gps.etit-eg.com/WebPages/GetSpeedData.aspx?id=d23c85a1-6aa0-e811-80de-0025b500010d&time=6&from=Thu%2C+10+Jul+2025+00%3A00%3A00+GMT&to=Thu%2C+10+Jul+2025+23%3A59%3A00+GMT
2025/07/11 14:01:56 Error checking vehicle ف د ى 6738: error parsing speed data: unexpected end of JSON input
2025/07/11 14:01:56 Checking vehicle ف م س 9247 (ID: 8a77baf4-5fb4-e911-80ed-0025b500010d) for speed alerts
2025/07/11 14:01:56 Error checking vehicle ف د ى 6738: error parsing speed data: unexpected end of JSON input
2025/07/11 14:01:56 Checking vehicle ف م س 9247 (ID: 8a77baf4-5fb4-e911-80ed-0025b500010d) for speed alerts
2025/07/11 14:01:57 HTTP client successfully authenticated
2025/07/11 14:01:58 HTTP client successfully authenticated
2025/07/11 14:01:59 Collector successfully authenticated
2025/07/11 14:01:59 Fetching speed data from: https://fms-gps.etit-eg.com/WebPages/GetSpeedData.aspx?id=8a77baf4-5fb4-e911-80ed-0025b500010d&time=6&from=Thu%2C+10+Jul+2025+00%3A00%3A00+GMT&to=Thu%2C+10+Jul+2025+23%3A59%3A00+GMT
2025/07/11 14:01:59 Collector successfully authenticated
2025/07/11 14:01:59 Fetching speed data from: https://fms-gps.etit-eg.com/WebPages/GetSpeedData.aspx?id=8a77baf4-5fb4-e911-80ed-0025b500010d&time=6&from=Thu%2C+10+Jul+2025+00%3A00%3A00+GMT&to=Thu%2C+10+Jul+2025+23%3A59%3A00+GMT
2025/07/11 14:02:01 Error checking vehicle ف م س 9247: error parsing speed data: invalid character 'p' looking for beginning of object key string
2025/07/11 14:02:01 Checking vehicle ف د ى 6584 (ID: 98a0fe16-6ba0-e811-80de-0025b500010d) for speed alerts
2025/07/11 14:02:01 Error checking vehicle ف م س 9247: error parsing speed data: invalid character 'p' looking for beginning of object key string
2025/07/11 14:02:01 Checking vehicle ف د ى 6584 (ID: 98a0fe16-6ba0-e811-80de-0025b500010d) for speed alerts
2025/07/11 14:02:03 HTTP client successfully authenticated
2025/07/11 14:02:03 HTTP client successfully authenticated
2025/07/11 14:02:04 Collector successfully authenticated
2025/07/11 14:02:04 Fetching speed data from: https://fms-gps.etit-eg.com/WebPages/GetSpeedData.aspx?id=98a0fe16-6ba0-e811-80de-0025b500010d&time=6&from=Thu%2C+10+Jul+2025+00%3A00%3A00+GMT&to=Thu%2C+10+Jul+2025+23%3A59%3A00+GMT
2025/07/11 14:02:04 Collector successfully authenticated
2025/07/11 14:02:04 Fetching speed data from: https://fms-gps.etit-eg.com/WebPages/GetSpeedData.aspx?id=98a0fe16-6ba0-e811-80de-0025b500010d&time=6&from=Thu%2C+10+Jul+2025+00%3A00%3A00+GMT&to=Thu%2C+10+Jul+2025+23%3A59%3A00+GMT
2025/07/11 14:02:06 Error checking vehicle ف د ى 6584: error parsing speed data: invalid character 'p' looking for beginning of object key string
2025/07/11 14:02:06 Checking vehicle ف ع ص 4381 (ID: cd482774-6ba0-e811-80de-0025b500010d) for speed alerts
2025/07/11 14:02:06 Error checking vehicle ف د ى 6584: error parsing speed data: invalid character 'p' looking for beginning of object key string
2025/07/11 14:02:06 Checking vehicle ف ع ص 4381 (ID: cd482774-6ba0-e811-80de-0025b500010d) for speed alerts
2025/07/11 14:02:08 HTTP client successfully authenticated
2025/07/11 14:02:08 HTTP client successfully authenticated
2025/07/11 14:02:09 Collector successfully authenticated
2025/07/11 14:02:09 Fetching speed data from: https://fms-gps.etit-eg.com/WebPages/GetSpeedData.aspx?id=cd482774-6ba0-e811-80de-0025b500010d&time=6&from=Thu%2C+10+Jul+2025+00%3A00%3A00+GMT&to=Thu%2C+10+Jul+2025+23%3A59%3A00+GMT
2025/07/11 14:02:09 Collector successfully authenticated
2025/07/11 14:02:09 Fetching speed data from: https://fms-gps.etit-eg.com/WebPages/GetSpeedData.aspx?id=cd482774-6ba0-e811-80de-0025b500010d&time=6&from=Thu%2C+10+Jul+2025+00%3A00%3A00+GMT&to=Thu%2C+10+Jul+2025+23%3A59%3A00+GMT
2025/07/11 14:02:11 Error checking vehicle ف ع ص 4381: error parsing speed data: invalid character 'p' looking for beginning of object key string
2025/07/11 14:02:11 Checking vehicle ف أ ن 5139 (ID: 2782a30d-0143-ed11-8100-0025b500010d) for speed alerts
2025/07/11 14:02:11 Error checking vehicle ف ع ص 4381: error parsing speed data: invalid character 'p' looking for beginning of object key string
2025/07/11 14:02:11 Checking vehicle ف أ ن 5139 (ID: 2782a30d-0143-ed11-8100-0025b500010d) for speed alerts
2025/07/11 14:02:13 HTTP client successfully authenticated
2025/07/11 14:02:13 HTTP client successfully authenticated
2025/07/11 14:02:14 Collector successfully authenticated
2025/07/11 14:02:14 Fetching speed data from: https://fms-gps.etit-eg.com/WebPages/GetSpeedData.aspx?id=2782a30d-0143-ed11-8100-0025b500010d&time=6&from=Thu%2C+10+Jul+2025+00%3A00%3A00+GMT&to=Thu%2C+10+Jul+2025+23%3A59%3A00+GMT
2025/07/11 14:02:14 Collector successfully authenticated
2025/07/11 14:02:14 Fetching speed data from: https://fms-gps.etit-eg.com/WebPages/GetSpeedData.aspx?id=2782a30d-0143-ed11-8100-0025b500010d&time=6&from=Thu%2C+10+Jul+2025+00%3A00%3A00+GMT&to=Thu%2C+10+Jul+2025+23%3A59%3A00+GMT
2025/07/11 14:02:17 Error checking vehicle ف أ ن 5139: error parsing speed data: invalid character 'p' looking for beginning of object key string
2025/07/11 14:02:17 Checking vehicle ف ر ص 6359 (ID: ca53d5de-cf14-ea11-80ee-0025b500010d) for speed alerts
2025/07/11 14:02:17 Error checking vehicle ف أ ن 5139: error parsing speed data: invalid character 'p' looking for beginning of object key string
2025/07/11 14:02:17 Checking vehicle ف ر ص 6359 (ID: ca53d5de-cf14-ea11-80ee-0025b500010d) for speed alerts
2025/07/11 14:02:18 HTTP client successfully authenticated
2025/07/11 14:02:19 HTTP client successfully authenticated
2025/07/11 14:02:19 Collector successfully authenticated
2025/07/11 14:02:19 Fetching speed data from: https://fms-gps.etit-eg.com/WebPages/GetSpeedData.aspx?id=ca53d5de-cf14-ea11-80ee-0025b500010d&time=6&from=Thu%2C+10+Jul+2025+00%3A00%3A00+GMT&to=Thu%2C+10+Jul+2025+23%3A59%3A00+GMT
2025/07/11 14:02:20 Collector successfully authenticated
2025/07/11 14:02:20 Fetching speed data from: https://fms-gps.etit-eg.com/WebPages/GetSpeedData.aspx?id=ca53d5de-cf14-ea11-80ee-0025b500010d&time=6&from=Thu%2C+10+Jul+2025+00%3A00%3A00+GMT&to=Thu%2C+10+Jul+2025+23%3A59%3A00+GMT
2025/07/11 14:02:22 Error checking vehicle ف ر ص 6359: error parsing speed data: invalid character 'p' looking for beginning of object key string
2025/07/11 14:02:22 Checking vehicle ف ر ص 8461 (ID: 19cdd2ad-aaba-ea11-80f4-0025b500010d) for speed alerts
2025/07/11 14:02:23 Error checking vehicle ف ر ص 6359: error parsing speed data: invalid character 'p' looking for beginning of object key string
2025/07/11 14:02:23 Checking vehicle ف ر ص 8461 (ID: 19cdd2ad-aaba-ea11-80f4-0025b500010d) for speed alerts
2025/07/11 14:02:24 HTTP client successfully authenticated
2025/07/11 14:02:25 HTTP client successfully authenticated
2025/07/11 14:02:25 Collector successfully authenticated
2025/07/11 14:02:25 Fetching speed data from: https://fms-gps.etit-eg.com/WebPages/GetSpeedData.aspx?id=19cdd2ad-aaba-ea11-80f4-0025b500010d&time=6&from=Thu%2C+10+Jul+2025+00%3A00%3A00+GMT&to=Thu%2C+10+Jul+2025+23%3A59%3A00+GMT
2025/07/11 14:02:26 Collector successfully authenticated
2025/07/11 14:02:26 Fetching speed data from: https://fms-gps.etit-eg.com/WebPages/GetSpeedData.aspx?id=19cdd2ad-aaba-ea11-80f4-0025b500010d&time=6&from=Thu%2C+10+Jul+2025+00%3A00%3A00+GMT&to=Thu%2C+10+Jul+2025+23%3A59%3A00+GMT
2025/07/11 14:02:28 Error checking vehicle ف ر ص 8461: error parsing speed data: invalid character 'p' looking for beginning of object key string
2025/07/11 14:02:28 Checking vehicle ف د ى 6834 (ID: edddb58e-aaba-ea11-80f4-0025b500010d) for speed alerts
2025/07/11 14:02:29 Error checking vehicle ف ر ص 8461: error parsing speed data: invalid character 'p' looking for beginning of object key string
2025/07/11 14:02:29 Checking vehicle ف د ى 6834 (ID: edddb58e-aaba-ea11-80f4-0025b500010d) for speed alerts
2025/07/11 14:02:31 HTTP client successfully authenticated
2025/07/11 14:02:31 HTTP client successfully authenticated
2025/07/11 14:02:32 Collector successfully authenticated
2025/07/11 14:02:32 Fetching speed data from: https://fms-gps.etit-eg.com/WebPages/GetSpeedData.aspx?id=edddb58e-aaba-ea11-80f4-0025b500010d&time=6&from=Thu%2C+10+Jul+2025+00%3A00%3A00+GMT&to=Thu%2C+10+Jul+2025+23%3A59%3A00+GMT
2025/07/11 14:02:32 Collector successfully authenticated
2025/07/11 14:02:32 Fetching speed data from: https://fms-gps.etit-eg.com/WebPages/GetSpeedData.aspx?id=edddb58e-aaba-ea11-80f4-0025b500010d&time=6&from=Thu%2C+10+Jul+2025+00%3A00%3A00+GMT&to=Thu%2C+10+Jul+2025+23%3A59%3A00+GMT
2025/07/11 14:02:35 Error checking vehicle ف د ى 6834: error parsing speed data: invalid character 'p' looking for beginning of object key string
2025/07/11 14:02:35 Checking vehicle ف ج م 5918 (ID: 524e35bb-cff8-ef11-810e-0025b500010d) for speed alerts
2025/07/11 14:02:35 Error checking vehicle ف د ى 6834: error parsing speed data: invalid character 'p' looking for beginning of object key string
2025/07/11 14:02:35 Checking vehicle ف ج م 5918 (ID: 524e35bb-cff8-ef11-810e-0025b500010d) for speed alerts
2025/07/11 14:02:36 HTTP client successfully authenticated
2025/07/11 14:02:36 HTTP client successfully authenticated
2025/07/11 14:02:38 Collector successfully authenticated
2025/07/11 14:02:38 Fetching speed data from: https://fms-gps.etit-eg.com/WebPages/GetSpeedData.aspx?id=524e35bb-cff8-ef11-810e-0025b500010d&time=6&from=Thu%2C+10+Jul+2025+00%3A00%3A00+GMT&to=Thu%2C+10+Jul+2025+23%3A59%3A00+GMT
2025/07/11 14:02:38 Collector successfully authenticated
2025/07/11 14:02:38 Fetching speed data from: https://fms-gps.etit-eg.com/WebPages/GetSpeedData.aspx?id=524e35bb-cff8-ef11-810e-0025b500010d&time=6&from=Thu%2C+10+Jul+2025+00%3A00%3A00+GMT&to=Thu%2C+10+Jul+2025+23%3A59%3A00+GMT
2025/07/11 14:02:40 Error checking vehicle ف ج م 5918: error parsing speed data: invalid character 'p' looking for beginning of object key string
2025/07/11 14:02:40 Successfully completed speed check
2025/07/11 14:02:40 Speed violations found! Check the generated report file.
2025/07/11 14:02:40 Error checking vehicle ف ج م 5918: error parsing speed data: invalid character 'p' looking for beginning of object key string
2025/07/11 14:02:40 Successfully completed speed check
2025/07/11 14:02:40 Speed violations found! Check the generated report file.
