2025/04/26 11:11:12 HTTP client successfully authenticated
2025/04/26 11:11:12 Collector successfully authenticated
2025/04/26 11:11:12 Checking vehicle ف د ى 6738 (ID: d23c85a1-6aa0-e811-80de-0025b500010d) for speed alerts
2025/04/26 11:11:13 HTTP client successfully authenticated
2025/04/26 11:11:14 Collector successfully authenticated
2025/04/26 11:11:14 Fetching speed data from: https://fms-gps.etit-eg.com/WebPages/GetSpeedData.aspx?id=d23c85a1-6aa0-e811-80de-0025b500010d&time=6&from=Fri%252C%2B25%2BApr%2B2025%2B01%253A00%253A00%2BGMT&to=Fri%252C%2B25%2BApr%2B2025%2B23%253A59%253A00%2BGMT
2025/04/26 11:11:15 Error checking vehicle ف د ى 6738: error parsing speed data: invalid character '<' looking for beginning of value
2025/04/26 11:11:15 Checking vehicle ف م س 9247 (ID: 8a77baf4-5fb4-e911-80ed-0025b500010d) for speed alerts
2025/04/26 11:11:16 HTTP client successfully authenticated
2025/04/26 11:11:16 Collector successfully authenticated
2025/04/26 11:11:16 Fetching speed data from: https://fms-gps.etit-eg.com/WebPages/GetSpeedData.aspx?id=8a77baf4-5fb4-e911-80ed-0025b500010d&time=6&from=Fri%252C%2B25%2BApr%2B2025%2B01%253A00%253A00%2BGMT&to=Fri%252C%2B25%2BApr%2B2025%2B23%253A59%253A00%2BGMT
2025/04/26 11:11:17 Error checking vehicle ف م س 9247: error parsing speed data: invalid character '<' looking for beginning of value
2025/04/26 11:11:17 Checking vehicle ف د ى 6584 (ID: 98a0fe16-6ba0-e811-80de-0025b500010d) for speed alerts
2025/04/26 11:11:22 HTTP client successfully authenticated
2025/04/26 11:11:22 Collector successfully authenticated
2025/04/26 11:11:22 Fetching speed data from: https://fms-gps.etit-eg.com/WebPages/GetSpeedData.aspx?id=98a0fe16-6ba0-e811-80de-0025b500010d&time=6&from=Fri%252C%2B25%2BApr%2B2025%2B01%253A00%253A00%2BGMT&to=Fri%252C%2B25%2BApr%2B2025%2B23%253A59%253A00%2BGMT
2025/04/26 11:11:23 Error checking vehicle ف د ى 6584: error parsing speed data: invalid character '<' looking for beginning of value
2025/04/26 11:11:23 Checking vehicle ف ع ص 4381 (ID: cd482774-6ba0-e811-80de-0025b500010d) for speed alerts
2025/04/26 11:11:24 HTTP client successfully authenticated
2025/04/26 11:11:25 Collector successfully authenticated
2025/04/26 11:11:25 Fetching speed data from: https://fms-gps.etit-eg.com/WebPages/GetSpeedData.aspx?id=cd482774-6ba0-e811-80de-0025b500010d&time=6&from=Fri%252C%2B25%2BApr%2B2025%2B01%253A00%253A00%2BGMT&to=Fri%252C%2B25%2BApr%2B2025%2B23%253A59%253A00%2BGMT
2025/04/26 11:11:26 Error checking vehicle ف ع ص 4381: error parsing speed data: invalid character '<' looking for beginning of value
2025/04/26 11:11:26 Checking vehicle ف أ ن 5139 (ID: 2782a30d-0143-ed11-8100-0025b500010d) for speed alerts
2025/04/26 11:11:27 HTTP client successfully authenticated
2025/04/26 11:11:27 Collector successfully authenticated
2025/04/26 11:11:27 Fetching speed data from: https://fms-gps.etit-eg.com/WebPages/GetSpeedData.aspx?id=2782a30d-0143-ed11-8100-0025b500010d&time=6&from=Fri%252C%2B25%2BApr%2B2025%2B01%253A00%253A00%2BGMT&to=Fri%252C%2B25%2BApr%2B2025%2B23%253A59%253A00%2BGMT
2025/04/26 11:11:29 Error checking vehicle ف أ ن 5139: error parsing speed data: invalid character '<' looking for beginning of value
2025/04/26 11:11:29 Checking vehicle ف ر ص 6359 (ID: ca53d5de-cf14-ea11-80ee-0025b500010d) for speed alerts
2025/04/26 11:11:30 HTTP client successfully authenticated
2025/04/26 11:11:31 Collector successfully authenticated
2025/04/26 11:11:31 Fetching speed data from: https://fms-gps.etit-eg.com/WebPages/GetSpeedData.aspx?id=ca53d5de-cf14-ea11-80ee-0025b500010d&time=6&from=Fri%252C%2B25%2BApr%2B2025%2B01%253A00%253A00%2BGMT&to=Fri%252C%2B25%2BApr%2B2025%2B23%253A59%253A00%2BGMT
2025/04/26 11:11:32 Error checking vehicle ف ر ص 6359: error parsing speed data: invalid character '<' looking for beginning of value
2025/04/26 11:11:32 Checking vehicle ف ر ص 8461 (ID: 19cdd2ad-aaba-ea11-80f4-0025b500010d) for speed alerts
2025/04/26 11:11:34 HTTP client successfully authenticated
2025/04/26 11:11:34 Collector successfully authenticated
2025/04/26 11:11:34 Fetching speed data from: https://fms-gps.etit-eg.com/WebPages/GetSpeedData.aspx?id=19cdd2ad-aaba-ea11-80f4-0025b500010d&time=6&from=Fri%252C%2B25%2BApr%2B2025%2B01%253A00%253A00%2BGMT&to=Fri%252C%2B25%2BApr%2B2025%2B23%253A59%253A00%2BGMT
2025/04/26 11:11:36 Error checking vehicle ف ر ص 8461: error parsing speed data: invalid character '<' looking for beginning of value
2025/04/26 11:11:36 Checking vehicle ف د ى 6834 (ID: edddb58e-aaba-ea11-80f4-0025b500010d) for speed alerts
2025/04/26 11:11:37 HTTP client successfully authenticated
2025/04/26 11:11:37 Collector successfully authenticated
2025/04/26 11:11:37 Fetching speed data from: https://fms-gps.etit-eg.com/WebPages/GetSpeedData.aspx?id=edddb58e-aaba-ea11-80f4-0025b500010d&time=6&from=Fri%252C%2B25%2BApr%2B2025%2B01%253A00%253A00%2BGMT&to=Fri%252C%2B25%2BApr%2B2025%2B23%253A59%253A00%2BGMT
2025/04/26 11:11:40 Error checking vehicle ف د ى 6834: error parsing speed data: invalid character '<' looking for beginning of value
2025/04/26 11:11:40 Checking vehicle ف ج م 5918 (ID: 524e35bb-cff8-ef11-810e-0025b500010d) for speed alerts
2025/04/26 11:11:41 HTTP client successfully authenticated
2025/04/26 11:11:41 Collector successfully authenticated
2025/04/26 11:11:41 Fetching speed data from: https://fms-gps.etit-eg.com/WebPages/GetSpeedData.aspx?id=524e35bb-cff8-ef11-810e-0025b500010d&time=6&from=Fri%252C%2B25%2BApr%2B2025%2B01%253A00%253A00%2BGMT&to=Fri%252C%2B25%2BApr%2B2025%2B23%253A59%253A00%2BGMT
2025/04/26 11:11:42 Error checking vehicle ف ج م 5918: error parsing speed data: invalid character '<' looking for beginning of value
2025/04/26 11:11:42 Checking vehicle ف ى ر 8427 (ID: 46ab06c4-5fb4-e911-80ed-0025b500010d) for speed alerts
2025/04/26 11:11:44 HTTP client successfully authenticated
2025/04/26 11:11:44 Collector successfully authenticated
2025/04/26 11:11:44 Fetching speed data from: https://fms-gps.etit-eg.com/WebPages/GetSpeedData.aspx?id=46ab06c4-5fb4-e911-80ed-0025b500010d&time=6&from=Fri%252C%2B25%2BApr%2B2025%2B01%253A00%253A00%2BGMT&to=Fri%252C%2B25%2BApr%2B2025%2B23%253A59%253A00%2BGMT
2025/04/26 11:11:46 Error checking vehicle ف ى ر 8427: error parsing speed data: invalid character '<' looking for beginning of value
2025/04/26 11:11:46 Checking vehicle ف ق ص 5138 (ID: 76eca2d6-36f4-eb11-80f8-0025b500010d) for speed alerts
2025/04/26 11:11:47 HTTP client successfully authenticated
2025/04/26 11:11:48 Collector successfully authenticated
2025/04/26 11:11:48 Fetching speed data from: https://fms-gps.etit-eg.com/WebPages/GetSpeedData.aspx?id=76eca2d6-36f4-eb11-80f8-0025b500010d&time=6&from=Fri%252C%2B25%2BApr%2B2025%2B01%253A00%253A00%2BGMT&to=Fri%252C%2B25%2BApr%2B2025%2B23%253A59%253A00%2BGMT
2025/04/26 11:11:49 Error checking vehicle ف ق ص 5138: error parsing speed data: invalid character '<' looking for beginning of value
2025/04/26 11:11:49 Checking vehicle ف ق ص 4253 (ID: 927b57f5-6edd-eb11-80f8-0025b500010d) for speed alerts
2025/04/26 11:11:50 HTTP client successfully authenticated
2025/04/26 11:11:50 Collector successfully authenticated
2025/04/26 11:11:50 Fetching speed data from: https://fms-gps.etit-eg.com/WebPages/GetSpeedData.aspx?id=927b57f5-6edd-eb11-80f8-0025b500010d&time=6&from=Fri%252C%2B25%2BApr%2B2025%2B01%253A00%253A00%2BGMT&to=Fri%252C%2B25%2BApr%2B2025%2B23%253A59%253A00%2BGMT
2025/04/26 11:11:51 Error checking vehicle ف ق ص 4253: error parsing speed data: invalid character '<' looking for beginning of value
2025/04/26 11:11:51 Checking vehicle ف ر س 4593 (ID: 5b22173f-6ba0-e811-80de-0025b500010d) for speed alerts
2025/04/26 11:11:53 HTTP client successfully authenticated
2025/04/26 11:11:53 Collector successfully authenticated
2025/04/26 11:11:53 Fetching speed data from: https://fms-gps.etit-eg.com/WebPages/GetSpeedData.aspx?id=5b22173f-6ba0-e811-80de-0025b500010d&time=6&from=Fri%252C%2B25%2BApr%2B2025%2B01%253A00%253A00%2BGMT&to=Fri%252C%2B25%2BApr%2B2025%2B23%253A59%253A00%2BGMT
2025/04/26 11:11:54 Error checking vehicle ف ر س 4593: error parsing speed data: invalid character '<' looking for beginning of value
2025/04/26 11:11:54 Checking vehicle ف ر ص 5783 (ID: af56caf9-cf14-ea11-80ee-0025b500010d) for speed alerts
2025/04/26 11:11:56 HTTP client successfully authenticated
2025/04/26 11:11:56 Collector successfully authenticated
2025/04/26 11:11:56 Fetching speed data from: https://fms-gps.etit-eg.com/WebPages/GetSpeedData.aspx?id=af56caf9-cf14-ea11-80ee-0025b500010d&time=6&from=Fri%252C%2B25%2BApr%2B2025%2B01%253A00%253A00%2BGMT&to=Fri%252C%2B25%2BApr%2B2025%2B23%253A59%253A00%2BGMT
2025/04/26 11:11:58 Error checking vehicle ف ر ص 5783: error parsing speed data: invalid character '<' looking for beginning of value
2025/04/26 11:11:58 Checking vehicle ف ا ن 7421 (ID: 7d1f3531-8e91-ed11-8103-0025b500010d) for speed alerts
2025/04/26 11:11:59 HTTP client successfully authenticated
2025/04/26 11:11:59 Collector successfully authenticated
2025/04/26 11:11:59 Fetching speed data from: https://fms-gps.etit-eg.com/WebPages/GetSpeedData.aspx?id=7d1f3531-8e91-ed11-8103-0025b500010d&time=6&from=Fri%252C%2B25%2BApr%2B2025%2B01%253A00%253A00%2BGMT&to=Fri%252C%2B25%2BApr%2B2025%2B23%253A59%253A00%2BGMT
2025/04/26 11:12:01 Error checking vehicle ف ا ن 7421: error parsing speed data: invalid character '<' looking for beginning of value
2025/04/26 11:12:01 Checking vehicle ف ى ر 9156 (ID: 19419bf3-6aa0-e811-80de-0025b500010d) for speed alerts
2025/04/26 11:12:02 HTTP client successfully authenticated
2025/04/26 11:12:02 Collector successfully authenticated
2025/04/26 11:12:02 Fetching speed data from: https://fms-gps.etit-eg.com/WebPages/GetSpeedData.aspx?id=19419bf3-6aa0-e811-80de-0025b500010d&time=6&from=Fri%252C%2B25%2BApr%2B2025%2B01%253A00%253A00%2BGMT&to=Fri%252C%2B25%2BApr%2B2025%2B23%253A59%253A00%2BGMT
2025/04/26 11:12:04 Error checking vehicle ف ى ر 9156: error parsing speed data: invalid character '<' looking for beginning of value
2025/04/26 11:12:04 Checking vehicle ف ج م 5917 (ID: d7e4419f-cff8-ef11-810e-0025b500010d) for speed alerts
2025/04/26 11:12:05 HTTP client successfully authenticated
2025/04/26 11:12:05 Collector successfully authenticated
2025/04/26 11:12:05 Fetching speed data from: https://fms-gps.etit-eg.com/WebPages/GetSpeedData.aspx?id=d7e4419f-cff8-ef11-810e-0025b500010d&time=6&from=Fri%252C%2B25%2BApr%2B2025%2B01%253A00%253A00%2BGMT&to=Fri%252C%2B25%2BApr%2B2025%2B23%253A59%253A00%2BGMT
2025/04/26 11:12:06 Error checking vehicle ف ج م 5917: error parsing speed data: invalid character '<' looking for beginning of value
2025/04/26 11:12:06 Successfully completed speed check
2025/04/26 11:12:06 Speed violations found! Check the generated report file.
