2025/07/11 15:50:42 HTTP client successfully authenticated
2025/07/11 15:50:43 Collector successfully authenticated
2025/07/11 15:50:43 Checking vehicle ف ج م 8567 (ID: 0ed629a4-5a5d-f011-8113-0025b500010d) for speed alerts
2025/07/11 15:50:46 HTTP client successfully authenticated
2025/07/11 15:50:47 Collector successfully authenticated
2025/07/11 15:50:47 Fetching speed data from: https://fms-gps.etit-eg.com/WebPages/GetSpeedData.aspx?id=0ed629a4-5a5d-f011-8113-0025b500010d&time=6&from=Thu%2C+10+Jul+2025+00%3A00%3A00+GMT&to=Thu%2C+10+Jul+2025+23%3A59%3A00+GMT
2025/07/11 15:50:50 Checking vehicle ف ى ر 8427 (ID: 46ab06c4-5fb4-e911-80ed-0025b500010d) for speed alerts
2025/07/11 15:50:52 HTTP client successfully authenticated
2025/07/11 15:50:53 Collector successfully authenticated
2025/07/11 15:50:53 Fetching speed data from: https://fms-gps.etit-eg.com/WebPages/GetSpeedData.aspx?id=46ab06c4-5fb4-e911-80ed-0025b500010d&time=6&from=Thu%2C+10+Jul+2025+00%3A00%3A00+GMT&to=Thu%2C+10+Jul+2025+23%3A59%3A00+GMT
2025/07/11 15:50:55 Found 24 speed alerts for vehicle ف ى ر 8427
2025/07/11 15:50:56 Checking vehicle ف ق ص 5138 (ID: 76eca2d6-36f4-eb11-80f8-0025b500010d) for speed alerts
2025/07/11 15:50:58 HTTP client successfully authenticated
2025/07/11 15:50:59 Collector successfully authenticated
2025/07/11 15:50:59 Fetching speed data from: https://fms-gps.etit-eg.com/WebPages/GetSpeedData.aspx?id=76eca2d6-36f4-eb11-80f8-0025b500010d&time=6&from=Thu%2C+10+Jul+2025+00%3A00%3A00+GMT&to=Thu%2C+10+Jul+2025+23%3A59%3A00+GMT
2025/07/11 15:51:03 Error checking vehicle ف ق ص 5138: error parsing speed data: unexpected end of JSON input
2025/07/11 15:51:03 Checking vehicle ف ق ص 4253 (ID: 927b57f5-6edd-eb11-80f8-0025b500010d) for speed alerts
2025/07/11 15:51:05 HTTP client successfully authenticated
2025/07/11 15:51:06 Collector successfully authenticated
2025/07/11 15:51:06 Fetching speed data from: https://fms-gps.etit-eg.com/WebPages/GetSpeedData.aspx?id=927b57f5-6edd-eb11-80f8-0025b500010d&time=6&from=Thu%2C+10+Jul+2025+00%3A00%3A00+GMT&to=Thu%2C+10+Jul+2025+23%3A59%3A00+GMT
2025/07/11 15:51:08 Found 8 speed alerts for vehicle ف ق ص 4253
2025/07/11 15:51:09 Checking vehicle ف ر س 4593 (ID: 5b22173f-6ba0-e811-80de-0025b500010d) for speed alerts
2025/07/11 15:51:11 HTTP client successfully authenticated
2025/07/11 15:51:12 Collector successfully authenticated
2025/07/11 15:51:12 Fetching speed data from: https://fms-gps.etit-eg.com/WebPages/GetSpeedData.aspx?id=5b22173f-6ba0-e811-80de-0025b500010d&time=6&from=Thu%2C+10+Jul+2025+00%3A00%3A00+GMT&to=Thu%2C+10+Jul+2025+23%3A59%3A00+GMT
2025/07/11 15:51:15 Found 69 speed alerts for vehicle ف ر س 4593
2025/07/11 15:51:15 Checking vehicle ف ر ص 5783 (ID: af56caf9-cf14-ea11-80ee-0025b500010d) for speed alerts
2025/07/11 15:51:17 HTTP client successfully authenticated
2025/07/11 15:51:18 Collector successfully authenticated
2025/07/11 15:51:18 Fetching speed data from: https://fms-gps.etit-eg.com/WebPages/GetSpeedData.aspx?id=af56caf9-cf14-ea11-80ee-0025b500010d&time=6&from=Thu%2C+10+Jul+2025+00%3A00%3A00+GMT&to=Thu%2C+10+Jul+2025+23%3A59%3A00+GMT
2025/07/11 15:51:21 Error checking vehicle ف ر ص 5783: error parsing speed data: unexpected end of JSON input
2025/07/11 15:51:21 Checking vehicle ف ا ن 7421 (ID: 7d1f3531-8e91-ed11-8103-0025b500010d) for speed alerts
2025/07/11 15:51:23 HTTP client successfully authenticated
2025/07/11 15:51:24 Collector successfully authenticated
2025/07/11 15:51:24 Fetching speed data from: https://fms-gps.etit-eg.com/WebPages/GetSpeedData.aspx?id=7d1f3531-8e91-ed11-8103-0025b500010d&time=6&from=Thu%2C+10+Jul+2025+00%3A00%3A00+GMT&to=Thu%2C+10+Jul+2025+23%3A59%3A00+GMT
2025/07/11 15:51:27 Found 14 speed alerts for vehicle ف ا ن 7421
2025/07/11 15:51:28 Checking vehicle ف ى ر 9156 (ID: 19419bf3-6aa0-e811-80de-0025b500010d) for speed alerts
2025/07/11 15:51:30 HTTP client successfully authenticated
2025/07/11 15:51:31 Collector successfully authenticated
2025/07/11 15:51:31 Fetching speed data from: https://fms-gps.etit-eg.com/WebPages/GetSpeedData.aspx?id=19419bf3-6aa0-e811-80de-0025b500010d&time=6&from=Thu%2C+10+Jul+2025+00%3A00%3A00+GMT&to=Thu%2C+10+Jul+2025+23%3A59%3A00+GMT
2025/07/11 15:51:34 Found 27 speed alerts for vehicle ف ى ر 9156
2025/07/11 15:51:34 Checking vehicle ف ج م 5917 (ID: d7e4419f-cff8-ef11-810e-0025b500010d) for speed alerts
2025/07/11 15:51:36 HTTP client successfully authenticated
2025/07/11 15:51:38 Collector successfully authenticated
2025/07/11 15:51:38 Fetching speed data from: https://fms-gps.etit-eg.com/WebPages/GetSpeedData.aspx?id=d7e4419f-cff8-ef11-810e-0025b500010d&time=6&from=Thu%2C+10+Jul+2025+00%3A00%3A00+GMT&to=Thu%2C+10+Jul+2025+23%3A59%3A00+GMT
2025/07/11 15:51:41 Found 52 speed alerts for vehicle ف ج م 5917
2025/07/11 15:51:42 Checking vehicle ف د ى 6738 (ID: d23c85a1-6aa0-e811-80de-0025b500010d) for speed alerts
2025/07/11 15:51:43 HTTP client successfully authenticated
2025/07/11 15:51:45 Collector successfully authenticated
2025/07/11 15:51:45 Fetching speed data from: https://fms-gps.etit-eg.com/WebPages/GetSpeedData.aspx?id=d23c85a1-6aa0-e811-80de-0025b500010d&time=6&from=Thu%2C+10+Jul+2025+00%3A00%3A00+GMT&to=Thu%2C+10+Jul+2025+23%3A59%3A00+GMT
2025/07/11 15:51:48 Error checking vehicle ف د ى 6738: error parsing speed data: unexpected end of JSON input
2025/07/11 15:51:48 Checking vehicle ف م س 9247 (ID: 8a77baf4-5fb4-e911-80ed-0025b500010d) for speed alerts
2025/07/11 15:51:51 HTTP client successfully authenticated
2025/07/11 15:51:53 Collector successfully authenticated
2025/07/11 15:51:53 Fetching speed data from: https://fms-gps.etit-eg.com/WebPages/GetSpeedData.aspx?id=8a77baf4-5fb4-e911-80ed-0025b500010d&time=6&from=Thu%2C+10+Jul+2025+00%3A00%3A00+GMT&to=Thu%2C+10+Jul+2025+23%3A59%3A00+GMT
2025/07/11 15:51:55 Found 38 speed alerts for vehicle ف م س 9247
2025/07/11 15:51:56 Checking vehicle ف د ى 6584 (ID: 98a0fe16-6ba0-e811-80de-0025b500010d) for speed alerts
2025/07/11 15:51:59 HTTP client successfully authenticated
2025/07/11 15:52:01 Collector successfully authenticated
2025/07/11 15:52:01 Fetching speed data from: https://fms-gps.etit-eg.com/WebPages/GetSpeedData.aspx?id=98a0fe16-6ba0-e811-80de-0025b500010d&time=6&from=Thu%2C+10+Jul+2025+00%3A00%3A00+GMT&to=Thu%2C+10+Jul+2025+23%3A59%3A00+GMT
2025/07/11 15:52:03 Found 5 speed alerts for vehicle ف د ى 6584
2025/07/11 15:52:04 Checking vehicle ف ع ص 4381 (ID: cd482774-6ba0-e811-80de-0025b500010d) for speed alerts
2025/07/11 15:52:06 HTTP client successfully authenticated
2025/07/11 15:52:07 Collector successfully authenticated
2025/07/11 15:52:07 Fetching speed data from: https://fms-gps.etit-eg.com/WebPages/GetSpeedData.aspx?id=cd482774-6ba0-e811-80de-0025b500010d&time=6&from=Thu%2C+10+Jul+2025+00%3A00%3A00+GMT&to=Thu%2C+10+Jul+2025+23%3A59%3A00+GMT
2025/07/11 15:52:09 Found 32 speed alerts for vehicle ف ع ص 4381
2025/07/11 15:52:10 Checking vehicle ف أ ن 5139 (ID: 2782a30d-0143-ed11-8100-0025b500010d) for speed alerts
2025/07/11 15:52:11 HTTP client successfully authenticated
2025/07/11 15:52:13 Collector successfully authenticated
2025/07/11 15:52:13 Fetching speed data from: https://fms-gps.etit-eg.com/WebPages/GetSpeedData.aspx?id=2782a30d-0143-ed11-8100-0025b500010d&time=6&from=Thu%2C+10+Jul+2025+00%3A00%3A00+GMT&to=Thu%2C+10+Jul+2025+23%3A59%3A00+GMT
2025/07/11 15:52:15 Found 10 speed alerts for vehicle ف أ ن 5139
2025/07/11 15:52:15 Checking vehicle ف ر ص 6359 (ID: ca53d5de-cf14-ea11-80ee-0025b500010d) for speed alerts
2025/07/11 15:52:17 HTTP client successfully authenticated
2025/07/11 15:52:18 Collector successfully authenticated
2025/07/11 15:52:18 Fetching speed data from: https://fms-gps.etit-eg.com/WebPages/GetSpeedData.aspx?id=ca53d5de-cf14-ea11-80ee-0025b500010d&time=6&from=Thu%2C+10+Jul+2025+00%3A00%3A00+GMT&to=Thu%2C+10+Jul+2025+23%3A59%3A00+GMT
2025/07/11 15:52:20 Found 82 speed alerts for vehicle ف ر ص 6359
2025/07/11 15:52:21 Checking vehicle ف ر ص 8461 (ID: 19cdd2ad-aaba-ea11-80f4-0025b500010d) for speed alerts
2025/07/11 15:52:23 HTTP client successfully authenticated
2025/07/11 15:52:24 Collector successfully authenticated
2025/07/11 15:52:24 Fetching speed data from: https://fms-gps.etit-eg.com/WebPages/GetSpeedData.aspx?id=19cdd2ad-aaba-ea11-80f4-0025b500010d&time=6&from=Thu%2C+10+Jul+2025+00%3A00%3A00+GMT&to=Thu%2C+10+Jul+2025+23%3A59%3A00+GMT
2025/07/11 15:52:26 Found 75 speed alerts for vehicle ف ر ص 8461
2025/07/11 15:52:27 Checking vehicle ف د ى 6834 (ID: edddb58e-aaba-ea11-80f4-0025b500010d) for speed alerts
2025/07/11 15:52:29 HTTP client successfully authenticated
2025/07/11 15:52:30 Collector successfully authenticated
2025/07/11 15:52:30 Fetching speed data from: https://fms-gps.etit-eg.com/WebPages/GetSpeedData.aspx?id=edddb58e-aaba-ea11-80f4-0025b500010d&time=6&from=Thu%2C+10+Jul+2025+00%3A00%3A00+GMT&to=Thu%2C+10+Jul+2025+23%3A59%3A00+GMT
2025/07/11 15:52:32 Found 52 speed alerts for vehicle ف د ى 6834
2025/07/11 15:52:33 Checking vehicle ف ج م 5918 (ID: 524e35bb-cff8-ef11-810e-0025b500010d) for speed alerts
2025/07/11 15:52:34 HTTP client successfully authenticated
2025/07/11 15:52:36 Collector successfully authenticated
2025/07/11 15:52:36 Fetching speed data from: https://fms-gps.etit-eg.com/WebPages/GetSpeedData.aspx?id=524e35bb-cff8-ef11-810e-0025b500010d&time=6&from=Thu%2C+10+Jul+2025+00%3A00%3A00+GMT&to=Thu%2C+10+Jul+2025+23%3A59%3A00+GMT
2025/07/11 15:52:39 Found 43 speed alerts for vehicle ف ج م 5918
2025/07/11 15:52:39 Sending notification: 🚨 Speed Alert: Vehicle ca53d5de-cf14-ea11-80ee-0025b500010d (ف ر ص 6359) exceeding speed by 2 km/h
2025/07/11 15:52:39 Notification sent for vehicle ca53d5de-cf14-ea11-80ee-0025b500010d (exceeds by 2 km/h)
2025/07/11 15:52:39 Notification skipped: Vehicle ca53d5de-cf14-ea11-80ee-0025b500010d in cooldown period (30 minutes)
2025/07/11 15:52:39 Notification skipped: Vehicle ca53d5de-cf14-ea11-80ee-0025b500010d in cooldown period (30 minutes)
2025/07/11 15:52:39 Notification skipped: Vehicle ca53d5de-cf14-ea11-80ee-0025b500010d in cooldown period (30 minutes)
2025/07/11 15:52:39 Notification skipped: Vehicle ca53d5de-cf14-ea11-80ee-0025b500010d in cooldown period (30 minutes)
2025/07/11 15:52:39 Notification skipped: Vehicle ca53d5de-cf14-ea11-80ee-0025b500010d in cooldown period (30 minutes)
2025/07/11 15:52:39 Notification skipped: Vehicle ca53d5de-cf14-ea11-80ee-0025b500010d in cooldown period (30 minutes)
2025/07/11 15:52:39 Notification skipped: Vehicle ca53d5de-cf14-ea11-80ee-0025b500010d in cooldown period (30 minutes)
2025/07/11 15:52:39 Notification skipped: Vehicle ca53d5de-cf14-ea11-80ee-0025b500010d in cooldown period (30 minutes)
2025/07/11 15:52:39 Notification skipped: Vehicle ca53d5de-cf14-ea11-80ee-0025b500010d in cooldown period (30 minutes)
2025/07/11 15:52:39 Notification skipped: Vehicle ca53d5de-cf14-ea11-80ee-0025b500010d in cooldown period (30 minutes)
2025/07/11 15:52:39 Notification skipped: Vehicle ca53d5de-cf14-ea11-80ee-0025b500010d in cooldown period (30 minutes)
2025/07/11 15:52:39 Notification skipped: Vehicle ca53d5de-cf14-ea11-80ee-0025b500010d in cooldown period (30 minutes)
2025/07/11 15:52:39 Notification skipped: Vehicle ca53d5de-cf14-ea11-80ee-0025b500010d in cooldown period (30 minutes)
2025/07/11 15:52:39 Notification skipped: Vehicle ca53d5de-cf14-ea11-80ee-0025b500010d in cooldown period (30 minutes)
2025/07/11 15:52:39 Notification skipped: Vehicle ca53d5de-cf14-ea11-80ee-0025b500010d in cooldown period (30 minutes)
2025/07/11 15:52:39 Notification skipped: Vehicle ca53d5de-cf14-ea11-80ee-0025b500010d in cooldown period (30 minutes)
2025/07/11 15:52:39 Notification skipped: Vehicle ca53d5de-cf14-ea11-80ee-0025b500010d in cooldown period (30 minutes)
2025/07/11 15:52:39 Notification skipped: Vehicle ca53d5de-cf14-ea11-80ee-0025b500010d in cooldown period (30 minutes)
2025/07/11 15:52:39 Notification skipped: Vehicle ca53d5de-cf14-ea11-80ee-0025b500010d in cooldown period (30 minutes)
2025/07/11 15:52:39 Notification skipped: Vehicle ca53d5de-cf14-ea11-80ee-0025b500010d in cooldown period (30 minutes)
2025/07/11 15:52:39 Notification skipped: Vehicle ca53d5de-cf14-ea11-80ee-0025b500010d in cooldown period (30 minutes)
2025/07/11 15:52:39 Notification skipped: Vehicle ca53d5de-cf14-ea11-80ee-0025b500010d in cooldown period (30 minutes)
2025/07/11 15:52:39 Notification skipped: Vehicle ca53d5de-cf14-ea11-80ee-0025b500010d in cooldown period (30 minutes)
2025/07/11 15:52:39 Notification skipped: Vehicle ca53d5de-cf14-ea11-80ee-0025b500010d in cooldown period (30 minutes)
2025/07/11 15:52:39 Notification skipped: Vehicle ca53d5de-cf14-ea11-80ee-0025b500010d in cooldown period (30 minutes)
2025/07/11 15:52:39 Notification skipped: Vehicle ca53d5de-cf14-ea11-80ee-0025b500010d in cooldown period (30 minutes)
2025/07/11 15:52:39 Notification skipped: Vehicle ca53d5de-cf14-ea11-80ee-0025b500010d in cooldown period (30 minutes)
2025/07/11 15:52:39 Notification skipped: Vehicle ca53d5de-cf14-ea11-80ee-0025b500010d in cooldown period (30 minutes)
2025/07/11 15:52:39 Notification skipped: Vehicle ca53d5de-cf14-ea11-80ee-0025b500010d in cooldown period (30 minutes)
2025/07/11 15:52:39 Notification skipped: Vehicle ca53d5de-cf14-ea11-80ee-0025b500010d in cooldown period (30 minutes)
2025/07/11 15:52:39 Notification skipped: Vehicle ca53d5de-cf14-ea11-80ee-0025b500010d in cooldown period (30 minutes)
2025/07/11 15:52:39 Notification skipped: Vehicle ca53d5de-cf14-ea11-80ee-0025b500010d in cooldown period (30 minutes)
2025/07/11 15:52:39 Notification skipped: Vehicle ca53d5de-cf14-ea11-80ee-0025b500010d in cooldown period (30 minutes)
2025/07/11 15:52:39 Notification skipped: Vehicle ca53d5de-cf14-ea11-80ee-0025b500010d in cooldown period (30 minutes)
2025/07/11 15:52:39 Notification skipped: Vehicle ca53d5de-cf14-ea11-80ee-0025b500010d in cooldown period (30 minutes)
2025/07/11 15:52:39 Notification skipped: Vehicle ca53d5de-cf14-ea11-80ee-0025b500010d in cooldown period (30 minutes)
2025/07/11 15:52:39 Notification skipped: Vehicle ca53d5de-cf14-ea11-80ee-0025b500010d in cooldown period (30 minutes)
2025/07/11 15:52:39 Notification skipped: Vehicle ca53d5de-cf14-ea11-80ee-0025b500010d in cooldown period (30 minutes)
2025/07/11 15:52:39 Notification skipped: Vehicle ca53d5de-cf14-ea11-80ee-0025b500010d in cooldown period (30 minutes)
2025/07/11 15:52:39 Notification skipped: Vehicle ca53d5de-cf14-ea11-80ee-0025b500010d in cooldown period (30 minutes)
2025/07/11 15:52:39 Notification skipped: Vehicle ca53d5de-cf14-ea11-80ee-0025b500010d in cooldown period (30 minutes)
2025/07/11 15:52:39 Notification skipped: Vehicle ca53d5de-cf14-ea11-80ee-0025b500010d in cooldown period (30 minutes)
2025/07/11 15:52:39 Notification skipped: Vehicle ca53d5de-cf14-ea11-80ee-0025b500010d in cooldown period (30 minutes)
2025/07/11 15:52:39 Notification skipped: Vehicle ca53d5de-cf14-ea11-80ee-0025b500010d in cooldown period (30 minutes)
2025/07/11 15:52:39 Notification skipped: Vehicle ca53d5de-cf14-ea11-80ee-0025b500010d in cooldown period (30 minutes)
2025/07/11 15:52:39 Notification skipped: Vehicle ca53d5de-cf14-ea11-80ee-0025b500010d in cooldown period (30 minutes)
2025/07/11 15:52:39 Notification skipped: Vehicle ca53d5de-cf14-ea11-80ee-0025b500010d in cooldown period (30 minutes)
2025/07/11 15:52:39 Notification skipped: Vehicle ca53d5de-cf14-ea11-80ee-0025b500010d in cooldown period (30 minutes)
2025/07/11 15:52:39 Notification skipped: Vehicle ca53d5de-cf14-ea11-80ee-0025b500010d in cooldown period (30 minutes)
2025/07/11 15:52:39 Notification skipped: Vehicle ca53d5de-cf14-ea11-80ee-0025b500010d in cooldown period (30 minutes)
2025/07/11 15:52:39 Notification skipped: Vehicle ca53d5de-cf14-ea11-80ee-0025b500010d in cooldown period (30 minutes)
2025/07/11 15:52:39 Notification skipped: Vehicle ca53d5de-cf14-ea11-80ee-0025b500010d in cooldown period (30 minutes)
2025/07/11 15:52:39 Notification skipped: Vehicle ca53d5de-cf14-ea11-80ee-0025b500010d in cooldown period (30 minutes)
2025/07/11 15:52:39 Notification skipped: Vehicle ca53d5de-cf14-ea11-80ee-0025b500010d in cooldown period (30 minutes)
2025/07/11 15:52:39 Notification skipped: Vehicle ca53d5de-cf14-ea11-80ee-0025b500010d in cooldown period (30 minutes)
2025/07/11 15:52:39 Notification skipped: Vehicle ca53d5de-cf14-ea11-80ee-0025b500010d in cooldown period (30 minutes)
2025/07/11 15:52:39 Notification skipped: Vehicle ca53d5de-cf14-ea11-80ee-0025b500010d in cooldown period (30 minutes)
2025/07/11 15:52:39 Notification skipped: Vehicle ca53d5de-cf14-ea11-80ee-0025b500010d in cooldown period (30 minutes)
2025/07/11 15:52:39 Notification skipped: Vehicle ca53d5de-cf14-ea11-80ee-0025b500010d in cooldown period (30 minutes)
2025/07/11 15:52:39 Notification skipped: Vehicle ca53d5de-cf14-ea11-80ee-0025b500010d in cooldown period (30 minutes)
2025/07/11 15:52:39 Notification skipped: Vehicle ca53d5de-cf14-ea11-80ee-0025b500010d in cooldown period (30 minutes)
2025/07/11 15:52:39 Notification skipped: Vehicle ca53d5de-cf14-ea11-80ee-0025b500010d in cooldown period (30 minutes)
2025/07/11 15:52:39 Notification skipped: Vehicle ca53d5de-cf14-ea11-80ee-0025b500010d in cooldown period (30 minutes)
2025/07/11 15:52:39 Notification skipped: Vehicle ca53d5de-cf14-ea11-80ee-0025b500010d in cooldown period (30 minutes)
2025/07/11 15:52:39 Notification skipped: Vehicle ca53d5de-cf14-ea11-80ee-0025b500010d in cooldown period (30 minutes)
2025/07/11 15:52:39 Notification skipped: Vehicle ca53d5de-cf14-ea11-80ee-0025b500010d in cooldown period (30 minutes)
2025/07/11 15:52:39 Notification skipped: Vehicle ca53d5de-cf14-ea11-80ee-0025b500010d in cooldown period (30 minutes)
2025/07/11 15:52:39 Notification skipped: Vehicle ca53d5de-cf14-ea11-80ee-0025b500010d in cooldown period (30 minutes)
2025/07/11 15:52:39 Notification skipped: Vehicle ca53d5de-cf14-ea11-80ee-0025b500010d in cooldown period (30 minutes)
2025/07/11 15:52:39 Notification skipped: Vehicle ca53d5de-cf14-ea11-80ee-0025b500010d in cooldown period (30 minutes)
2025/07/11 15:52:39 Notification skipped: Vehicle ca53d5de-cf14-ea11-80ee-0025b500010d in cooldown period (30 minutes)
2025/07/11 15:52:39 Notification skipped: Vehicle ca53d5de-cf14-ea11-80ee-0025b500010d in cooldown period (30 minutes)
2025/07/11 15:52:39 Notification skipped: Vehicle ca53d5de-cf14-ea11-80ee-0025b500010d in cooldown period (30 minutes)
2025/07/11 15:52:39 Notification skipped: Vehicle ca53d5de-cf14-ea11-80ee-0025b500010d in cooldown period (30 minutes)
2025/07/11 15:52:39 Notification skipped: Vehicle ca53d5de-cf14-ea11-80ee-0025b500010d in cooldown period (30 minutes)
2025/07/11 15:52:39 Notification skipped: Vehicle ca53d5de-cf14-ea11-80ee-0025b500010d in cooldown period (30 minutes)
2025/07/11 15:52:39 Notification skipped: Vehicle ca53d5de-cf14-ea11-80ee-0025b500010d in cooldown period (30 minutes)
2025/07/11 15:52:39 Notification skipped: Vehicle ca53d5de-cf14-ea11-80ee-0025b500010d in cooldown period (30 minutes)
2025/07/11 15:52:39 Notification skipped: Vehicle ca53d5de-cf14-ea11-80ee-0025b500010d in cooldown period (30 minutes)
2025/07/11 15:52:39 Notification skipped: Vehicle ca53d5de-cf14-ea11-80ee-0025b500010d in cooldown period (30 minutes)
2025/07/11 15:52:39 Notification skipped: Vehicle ca53d5de-cf14-ea11-80ee-0025b500010d in cooldown period (30 minutes)
2025/07/11 15:52:39 Sending notification: 🚨 Speed Alert: Vehicle 46ab06c4-5fb4-e911-80ed-0025b500010d (ف ى ر 8427) exceeding speed by 12 km/h
2025/07/11 15:52:39 Notification sent for vehicle 46ab06c4-5fb4-e911-80ed-0025b500010d (exceeds by 12 km/h)
2025/07/11 15:52:39 Notification skipped: Vehicle 46ab06c4-5fb4-e911-80ed-0025b500010d in cooldown period (30 minutes)
2025/07/11 15:52:39 Notification skipped: Vehicle 46ab06c4-5fb4-e911-80ed-0025b500010d in cooldown period (30 minutes)
2025/07/11 15:52:39 Notification skipped: Vehicle 46ab06c4-5fb4-e911-80ed-0025b500010d in cooldown period (30 minutes)
2025/07/11 15:52:39 Notification skipped: Vehicle 46ab06c4-5fb4-e911-80ed-0025b500010d in cooldown period (30 minutes)
2025/07/11 15:52:39 Notification skipped: Vehicle 46ab06c4-5fb4-e911-80ed-0025b500010d in cooldown period (30 minutes)
2025/07/11 15:52:39 Notification skipped: Vehicle 46ab06c4-5fb4-e911-80ed-0025b500010d in cooldown period (30 minutes)
2025/07/11 15:52:39 Notification skipped: Vehicle 46ab06c4-5fb4-e911-80ed-0025b500010d in cooldown period (30 minutes)
2025/07/11 15:52:39 Notification skipped: Vehicle 46ab06c4-5fb4-e911-80ed-0025b500010d in cooldown period (30 minutes)
2025/07/11 15:52:39 Notification skipped: Vehicle 46ab06c4-5fb4-e911-80ed-0025b500010d in cooldown period (30 minutes)
2025/07/11 15:52:39 Notification skipped: Vehicle 46ab06c4-5fb4-e911-80ed-0025b500010d in cooldown period (30 minutes)
2025/07/11 15:52:39 Notification skipped: Vehicle 46ab06c4-5fb4-e911-80ed-0025b500010d in cooldown period (30 minutes)
2025/07/11 15:52:39 Notification skipped: Vehicle 46ab06c4-5fb4-e911-80ed-0025b500010d in cooldown period (30 minutes)
2025/07/11 15:52:39 Notification skipped: Vehicle 46ab06c4-5fb4-e911-80ed-0025b500010d in cooldown period (30 minutes)
2025/07/11 15:52:39 Notification skipped: Vehicle 46ab06c4-5fb4-e911-80ed-0025b500010d in cooldown period (30 minutes)
2025/07/11 15:52:39 Notification skipped: Vehicle 46ab06c4-5fb4-e911-80ed-0025b500010d in cooldown period (30 minutes)
2025/07/11 15:52:39 Notification skipped: Vehicle 46ab06c4-5fb4-e911-80ed-0025b500010d in cooldown period (30 minutes)
2025/07/11 15:52:39 Notification skipped: Vehicle 46ab06c4-5fb4-e911-80ed-0025b500010d in cooldown period (30 minutes)
2025/07/11 15:52:39 Notification skipped: Vehicle 46ab06c4-5fb4-e911-80ed-0025b500010d in cooldown period (30 minutes)
2025/07/11 15:52:39 Notification skipped: Vehicle 46ab06c4-5fb4-e911-80ed-0025b500010d in cooldown period (30 minutes)
2025/07/11 15:52:39 Notification skipped: Vehicle 46ab06c4-5fb4-e911-80ed-0025b500010d in cooldown period (30 minutes)
2025/07/11 15:52:39 Notification skipped: Vehicle 46ab06c4-5fb4-e911-80ed-0025b500010d in cooldown period (30 minutes)
2025/07/11 15:52:39 Notification skipped: Vehicle 46ab06c4-5fb4-e911-80ed-0025b500010d in cooldown period (30 minutes)
2025/07/11 15:52:39 Notification skipped: Vehicle 46ab06c4-5fb4-e911-80ed-0025b500010d in cooldown period (30 minutes)
2025/07/11 15:52:39 Sending notification: 🚨 Speed Alert: Vehicle 19419bf3-6aa0-e811-80de-0025b500010d (ف ى ر 9156) exceeding speed by 8 km/h
2025/07/11 15:52:39 Notification sent for vehicle 19419bf3-6aa0-e811-80de-0025b500010d (exceeds by 8 km/h)
2025/07/11 15:52:39 Notification skipped: Vehicle 19419bf3-6aa0-e811-80de-0025b500010d in cooldown period (30 minutes)
2025/07/11 15:52:39 Notification skipped: Vehicle 19419bf3-6aa0-e811-80de-0025b500010d in cooldown period (30 minutes)
2025/07/11 15:52:39 Notification skipped: Vehicle 19419bf3-6aa0-e811-80de-0025b500010d in cooldown period (30 minutes)
2025/07/11 15:52:39 Notification skipped: Vehicle 19419bf3-6aa0-e811-80de-0025b500010d in cooldown period (30 minutes)
2025/07/11 15:52:39 Notification skipped: Vehicle 19419bf3-6aa0-e811-80de-0025b500010d in cooldown period (30 minutes)
2025/07/11 15:52:39 Notification skipped: Vehicle 19419bf3-6aa0-e811-80de-0025b500010d in cooldown period (30 minutes)
2025/07/11 15:52:39 Notification skipped: Vehicle 19419bf3-6aa0-e811-80de-0025b500010d in cooldown period (30 minutes)
2025/07/11 15:52:39 Notification skipped: Vehicle 19419bf3-6aa0-e811-80de-0025b500010d in cooldown period (30 minutes)
2025/07/11 15:52:39 Notification skipped: Vehicle 19419bf3-6aa0-e811-80de-0025b500010d in cooldown period (30 minutes)
2025/07/11 15:52:39 Notification skipped: Vehicle 19419bf3-6aa0-e811-80de-0025b500010d in cooldown period (30 minutes)
2025/07/11 15:52:39 Notification skipped: Vehicle 19419bf3-6aa0-e811-80de-0025b500010d in cooldown period (30 minutes)
2025/07/11 15:52:39 Notification skipped: Vehicle 19419bf3-6aa0-e811-80de-0025b500010d in cooldown period (30 minutes)
2025/07/11 15:52:39 Notification skipped: Vehicle 19419bf3-6aa0-e811-80de-0025b500010d in cooldown period (30 minutes)
2025/07/11 15:52:39 Notification skipped: Vehicle 19419bf3-6aa0-e811-80de-0025b500010d in cooldown period (30 minutes)
2025/07/11 15:52:39 Notification skipped: Vehicle 19419bf3-6aa0-e811-80de-0025b500010d in cooldown period (30 minutes)
2025/07/11 15:52:39 Notification skipped: Vehicle 19419bf3-6aa0-e811-80de-0025b500010d in cooldown period (30 minutes)
2025/07/11 15:52:39 Notification skipped: Vehicle 19419bf3-6aa0-e811-80de-0025b500010d in cooldown period (30 minutes)
2025/07/11 15:52:39 Notification skipped: Vehicle 19419bf3-6aa0-e811-80de-0025b500010d in cooldown period (30 minutes)
2025/07/11 15:52:39 Notification skipped: Vehicle 19419bf3-6aa0-e811-80de-0025b500010d in cooldown period (30 minutes)
2025/07/11 15:52:39 Notification skipped: Vehicle 19419bf3-6aa0-e811-80de-0025b500010d in cooldown period (30 minutes)
2025/07/11 15:52:39 Notification skipped: Vehicle 19419bf3-6aa0-e811-80de-0025b500010d in cooldown period (30 minutes)
2025/07/11 15:52:39 Notification skipped: Vehicle 19419bf3-6aa0-e811-80de-0025b500010d in cooldown period (30 minutes)
2025/07/11 15:52:39 Notification skipped: Vehicle 19419bf3-6aa0-e811-80de-0025b500010d in cooldown period (30 minutes)
2025/07/11 15:52:39 Notification skipped: Vehicle 19419bf3-6aa0-e811-80de-0025b500010d in cooldown period (30 minutes)
2025/07/11 15:52:39 Notification skipped: Vehicle 19419bf3-6aa0-e811-80de-0025b500010d in cooldown period (30 minutes)
2025/07/11 15:52:39 Notification skipped: Vehicle 19419bf3-6aa0-e811-80de-0025b500010d in cooldown period (30 minutes)
2025/07/11 15:52:39 Sending notification: 🚨 Speed Alert: Vehicle 8a77baf4-5fb4-e911-80ed-0025b500010d (ف م س 9247) exceeding speed by 2 km/h
2025/07/11 15:52:39 Notification sent for vehicle 8a77baf4-5fb4-e911-80ed-0025b500010d (exceeds by 2 km/h)
2025/07/11 15:52:39 Notification skipped: Vehicle 8a77baf4-5fb4-e911-80ed-0025b500010d in cooldown period (30 minutes)
2025/07/11 15:52:39 Notification skipped: Vehicle 8a77baf4-5fb4-e911-80ed-0025b500010d in cooldown period (30 minutes)
2025/07/11 15:52:39 Notification skipped: Vehicle 8a77baf4-5fb4-e911-80ed-0025b500010d in cooldown period (30 minutes)
2025/07/11 15:52:39 Notification skipped: Vehicle 8a77baf4-5fb4-e911-80ed-0025b500010d in cooldown period (30 minutes)
2025/07/11 15:52:39 Notification skipped: Vehicle 8a77baf4-5fb4-e911-80ed-0025b500010d in cooldown period (30 minutes)
2025/07/11 15:52:39 Notification skipped: Vehicle 8a77baf4-5fb4-e911-80ed-0025b500010d in cooldown period (30 minutes)
2025/07/11 15:52:39 Notification skipped: Vehicle 8a77baf4-5fb4-e911-80ed-0025b500010d in cooldown period (30 minutes)
2025/07/11 15:52:39 Notification skipped: Vehicle 8a77baf4-5fb4-e911-80ed-0025b500010d in cooldown period (30 minutes)
2025/07/11 15:52:39 Notification skipped: Vehicle 8a77baf4-5fb4-e911-80ed-0025b500010d in cooldown period (30 minutes)
2025/07/11 15:52:39 Notification skipped: Vehicle 8a77baf4-5fb4-e911-80ed-0025b500010d in cooldown period (30 minutes)
2025/07/11 15:52:39 Notification skipped: Vehicle 8a77baf4-5fb4-e911-80ed-0025b500010d in cooldown period (30 minutes)
2025/07/11 15:52:39 Notification skipped: Vehicle 8a77baf4-5fb4-e911-80ed-0025b500010d in cooldown period (30 minutes)
2025/07/11 15:52:39 Notification skipped: Vehicle 8a77baf4-5fb4-e911-80ed-0025b500010d in cooldown period (30 minutes)
2025/07/11 15:52:39 Notification skipped: Vehicle 8a77baf4-5fb4-e911-80ed-0025b500010d in cooldown period (30 minutes)
2025/07/11 15:52:39 Notification skipped: Vehicle 8a77baf4-5fb4-e911-80ed-0025b500010d in cooldown period (30 minutes)
2025/07/11 15:52:39 Notification skipped: Vehicle 8a77baf4-5fb4-e911-80ed-0025b500010d in cooldown period (30 minutes)
2025/07/11 15:52:39 Notification skipped: Vehicle 8a77baf4-5fb4-e911-80ed-0025b500010d in cooldown period (30 minutes)
2025/07/11 15:52:39 Notification skipped: Vehicle 8a77baf4-5fb4-e911-80ed-0025b500010d in cooldown period (30 minutes)
2025/07/11 15:52:39 Notification skipped: Vehicle 8a77baf4-5fb4-e911-80ed-0025b500010d in cooldown period (30 minutes)
2025/07/11 15:52:39 Notification skipped: Vehicle 8a77baf4-5fb4-e911-80ed-0025b500010d in cooldown period (30 minutes)
2025/07/11 15:52:39 Notification skipped: Vehicle 8a77baf4-5fb4-e911-80ed-0025b500010d in cooldown period (30 minutes)
2025/07/11 15:52:39 Notification skipped: Vehicle 8a77baf4-5fb4-e911-80ed-0025b500010d in cooldown period (30 minutes)
2025/07/11 15:52:39 Notification skipped: Vehicle 8a77baf4-5fb4-e911-80ed-0025b500010d in cooldown period (30 minutes)
2025/07/11 15:52:39 Notification skipped: Vehicle 8a77baf4-5fb4-e911-80ed-0025b500010d in cooldown period (30 minutes)
2025/07/11 15:52:39 Notification skipped: Vehicle 8a77baf4-5fb4-e911-80ed-0025b500010d in cooldown period (30 minutes)
2025/07/11 15:52:39 Notification skipped: Vehicle 8a77baf4-5fb4-e911-80ed-0025b500010d in cooldown period (30 minutes)
2025/07/11 15:52:39 Notification skipped: Vehicle 8a77baf4-5fb4-e911-80ed-0025b500010d in cooldown period (30 minutes)
2025/07/11 15:52:39 Notification skipped: Vehicle 8a77baf4-5fb4-e911-80ed-0025b500010d in cooldown period (30 minutes)
2025/07/11 15:52:39 Notification skipped: Vehicle 8a77baf4-5fb4-e911-80ed-0025b500010d in cooldown period (30 minutes)
2025/07/11 15:52:39 Notification skipped: Vehicle 8a77baf4-5fb4-e911-80ed-0025b500010d in cooldown period (30 minutes)
2025/07/11 15:52:39 Notification skipped: Vehicle 8a77baf4-5fb4-e911-80ed-0025b500010d in cooldown period (30 minutes)
2025/07/11 15:52:39 Notification skipped: Vehicle 8a77baf4-5fb4-e911-80ed-0025b500010d in cooldown period (30 minutes)
2025/07/11 15:52:39 Notification skipped: Vehicle 8a77baf4-5fb4-e911-80ed-0025b500010d in cooldown period (30 minutes)
2025/07/11 15:52:39 Notification skipped: Vehicle 8a77baf4-5fb4-e911-80ed-0025b500010d in cooldown period (30 minutes)
2025/07/11 15:52:39 Notification skipped: Vehicle 8a77baf4-5fb4-e911-80ed-0025b500010d in cooldown period (30 minutes)
2025/07/11 15:52:39 Notification skipped: Vehicle 8a77baf4-5fb4-e911-80ed-0025b500010d in cooldown period (30 minutes)
2025/07/11 15:52:39 Notification skipped: Vehicle 8a77baf4-5fb4-e911-80ed-0025b500010d in cooldown period (30 minutes)
2025/07/11 15:52:39 Sending notification: 🚨 Speed Alert: Vehicle 19cdd2ad-aaba-ea11-80f4-0025b500010d (ف ر ص 8461) exceeding speed by 1 km/h
2025/07/11 15:52:39 Notification sent for vehicle 19cdd2ad-aaba-ea11-80f4-0025b500010d (exceeds by 1 km/h)
2025/07/11 15:52:39 Notification skipped: Vehicle 19cdd2ad-aaba-ea11-80f4-0025b500010d in cooldown period (30 minutes)
2025/07/11 15:52:39 Notification skipped: Vehicle 19cdd2ad-aaba-ea11-80f4-0025b500010d in cooldown period (30 minutes)
2025/07/11 15:52:39 Notification skipped: Vehicle 19cdd2ad-aaba-ea11-80f4-0025b500010d in cooldown period (30 minutes)
2025/07/11 15:52:39 Notification skipped: Vehicle 19cdd2ad-aaba-ea11-80f4-0025b500010d in cooldown period (30 minutes)
2025/07/11 15:52:39 Notification skipped: Vehicle 19cdd2ad-aaba-ea11-80f4-0025b500010d in cooldown period (30 minutes)
2025/07/11 15:52:39 Notification skipped: Vehicle 19cdd2ad-aaba-ea11-80f4-0025b500010d in cooldown period (30 minutes)
2025/07/11 15:52:39 Notification skipped: Vehicle 19cdd2ad-aaba-ea11-80f4-0025b500010d in cooldown period (30 minutes)
2025/07/11 15:52:39 Notification skipped: Vehicle 19cdd2ad-aaba-ea11-80f4-0025b500010d in cooldown period (30 minutes)
2025/07/11 15:52:39 Notification skipped: Vehicle 19cdd2ad-aaba-ea11-80f4-0025b500010d in cooldown period (30 minutes)
2025/07/11 15:52:39 Notification skipped: Vehicle 19cdd2ad-aaba-ea11-80f4-0025b500010d in cooldown period (30 minutes)
2025/07/11 15:52:39 Notification skipped: Vehicle 19cdd2ad-aaba-ea11-80f4-0025b500010d in cooldown period (30 minutes)
2025/07/11 15:52:39 Notification skipped: Vehicle 19cdd2ad-aaba-ea11-80f4-0025b500010d in cooldown period (30 minutes)
2025/07/11 15:52:39 Notification skipped: Vehicle 19cdd2ad-aaba-ea11-80f4-0025b500010d in cooldown period (30 minutes)
2025/07/11 15:52:39 Notification skipped: Vehicle 19cdd2ad-aaba-ea11-80f4-0025b500010d in cooldown period (30 minutes)
2025/07/11 15:52:39 Notification skipped: Vehicle 19cdd2ad-aaba-ea11-80f4-0025b500010d in cooldown period (30 minutes)
2025/07/11 15:52:39 Notification skipped: Vehicle 19cdd2ad-aaba-ea11-80f4-0025b500010d in cooldown period (30 minutes)
2025/07/11 15:52:39 Notification skipped: Vehicle 19cdd2ad-aaba-ea11-80f4-0025b500010d in cooldown period (30 minutes)
2025/07/11 15:52:39 Notification skipped: Vehicle 19cdd2ad-aaba-ea11-80f4-0025b500010d in cooldown period (30 minutes)
2025/07/11 15:52:39 Notification skipped: Vehicle 19cdd2ad-aaba-ea11-80f4-0025b500010d in cooldown period (30 minutes)
2025/07/11 15:52:39 Notification skipped: Vehicle 19cdd2ad-aaba-ea11-80f4-0025b500010d in cooldown period (30 minutes)
2025/07/11 15:52:39 Notification skipped: Vehicle 19cdd2ad-aaba-ea11-80f4-0025b500010d in cooldown period (30 minutes)
2025/07/11 15:52:39 Notification skipped: Vehicle 19cdd2ad-aaba-ea11-80f4-0025b500010d in cooldown period (30 minutes)
2025/07/11 15:52:39 Notification skipped: Vehicle 19cdd2ad-aaba-ea11-80f4-0025b500010d in cooldown period (30 minutes)
2025/07/11 15:52:39 Notification skipped: Vehicle 19cdd2ad-aaba-ea11-80f4-0025b500010d in cooldown period (30 minutes)
2025/07/11 15:52:39 Notification skipped: Vehicle 19cdd2ad-aaba-ea11-80f4-0025b500010d in cooldown period (30 minutes)
2025/07/11 15:52:39 Notification skipped: Vehicle 19cdd2ad-aaba-ea11-80f4-0025b500010d in cooldown period (30 minutes)
2025/07/11 15:52:39 Notification skipped: Vehicle 19cdd2ad-aaba-ea11-80f4-0025b500010d in cooldown period (30 minutes)
2025/07/11 15:52:39 Notification skipped: Vehicle 19cdd2ad-aaba-ea11-80f4-0025b500010d in cooldown period (30 minutes)
2025/07/11 15:52:39 Notification skipped: Vehicle 19cdd2ad-aaba-ea11-80f4-0025b500010d in cooldown period (30 minutes)
2025/07/11 15:52:39 Notification skipped: Vehicle 19cdd2ad-aaba-ea11-80f4-0025b500010d in cooldown period (30 minutes)
2025/07/11 15:52:39 Notification skipped: Vehicle 19cdd2ad-aaba-ea11-80f4-0025b500010d in cooldown period (30 minutes)
2025/07/11 15:52:39 Notification skipped: Vehicle 19cdd2ad-aaba-ea11-80f4-0025b500010d in cooldown period (30 minutes)
2025/07/11 15:52:39 Notification skipped: Vehicle 19cdd2ad-aaba-ea11-80f4-0025b500010d in cooldown period (30 minutes)
2025/07/11 15:52:39 Notification skipped: Vehicle 19cdd2ad-aaba-ea11-80f4-0025b500010d in cooldown period (30 minutes)
2025/07/11 15:52:39 Notification skipped: Vehicle 19cdd2ad-aaba-ea11-80f4-0025b500010d in cooldown period (30 minutes)
2025/07/11 15:52:39 Notification skipped: Vehicle 19cdd2ad-aaba-ea11-80f4-0025b500010d in cooldown period (30 minutes)
2025/07/11 15:52:39 Notification skipped: Vehicle 19cdd2ad-aaba-ea11-80f4-0025b500010d in cooldown period (30 minutes)
2025/07/11 15:52:39 Notification skipped: Vehicle 19cdd2ad-aaba-ea11-80f4-0025b500010d in cooldown period (30 minutes)
2025/07/11 15:52:39 Notification skipped: Vehicle 19cdd2ad-aaba-ea11-80f4-0025b500010d in cooldown period (30 minutes)
2025/07/11 15:52:39 Notification skipped: Vehicle 19cdd2ad-aaba-ea11-80f4-0025b500010d in cooldown period (30 minutes)
2025/07/11 15:52:39 Notification skipped: Vehicle 19cdd2ad-aaba-ea11-80f4-0025b500010d in cooldown period (30 minutes)
2025/07/11 15:52:39 Notification skipped: Vehicle 19cdd2ad-aaba-ea11-80f4-0025b500010d in cooldown period (30 minutes)
2025/07/11 15:52:39 Notification skipped: Vehicle 19cdd2ad-aaba-ea11-80f4-0025b500010d in cooldown period (30 minutes)
2025/07/11 15:52:39 Notification skipped: Vehicle 19cdd2ad-aaba-ea11-80f4-0025b500010d in cooldown period (30 minutes)
2025/07/11 15:52:39 Notification skipped: Vehicle 19cdd2ad-aaba-ea11-80f4-0025b500010d in cooldown period (30 minutes)
2025/07/11 15:52:39 Notification skipped: Vehicle 19cdd2ad-aaba-ea11-80f4-0025b500010d in cooldown period (30 minutes)
2025/07/11 15:52:39 Notification skipped: Vehicle 19cdd2ad-aaba-ea11-80f4-0025b500010d in cooldown period (30 minutes)
2025/07/11 15:52:39 Notification skipped: Vehicle 19cdd2ad-aaba-ea11-80f4-0025b500010d in cooldown period (30 minutes)
2025/07/11 15:52:39 Notification skipped: Vehicle 19cdd2ad-aaba-ea11-80f4-0025b500010d in cooldown period (30 minutes)
2025/07/11 15:52:39 Notification skipped: Vehicle 19cdd2ad-aaba-ea11-80f4-0025b500010d in cooldown period (30 minutes)
2025/07/11 15:52:39 Notification skipped: Vehicle 19cdd2ad-aaba-ea11-80f4-0025b500010d in cooldown period (30 minutes)
2025/07/11 15:52:39 Notification skipped: Vehicle 19cdd2ad-aaba-ea11-80f4-0025b500010d in cooldown period (30 minutes)
2025/07/11 15:52:39 Notification skipped: Vehicle 19cdd2ad-aaba-ea11-80f4-0025b500010d in cooldown period (30 minutes)
2025/07/11 15:52:39 Notification skipped: Vehicle 19cdd2ad-aaba-ea11-80f4-0025b500010d in cooldown period (30 minutes)
2025/07/11 15:52:39 Notification skipped: Vehicle 19cdd2ad-aaba-ea11-80f4-0025b500010d in cooldown period (30 minutes)
2025/07/11 15:52:39 Notification skipped: Vehicle 19cdd2ad-aaba-ea11-80f4-0025b500010d in cooldown period (30 minutes)
2025/07/11 15:52:39 Notification skipped: Vehicle 19cdd2ad-aaba-ea11-80f4-0025b500010d in cooldown period (30 minutes)
2025/07/11 15:52:39 Notification skipped: Vehicle 19cdd2ad-aaba-ea11-80f4-0025b500010d in cooldown period (30 minutes)
2025/07/11 15:52:39 Notification skipped: Vehicle 19cdd2ad-aaba-ea11-80f4-0025b500010d in cooldown period (30 minutes)
2025/07/11 15:52:39 Notification skipped: Vehicle 19cdd2ad-aaba-ea11-80f4-0025b500010d in cooldown period (30 minutes)
2025/07/11 15:52:39 Notification skipped: Vehicle 19cdd2ad-aaba-ea11-80f4-0025b500010d in cooldown period (30 minutes)
2025/07/11 15:52:39 Notification skipped: Vehicle 19cdd2ad-aaba-ea11-80f4-0025b500010d in cooldown period (30 minutes)
2025/07/11 15:52:39 Notification skipped: Vehicle 19cdd2ad-aaba-ea11-80f4-0025b500010d in cooldown period (30 minutes)
2025/07/11 15:52:39 Notification skipped: Vehicle 19cdd2ad-aaba-ea11-80f4-0025b500010d in cooldown period (30 minutes)
2025/07/11 15:52:39 Notification skipped: Vehicle 19cdd2ad-aaba-ea11-80f4-0025b500010d in cooldown period (30 minutes)
2025/07/11 15:52:39 Notification skipped: Vehicle 19cdd2ad-aaba-ea11-80f4-0025b500010d in cooldown period (30 minutes)
2025/07/11 15:52:39 Notification skipped: Vehicle 19cdd2ad-aaba-ea11-80f4-0025b500010d in cooldown period (30 minutes)
2025/07/11 15:52:39 Notification skipped: Vehicle 19cdd2ad-aaba-ea11-80f4-0025b500010d in cooldown period (30 minutes)
2025/07/11 15:52:39 Notification skipped: Vehicle 19cdd2ad-aaba-ea11-80f4-0025b500010d in cooldown period (30 minutes)
2025/07/11 15:52:39 Notification skipped: Vehicle 19cdd2ad-aaba-ea11-80f4-0025b500010d in cooldown period (30 minutes)
2025/07/11 15:52:39 Notification skipped: Vehicle 19cdd2ad-aaba-ea11-80f4-0025b500010d in cooldown period (30 minutes)
2025/07/11 15:52:39 Notification skipped: Vehicle 19cdd2ad-aaba-ea11-80f4-0025b500010d in cooldown period (30 minutes)
2025/07/11 15:52:39 Notification skipped: Vehicle 19cdd2ad-aaba-ea11-80f4-0025b500010d in cooldown period (30 minutes)
2025/07/11 15:52:39 Notification skipped: Vehicle 19cdd2ad-aaba-ea11-80f4-0025b500010d in cooldown period (30 minutes)
2025/07/11 15:52:39 Sending notification: 🚨 Speed Alert: Vehicle edddb58e-aaba-ea11-80f4-0025b500010d (ف د ى 6834) exceeding speed by 3 km/h
2025/07/11 15:52:39 Notification sent for vehicle edddb58e-aaba-ea11-80f4-0025b500010d (exceeds by 3 km/h)
2025/07/11 15:52:39 Notification skipped: Vehicle edddb58e-aaba-ea11-80f4-0025b500010d in cooldown period (30 minutes)
2025/07/11 15:52:39 Notification skipped: Vehicle edddb58e-aaba-ea11-80f4-0025b500010d in cooldown period (30 minutes)
2025/07/11 15:52:39 Notification skipped: Vehicle edddb58e-aaba-ea11-80f4-0025b500010d in cooldown period (30 minutes)
2025/07/11 15:52:39 Notification skipped: Vehicle edddb58e-aaba-ea11-80f4-0025b500010d in cooldown period (30 minutes)
2025/07/11 15:52:39 Notification skipped: Vehicle edddb58e-aaba-ea11-80f4-0025b500010d in cooldown period (30 minutes)
2025/07/11 15:52:39 Notification skipped: Vehicle edddb58e-aaba-ea11-80f4-0025b500010d in cooldown period (30 minutes)
2025/07/11 15:52:39 Notification skipped: Vehicle edddb58e-aaba-ea11-80f4-0025b500010d in cooldown period (30 minutes)
2025/07/11 15:52:39 Notification skipped: Vehicle edddb58e-aaba-ea11-80f4-0025b500010d in cooldown period (30 minutes)
2025/07/11 15:52:39 Notification skipped: Vehicle edddb58e-aaba-ea11-80f4-0025b500010d in cooldown period (30 minutes)
2025/07/11 15:52:39 Notification skipped: Vehicle edddb58e-aaba-ea11-80f4-0025b500010d in cooldown period (30 minutes)
2025/07/11 15:52:39 Notification skipped: Vehicle edddb58e-aaba-ea11-80f4-0025b500010d in cooldown period (30 minutes)
2025/07/11 15:52:39 Notification skipped: Vehicle edddb58e-aaba-ea11-80f4-0025b500010d in cooldown period (30 minutes)
2025/07/11 15:52:39 Notification skipped: Vehicle edddb58e-aaba-ea11-80f4-0025b500010d in cooldown period (30 minutes)
2025/07/11 15:52:39 Notification skipped: Vehicle edddb58e-aaba-ea11-80f4-0025b500010d in cooldown period (30 minutes)
2025/07/11 15:52:39 Notification skipped: Vehicle edddb58e-aaba-ea11-80f4-0025b500010d in cooldown period (30 minutes)
2025/07/11 15:52:39 Notification skipped: Vehicle edddb58e-aaba-ea11-80f4-0025b500010d in cooldown period (30 minutes)
2025/07/11 15:52:39 Notification skipped: Vehicle edddb58e-aaba-ea11-80f4-0025b500010d in cooldown period (30 minutes)
2025/07/11 15:52:39 Notification skipped: Vehicle edddb58e-aaba-ea11-80f4-0025b500010d in cooldown period (30 minutes)
2025/07/11 15:52:39 Notification skipped: Vehicle edddb58e-aaba-ea11-80f4-0025b500010d in cooldown period (30 minutes)
2025/07/11 15:52:39 Notification skipped: Vehicle edddb58e-aaba-ea11-80f4-0025b500010d in cooldown period (30 minutes)
2025/07/11 15:52:39 Notification skipped: Vehicle edddb58e-aaba-ea11-80f4-0025b500010d in cooldown period (30 minutes)
2025/07/11 15:52:39 Notification skipped: Vehicle edddb58e-aaba-ea11-80f4-0025b500010d in cooldown period (30 minutes)
2025/07/11 15:52:39 Notification skipped: Vehicle edddb58e-aaba-ea11-80f4-0025b500010d in cooldown period (30 minutes)
2025/07/11 15:52:39 Notification skipped: Vehicle edddb58e-aaba-ea11-80f4-0025b500010d in cooldown period (30 minutes)
2025/07/11 15:52:39 Notification skipped: Vehicle edddb58e-aaba-ea11-80f4-0025b500010d in cooldown period (30 minutes)
2025/07/11 15:52:39 Notification skipped: Vehicle edddb58e-aaba-ea11-80f4-0025b500010d in cooldown period (30 minutes)
2025/07/11 15:52:39 Notification skipped: Vehicle edddb58e-aaba-ea11-80f4-0025b500010d in cooldown period (30 minutes)
2025/07/11 15:52:39 Notification skipped: Vehicle edddb58e-aaba-ea11-80f4-0025b500010d in cooldown period (30 minutes)
2025/07/11 15:52:39 Notification skipped: Vehicle edddb58e-aaba-ea11-80f4-0025b500010d in cooldown period (30 minutes)
2025/07/11 15:52:39 Notification skipped: Vehicle edddb58e-aaba-ea11-80f4-0025b500010d in cooldown period (30 minutes)
2025/07/11 15:52:39 Notification skipped: Vehicle edddb58e-aaba-ea11-80f4-0025b500010d in cooldown period (30 minutes)
2025/07/11 15:52:39 Notification skipped: Vehicle edddb58e-aaba-ea11-80f4-0025b500010d in cooldown period (30 minutes)
2025/07/11 15:52:39 Notification skipped: Vehicle edddb58e-aaba-ea11-80f4-0025b500010d in cooldown period (30 minutes)
2025/07/11 15:52:39 Notification skipped: Vehicle edddb58e-aaba-ea11-80f4-0025b500010d in cooldown period (30 minutes)
2025/07/11 15:52:39 Notification skipped: Vehicle edddb58e-aaba-ea11-80f4-0025b500010d in cooldown period (30 minutes)
2025/07/11 15:52:39 Notification skipped: Vehicle edddb58e-aaba-ea11-80f4-0025b500010d in cooldown period (30 minutes)
2025/07/11 15:52:39 Notification skipped: Vehicle edddb58e-aaba-ea11-80f4-0025b500010d in cooldown period (30 minutes)
2025/07/11 15:52:39 Notification skipped: Vehicle edddb58e-aaba-ea11-80f4-0025b500010d in cooldown period (30 minutes)
2025/07/11 15:52:39 Notification skipped: Vehicle edddb58e-aaba-ea11-80f4-0025b500010d in cooldown period (30 minutes)
2025/07/11 15:52:39 Notification skipped: Vehicle edddb58e-aaba-ea11-80f4-0025b500010d in cooldown period (30 minutes)
2025/07/11 15:52:39 Notification skipped: Vehicle edddb58e-aaba-ea11-80f4-0025b500010d in cooldown period (30 minutes)
2025/07/11 15:52:39 Notification skipped: Vehicle edddb58e-aaba-ea11-80f4-0025b500010d in cooldown period (30 minutes)
2025/07/11 15:52:39 Notification skipped: Vehicle edddb58e-aaba-ea11-80f4-0025b500010d in cooldown period (30 minutes)
2025/07/11 15:52:39 Notification skipped: Vehicle edddb58e-aaba-ea11-80f4-0025b500010d in cooldown period (30 minutes)
2025/07/11 15:52:39 Notification skipped: Vehicle edddb58e-aaba-ea11-80f4-0025b500010d in cooldown period (30 minutes)
2025/07/11 15:52:39 Notification skipped: Vehicle edddb58e-aaba-ea11-80f4-0025b500010d in cooldown period (30 minutes)
2025/07/11 15:52:39 Notification skipped: Vehicle edddb58e-aaba-ea11-80f4-0025b500010d in cooldown period (30 minutes)
2025/07/11 15:52:39 Notification skipped: Vehicle edddb58e-aaba-ea11-80f4-0025b500010d in cooldown period (30 minutes)
2025/07/11 15:52:39 Notification skipped: Vehicle edddb58e-aaba-ea11-80f4-0025b500010d in cooldown period (30 minutes)
2025/07/11 15:52:39 Notification skipped: Vehicle edddb58e-aaba-ea11-80f4-0025b500010d in cooldown period (30 minutes)
2025/07/11 15:52:39 Notification skipped: Vehicle edddb58e-aaba-ea11-80f4-0025b500010d in cooldown period (30 minutes)
2025/07/11 15:52:39 Sending notification: 🚨 Speed Alert: Vehicle 524e35bb-cff8-ef11-810e-0025b500010d (ف ج م 5918) exceeding speed by 10 km/h
2025/07/11 15:52:39 Notification sent for vehicle 524e35bb-cff8-ef11-810e-0025b500010d (exceeds by 10 km/h)
2025/07/11 15:52:39 Notification skipped: Vehicle 524e35bb-cff8-ef11-810e-0025b500010d in cooldown period (30 minutes)
2025/07/11 15:52:39 Notification skipped: Vehicle 524e35bb-cff8-ef11-810e-0025b500010d in cooldown period (30 minutes)
2025/07/11 15:52:39 Notification skipped: Vehicle 524e35bb-cff8-ef11-810e-0025b500010d in cooldown period (30 minutes)
2025/07/11 15:52:39 Notification skipped: Vehicle 524e35bb-cff8-ef11-810e-0025b500010d in cooldown period (30 minutes)
2025/07/11 15:52:39 Notification skipped: Vehicle 524e35bb-cff8-ef11-810e-0025b500010d in cooldown period (30 minutes)
2025/07/11 15:52:39 Notification skipped: Vehicle 524e35bb-cff8-ef11-810e-0025b500010d in cooldown period (30 minutes)
2025/07/11 15:52:39 Notification skipped: Vehicle 524e35bb-cff8-ef11-810e-0025b500010d in cooldown period (30 minutes)
2025/07/11 15:52:39 Notification skipped: Vehicle 524e35bb-cff8-ef11-810e-0025b500010d in cooldown period (30 minutes)
2025/07/11 15:52:39 Notification skipped: Vehicle 524e35bb-cff8-ef11-810e-0025b500010d in cooldown period (30 minutes)
2025/07/11 15:52:39 Notification skipped: Vehicle 524e35bb-cff8-ef11-810e-0025b500010d in cooldown period (30 minutes)
2025/07/11 15:52:39 Notification skipped: Vehicle 524e35bb-cff8-ef11-810e-0025b500010d in cooldown period (30 minutes)
2025/07/11 15:52:39 Notification skipped: Vehicle 524e35bb-cff8-ef11-810e-0025b500010d in cooldown period (30 minutes)
2025/07/11 15:52:39 Notification skipped: Vehicle 524e35bb-cff8-ef11-810e-0025b500010d in cooldown period (30 minutes)
2025/07/11 15:52:39 Notification skipped: Vehicle 524e35bb-cff8-ef11-810e-0025b500010d in cooldown period (30 minutes)
2025/07/11 15:52:39 Notification skipped: Vehicle 524e35bb-cff8-ef11-810e-0025b500010d in cooldown period (30 minutes)
2025/07/11 15:52:39 Notification skipped: Vehicle 524e35bb-cff8-ef11-810e-0025b500010d in cooldown period (30 minutes)
2025/07/11 15:52:39 Notification skipped: Vehicle 524e35bb-cff8-ef11-810e-0025b500010d in cooldown period (30 minutes)
2025/07/11 15:52:39 Notification skipped: Vehicle 524e35bb-cff8-ef11-810e-0025b500010d in cooldown period (30 minutes)
2025/07/11 15:52:39 Notification skipped: Vehicle 524e35bb-cff8-ef11-810e-0025b500010d in cooldown period (30 minutes)
2025/07/11 15:52:39 Notification skipped: Vehicle 524e35bb-cff8-ef11-810e-0025b500010d in cooldown period (30 minutes)
2025/07/11 15:52:39 Notification skipped: Vehicle 524e35bb-cff8-ef11-810e-0025b500010d in cooldown period (30 minutes)
2025/07/11 15:52:39 Notification skipped: Vehicle 524e35bb-cff8-ef11-810e-0025b500010d in cooldown period (30 minutes)
2025/07/11 15:52:39 Notification skipped: Vehicle 524e35bb-cff8-ef11-810e-0025b500010d in cooldown period (30 minutes)
2025/07/11 15:52:39 Notification skipped: Vehicle 524e35bb-cff8-ef11-810e-0025b500010d in cooldown period (30 minutes)
2025/07/11 15:52:39 Notification skipped: Vehicle 524e35bb-cff8-ef11-810e-0025b500010d in cooldown period (30 minutes)
2025/07/11 15:52:39 Notification skipped: Vehicle 524e35bb-cff8-ef11-810e-0025b500010d in cooldown period (30 minutes)
2025/07/11 15:52:39 Notification skipped: Vehicle 524e35bb-cff8-ef11-810e-0025b500010d in cooldown period (30 minutes)
2025/07/11 15:52:39 Notification skipped: Vehicle 524e35bb-cff8-ef11-810e-0025b500010d in cooldown period (30 minutes)
2025/07/11 15:52:39 Notification skipped: Vehicle 524e35bb-cff8-ef11-810e-0025b500010d in cooldown period (30 minutes)
2025/07/11 15:52:39 Notification skipped: Vehicle 524e35bb-cff8-ef11-810e-0025b500010d in cooldown period (30 minutes)
2025/07/11 15:52:39 Notification skipped: Vehicle 524e35bb-cff8-ef11-810e-0025b500010d in cooldown period (30 minutes)
2025/07/11 15:52:39 Notification skipped: Vehicle 524e35bb-cff8-ef11-810e-0025b500010d in cooldown period (30 minutes)
2025/07/11 15:52:39 Notification skipped: Vehicle 524e35bb-cff8-ef11-810e-0025b500010d in cooldown period (30 minutes)
2025/07/11 15:52:39 Notification skipped: Vehicle 524e35bb-cff8-ef11-810e-0025b500010d in cooldown period (30 minutes)
2025/07/11 15:52:39 Notification skipped: Vehicle 524e35bb-cff8-ef11-810e-0025b500010d in cooldown period (30 minutes)
2025/07/11 15:52:39 Notification skipped: Vehicle 524e35bb-cff8-ef11-810e-0025b500010d in cooldown period (30 minutes)
2025/07/11 15:52:39 Notification skipped: Vehicle 524e35bb-cff8-ef11-810e-0025b500010d in cooldown period (30 minutes)
2025/07/11 15:52:39 Notification skipped: Vehicle 524e35bb-cff8-ef11-810e-0025b500010d in cooldown period (30 minutes)
2025/07/11 15:52:39 Notification skipped: Vehicle 524e35bb-cff8-ef11-810e-0025b500010d in cooldown period (30 minutes)
2025/07/11 15:52:39 Notification skipped: Vehicle 524e35bb-cff8-ef11-810e-0025b500010d in cooldown period (30 minutes)
2025/07/11 15:52:39 Notification skipped: Vehicle 524e35bb-cff8-ef11-810e-0025b500010d in cooldown period (30 minutes)
2025/07/11 15:52:39 Notification skipped: Vehicle 524e35bb-cff8-ef11-810e-0025b500010d in cooldown period (30 minutes)
2025/07/11 15:52:39 Sending notification: 🚨 Speed Alert: Vehicle 927b57f5-6edd-eb11-80f8-0025b500010d (ف ق ص 4253) exceeding speed by 1 km/h
2025/07/11 15:52:39 Notification sent for vehicle 927b57f5-6edd-eb11-80f8-0025b500010d (exceeds by 1 km/h)
2025/07/11 15:52:39 Notification skipped: Vehicle 927b57f5-6edd-eb11-80f8-0025b500010d in cooldown period (30 minutes)
2025/07/11 15:52:39 Notification skipped: Vehicle 927b57f5-6edd-eb11-80f8-0025b500010d in cooldown period (30 minutes)
2025/07/11 15:52:39 Notification skipped: Vehicle 927b57f5-6edd-eb11-80f8-0025b500010d in cooldown period (30 minutes)
2025/07/11 15:52:39 Notification skipped: Vehicle 927b57f5-6edd-eb11-80f8-0025b500010d in cooldown period (30 minutes)
2025/07/11 15:52:39 Notification skipped: Vehicle 927b57f5-6edd-eb11-80f8-0025b500010d in cooldown period (30 minutes)
2025/07/11 15:52:39 Notification skipped: Vehicle 927b57f5-6edd-eb11-80f8-0025b500010d in cooldown period (30 minutes)
2025/07/11 15:52:39 Notification skipped: Vehicle 927b57f5-6edd-eb11-80f8-0025b500010d in cooldown period (30 minutes)
2025/07/11 15:52:39 Sending notification: 🚨 Speed Alert: Vehicle 5b22173f-6ba0-e811-80de-0025b500010d (ف ر س 4593) exceeding speed by 2 km/h
2025/07/11 15:52:39 Notification sent for vehicle 5b22173f-6ba0-e811-80de-0025b500010d (exceeds by 2 km/h)
2025/07/11 15:52:39 Notification skipped: Vehicle 5b22173f-6ba0-e811-80de-0025b500010d in cooldown period (30 minutes)
2025/07/11 15:52:39 Notification skipped: Vehicle 5b22173f-6ba0-e811-80de-0025b500010d in cooldown period (30 minutes)
2025/07/11 15:52:39 Notification skipped: Vehicle 5b22173f-6ba0-e811-80de-0025b500010d in cooldown period (30 minutes)
2025/07/11 15:52:39 Notification skipped: Vehicle 5b22173f-6ba0-e811-80de-0025b500010d in cooldown period (30 minutes)
2025/07/11 15:52:39 Notification skipped: Vehicle 5b22173f-6ba0-e811-80de-0025b500010d in cooldown period (30 minutes)
2025/07/11 15:52:39 Notification skipped: Vehicle 5b22173f-6ba0-e811-80de-0025b500010d in cooldown period (30 minutes)
2025/07/11 15:52:39 Notification skipped: Vehicle 5b22173f-6ba0-e811-80de-0025b500010d in cooldown period (30 minutes)
2025/07/11 15:52:39 Notification skipped: Vehicle 5b22173f-6ba0-e811-80de-0025b500010d in cooldown period (30 minutes)
2025/07/11 15:52:39 Notification skipped: Vehicle 5b22173f-6ba0-e811-80de-0025b500010d in cooldown period (30 minutes)
2025/07/11 15:52:39 Notification skipped: Vehicle 5b22173f-6ba0-e811-80de-0025b500010d in cooldown period (30 minutes)
2025/07/11 15:52:39 Notification skipped: Vehicle 5b22173f-6ba0-e811-80de-0025b500010d in cooldown period (30 minutes)
2025/07/11 15:52:39 Notification skipped: Vehicle 5b22173f-6ba0-e811-80de-0025b500010d in cooldown period (30 minutes)
2025/07/11 15:52:39 Notification skipped: Vehicle 5b22173f-6ba0-e811-80de-0025b500010d in cooldown period (30 minutes)
2025/07/11 15:52:39 Notification skipped: Vehicle 5b22173f-6ba0-e811-80de-0025b500010d in cooldown period (30 minutes)
2025/07/11 15:52:39 Notification skipped: Vehicle 5b22173f-6ba0-e811-80de-0025b500010d in cooldown period (30 minutes)
2025/07/11 15:52:39 Notification skipped: Vehicle 5b22173f-6ba0-e811-80de-0025b500010d in cooldown period (30 minutes)
2025/07/11 15:52:39 Notification skipped: Vehicle 5b22173f-6ba0-e811-80de-0025b500010d in cooldown period (30 minutes)
2025/07/11 15:52:39 Notification skipped: Vehicle 5b22173f-6ba0-e811-80de-0025b500010d in cooldown period (30 minutes)
2025/07/11 15:52:39 Notification skipped: Vehicle 5b22173f-6ba0-e811-80de-0025b500010d in cooldown period (30 minutes)
2025/07/11 15:52:39 Notification skipped: Vehicle 5b22173f-6ba0-e811-80de-0025b500010d in cooldown period (30 minutes)
2025/07/11 15:52:39 Notification skipped: Vehicle 5b22173f-6ba0-e811-80de-0025b500010d in cooldown period (30 minutes)
2025/07/11 15:52:39 Notification skipped: Vehicle 5b22173f-6ba0-e811-80de-0025b500010d in cooldown period (30 minutes)
2025/07/11 15:52:39 Notification skipped: Vehicle 5b22173f-6ba0-e811-80de-0025b500010d in cooldown period (30 minutes)
2025/07/11 15:52:39 Notification skipped: Vehicle 5b22173f-6ba0-e811-80de-0025b500010d in cooldown period (30 minutes)
2025/07/11 15:52:39 Notification skipped: Vehicle 5b22173f-6ba0-e811-80de-0025b500010d in cooldown period (30 minutes)
2025/07/11 15:52:39 Notification skipped: Vehicle 5b22173f-6ba0-e811-80de-0025b500010d in cooldown period (30 minutes)
2025/07/11 15:52:39 Notification skipped: Vehicle 5b22173f-6ba0-e811-80de-0025b500010d in cooldown period (30 minutes)
2025/07/11 15:52:39 Notification skipped: Vehicle 5b22173f-6ba0-e811-80de-0025b500010d in cooldown period (30 minutes)
2025/07/11 15:52:39 Notification skipped: Vehicle 5b22173f-6ba0-e811-80de-0025b500010d in cooldown period (30 minutes)
2025/07/11 15:52:39 Notification skipped: Vehicle 5b22173f-6ba0-e811-80de-0025b500010d in cooldown period (30 minutes)
2025/07/11 15:52:39 Notification skipped: Vehicle 5b22173f-6ba0-e811-80de-0025b500010d in cooldown period (30 minutes)
2025/07/11 15:52:39 Notification skipped: Vehicle 5b22173f-6ba0-e811-80de-0025b500010d in cooldown period (30 minutes)
2025/07/11 15:52:39 Notification skipped: Vehicle 5b22173f-6ba0-e811-80de-0025b500010d in cooldown period (30 minutes)
2025/07/11 15:52:39 Notification skipped: Vehicle 5b22173f-6ba0-e811-80de-0025b500010d in cooldown period (30 minutes)
2025/07/11 15:52:39 Notification skipped: Vehicle 5b22173f-6ba0-e811-80de-0025b500010d in cooldown period (30 minutes)
2025/07/11 15:52:39 Notification skipped: Vehicle 5b22173f-6ba0-e811-80de-0025b500010d in cooldown period (30 minutes)
2025/07/11 15:52:39 Notification skipped: Vehicle 5b22173f-6ba0-e811-80de-0025b500010d in cooldown period (30 minutes)
2025/07/11 15:52:39 Notification skipped: Vehicle 5b22173f-6ba0-e811-80de-0025b500010d in cooldown period (30 minutes)
2025/07/11 15:52:39 Notification skipped: Vehicle 5b22173f-6ba0-e811-80de-0025b500010d in cooldown period (30 minutes)
2025/07/11 15:52:39 Notification skipped: Vehicle 5b22173f-6ba0-e811-80de-0025b500010d in cooldown period (30 minutes)
2025/07/11 15:52:39 Notification skipped: Vehicle 5b22173f-6ba0-e811-80de-0025b500010d in cooldown period (30 minutes)
2025/07/11 15:52:39 Notification skipped: Vehicle 5b22173f-6ba0-e811-80de-0025b500010d in cooldown period (30 minutes)
2025/07/11 15:52:39 Notification skipped: Vehicle 5b22173f-6ba0-e811-80de-0025b500010d in cooldown period (30 minutes)
2025/07/11 15:52:39 Notification skipped: Vehicle 5b22173f-6ba0-e811-80de-0025b500010d in cooldown period (30 minutes)
2025/07/11 15:52:39 Notification skipped: Vehicle 5b22173f-6ba0-e811-80de-0025b500010d in cooldown period (30 minutes)
2025/07/11 15:52:39 Notification skipped: Vehicle 5b22173f-6ba0-e811-80de-0025b500010d in cooldown period (30 minutes)
2025/07/11 15:52:39 Notification skipped: Vehicle 5b22173f-6ba0-e811-80de-0025b500010d in cooldown period (30 minutes)
2025/07/11 15:52:39 Notification skipped: Vehicle 5b22173f-6ba0-e811-80de-0025b500010d in cooldown period (30 minutes)
2025/07/11 15:52:39 Notification skipped: Vehicle 5b22173f-6ba0-e811-80de-0025b500010d in cooldown period (30 minutes)
2025/07/11 15:52:39 Notification skipped: Vehicle 5b22173f-6ba0-e811-80de-0025b500010d in cooldown period (30 minutes)
2025/07/11 15:52:39 Notification skipped: Vehicle 5b22173f-6ba0-e811-80de-0025b500010d in cooldown period (30 minutes)
2025/07/11 15:52:39 Notification skipped: Vehicle 5b22173f-6ba0-e811-80de-0025b500010d in cooldown period (30 minutes)
2025/07/11 15:52:39 Notification skipped: Vehicle 5b22173f-6ba0-e811-80de-0025b500010d in cooldown period (30 minutes)
2025/07/11 15:52:39 Notification skipped: Vehicle 5b22173f-6ba0-e811-80de-0025b500010d in cooldown period (30 minutes)
2025/07/11 15:52:39 Notification skipped: Vehicle 5b22173f-6ba0-e811-80de-0025b500010d in cooldown period (30 minutes)
2025/07/11 15:52:39 Notification skipped: Vehicle 5b22173f-6ba0-e811-80de-0025b500010d in cooldown period (30 minutes)
2025/07/11 15:52:39 Notification skipped: Vehicle 5b22173f-6ba0-e811-80de-0025b500010d in cooldown period (30 minutes)
2025/07/11 15:52:39 Notification skipped: Vehicle 5b22173f-6ba0-e811-80de-0025b500010d in cooldown period (30 minutes)
2025/07/11 15:52:39 Notification skipped: Vehicle 5b22173f-6ba0-e811-80de-0025b500010d in cooldown period (30 minutes)
2025/07/11 15:52:39 Notification skipped: Vehicle 5b22173f-6ba0-e811-80de-0025b500010d in cooldown period (30 minutes)
2025/07/11 15:52:39 Notification skipped: Vehicle 5b22173f-6ba0-e811-80de-0025b500010d in cooldown period (30 minutes)
2025/07/11 15:52:39 Notification skipped: Vehicle 5b22173f-6ba0-e811-80de-0025b500010d in cooldown period (30 minutes)
2025/07/11 15:52:39 Notification skipped: Vehicle 5b22173f-6ba0-e811-80de-0025b500010d in cooldown period (30 minutes)
2025/07/11 15:52:39 Notification skipped: Vehicle 5b22173f-6ba0-e811-80de-0025b500010d in cooldown period (30 minutes)
2025/07/11 15:52:39 Notification skipped: Vehicle 5b22173f-6ba0-e811-80de-0025b500010d in cooldown period (30 minutes)
2025/07/11 15:52:39 Notification skipped: Vehicle 5b22173f-6ba0-e811-80de-0025b500010d in cooldown period (30 minutes)
2025/07/11 15:52:39 Notification skipped: Vehicle 5b22173f-6ba0-e811-80de-0025b500010d in cooldown period (30 minutes)
2025/07/11 15:52:39 Notification skipped: Vehicle 5b22173f-6ba0-e811-80de-0025b500010d in cooldown period (30 minutes)
2025/07/11 15:52:39 Sending notification: 🚨 Speed Alert: Vehicle 7d1f3531-8e91-ed11-8103-0025b500010d (ف ا ن 7421) exceeding speed by 2 km/h
2025/07/11 15:52:39 Notification sent for vehicle 7d1f3531-8e91-ed11-8103-0025b500010d (exceeds by 2 km/h)
2025/07/11 15:52:39 Notification skipped: Vehicle 7d1f3531-8e91-ed11-8103-0025b500010d in cooldown period (30 minutes)
2025/07/11 15:52:39 Notification skipped: Vehicle 7d1f3531-8e91-ed11-8103-0025b500010d in cooldown period (30 minutes)
2025/07/11 15:52:39 Notification skipped: Vehicle 7d1f3531-8e91-ed11-8103-0025b500010d in cooldown period (30 minutes)
2025/07/11 15:52:39 Notification skipped: Vehicle 7d1f3531-8e91-ed11-8103-0025b500010d in cooldown period (30 minutes)
2025/07/11 15:52:39 Notification skipped: Vehicle 7d1f3531-8e91-ed11-8103-0025b500010d in cooldown period (30 minutes)
2025/07/11 15:52:39 Notification skipped: Vehicle 7d1f3531-8e91-ed11-8103-0025b500010d in cooldown period (30 minutes)
2025/07/11 15:52:39 Notification skipped: Vehicle 7d1f3531-8e91-ed11-8103-0025b500010d in cooldown period (30 minutes)
2025/07/11 15:52:39 Notification skipped: Vehicle 7d1f3531-8e91-ed11-8103-0025b500010d in cooldown period (30 minutes)
2025/07/11 15:52:39 Notification skipped: Vehicle 7d1f3531-8e91-ed11-8103-0025b500010d in cooldown period (30 minutes)
2025/07/11 15:52:39 Notification skipped: Vehicle 7d1f3531-8e91-ed11-8103-0025b500010d in cooldown period (30 minutes)
2025/07/11 15:52:39 Notification skipped: Vehicle 7d1f3531-8e91-ed11-8103-0025b500010d in cooldown period (30 minutes)
2025/07/11 15:52:39 Notification skipped: Vehicle 7d1f3531-8e91-ed11-8103-0025b500010d in cooldown period (30 minutes)
2025/07/11 15:52:39 Notification skipped: Vehicle 7d1f3531-8e91-ed11-8103-0025b500010d in cooldown period (30 minutes)
2025/07/11 15:52:39 Sending notification: 🚨 Speed Alert: Vehicle d7e4419f-cff8-ef11-810e-0025b500010d (ف ج م 5917) exceeding speed by 8 km/h
2025/07/11 15:52:39 Notification sent for vehicle d7e4419f-cff8-ef11-810e-0025b500010d (exceeds by 8 km/h)
2025/07/11 15:52:39 Notification skipped: Vehicle d7e4419f-cff8-ef11-810e-0025b500010d in cooldown period (30 minutes)
2025/07/11 15:52:39 Notification skipped: Vehicle d7e4419f-cff8-ef11-810e-0025b500010d in cooldown period (30 minutes)
2025/07/11 15:52:39 Notification skipped: Vehicle d7e4419f-cff8-ef11-810e-0025b500010d in cooldown period (30 minutes)
2025/07/11 15:52:39 Notification skipped: Vehicle d7e4419f-cff8-ef11-810e-0025b500010d in cooldown period (30 minutes)
2025/07/11 15:52:39 Notification skipped: Vehicle d7e4419f-cff8-ef11-810e-0025b500010d in cooldown period (30 minutes)
2025/07/11 15:52:39 Notification skipped: Vehicle d7e4419f-cff8-ef11-810e-0025b500010d in cooldown period (30 minutes)
2025/07/11 15:52:39 Notification skipped: Vehicle d7e4419f-cff8-ef11-810e-0025b500010d in cooldown period (30 minutes)
2025/07/11 15:52:39 Notification skipped: Vehicle d7e4419f-cff8-ef11-810e-0025b500010d in cooldown period (30 minutes)
2025/07/11 15:52:39 Notification skipped: Vehicle d7e4419f-cff8-ef11-810e-0025b500010d in cooldown period (30 minutes)
2025/07/11 15:52:39 Notification skipped: Vehicle d7e4419f-cff8-ef11-810e-0025b500010d in cooldown period (30 minutes)
2025/07/11 15:52:39 Notification skipped: Vehicle d7e4419f-cff8-ef11-810e-0025b500010d in cooldown period (30 minutes)
2025/07/11 15:52:39 Notification skipped: Vehicle d7e4419f-cff8-ef11-810e-0025b500010d in cooldown period (30 minutes)
2025/07/11 15:52:39 Notification skipped: Vehicle d7e4419f-cff8-ef11-810e-0025b500010d in cooldown period (30 minutes)
2025/07/11 15:52:39 Notification skipped: Vehicle d7e4419f-cff8-ef11-810e-0025b500010d in cooldown period (30 minutes)
2025/07/11 15:52:39 Notification skipped: Vehicle d7e4419f-cff8-ef11-810e-0025b500010d in cooldown period (30 minutes)
2025/07/11 15:52:39 Notification skipped: Vehicle d7e4419f-cff8-ef11-810e-0025b500010d in cooldown period (30 minutes)
2025/07/11 15:52:39 Notification skipped: Vehicle d7e4419f-cff8-ef11-810e-0025b500010d in cooldown period (30 minutes)
2025/07/11 15:52:39 Notification skipped: Vehicle d7e4419f-cff8-ef11-810e-0025b500010d in cooldown period (30 minutes)
2025/07/11 15:52:39 Notification skipped: Vehicle d7e4419f-cff8-ef11-810e-0025b500010d in cooldown period (30 minutes)
2025/07/11 15:52:39 Notification skipped: Vehicle d7e4419f-cff8-ef11-810e-0025b500010d in cooldown period (30 minutes)
2025/07/11 15:52:39 Notification skipped: Vehicle d7e4419f-cff8-ef11-810e-0025b500010d in cooldown period (30 minutes)
2025/07/11 15:52:39 Notification skipped: Vehicle d7e4419f-cff8-ef11-810e-0025b500010d in cooldown period (30 minutes)
2025/07/11 15:52:39 Notification skipped: Vehicle d7e4419f-cff8-ef11-810e-0025b500010d in cooldown period (30 minutes)
2025/07/11 15:52:39 Notification skipped: Vehicle d7e4419f-cff8-ef11-810e-0025b500010d in cooldown period (30 minutes)
2025/07/11 15:52:39 Notification skipped: Vehicle d7e4419f-cff8-ef11-810e-0025b500010d in cooldown period (30 minutes)
2025/07/11 15:52:39 Notification skipped: Vehicle d7e4419f-cff8-ef11-810e-0025b500010d in cooldown period (30 minutes)
2025/07/11 15:52:39 Notification skipped: Vehicle d7e4419f-cff8-ef11-810e-0025b500010d in cooldown period (30 minutes)
2025/07/11 15:52:39 Notification skipped: Vehicle d7e4419f-cff8-ef11-810e-0025b500010d in cooldown period (30 minutes)
2025/07/11 15:52:39 Notification skipped: Vehicle d7e4419f-cff8-ef11-810e-0025b500010d in cooldown period (30 minutes)
2025/07/11 15:52:39 Notification skipped: Vehicle d7e4419f-cff8-ef11-810e-0025b500010d in cooldown period (30 minutes)
2025/07/11 15:52:39 Notification skipped: Vehicle d7e4419f-cff8-ef11-810e-0025b500010d in cooldown period (30 minutes)
2025/07/11 15:52:39 Notification skipped: Vehicle d7e4419f-cff8-ef11-810e-0025b500010d in cooldown period (30 minutes)
2025/07/11 15:52:39 Notification skipped: Vehicle d7e4419f-cff8-ef11-810e-0025b500010d in cooldown period (30 minutes)
2025/07/11 15:52:39 Notification skipped: Vehicle d7e4419f-cff8-ef11-810e-0025b500010d in cooldown period (30 minutes)
2025/07/11 15:52:39 Notification skipped: Vehicle d7e4419f-cff8-ef11-810e-0025b500010d in cooldown period (30 minutes)
2025/07/11 15:52:39 Notification skipped: Vehicle d7e4419f-cff8-ef11-810e-0025b500010d in cooldown period (30 minutes)
2025/07/11 15:52:39 Notification skipped: Vehicle d7e4419f-cff8-ef11-810e-0025b500010d in cooldown period (30 minutes)
2025/07/11 15:52:39 Notification skipped: Vehicle d7e4419f-cff8-ef11-810e-0025b500010d in cooldown period (30 minutes)
2025/07/11 15:52:39 Notification skipped: Vehicle d7e4419f-cff8-ef11-810e-0025b500010d in cooldown period (30 minutes)
2025/07/11 15:52:39 Notification skipped: Vehicle d7e4419f-cff8-ef11-810e-0025b500010d in cooldown period (30 minutes)
2025/07/11 15:52:39 Notification skipped: Vehicle d7e4419f-cff8-ef11-810e-0025b500010d in cooldown period (30 minutes)
2025/07/11 15:52:39 Notification skipped: Vehicle d7e4419f-cff8-ef11-810e-0025b500010d in cooldown period (30 minutes)
2025/07/11 15:52:39 Notification skipped: Vehicle d7e4419f-cff8-ef11-810e-0025b500010d in cooldown period (30 minutes)
2025/07/11 15:52:39 Notification skipped: Vehicle d7e4419f-cff8-ef11-810e-0025b500010d in cooldown period (30 minutes)
2025/07/11 15:52:39 Notification skipped: Vehicle d7e4419f-cff8-ef11-810e-0025b500010d in cooldown period (30 minutes)
2025/07/11 15:52:39 Notification skipped: Vehicle d7e4419f-cff8-ef11-810e-0025b500010d in cooldown period (30 minutes)
2025/07/11 15:52:39 Notification skipped: Vehicle d7e4419f-cff8-ef11-810e-0025b500010d in cooldown period (30 minutes)
2025/07/11 15:52:39 Notification skipped: Vehicle d7e4419f-cff8-ef11-810e-0025b500010d in cooldown period (30 minutes)
2025/07/11 15:52:39 Notification skipped: Vehicle d7e4419f-cff8-ef11-810e-0025b500010d in cooldown period (30 minutes)
2025/07/11 15:52:39 Notification skipped: Vehicle d7e4419f-cff8-ef11-810e-0025b500010d in cooldown period (30 minutes)
2025/07/11 15:52:39 Notification skipped: Vehicle d7e4419f-cff8-ef11-810e-0025b500010d in cooldown period (30 minutes)
2025/07/11 15:52:39 Sending notification: 🚨 Speed Alert: Vehicle 98a0fe16-6ba0-e811-80de-0025b500010d (ف د ى 6584) exceeding speed by 2 km/h
2025/07/11 15:52:39 Notification sent for vehicle 98a0fe16-6ba0-e811-80de-0025b500010d (exceeds by 2 km/h)
2025/07/11 15:52:39 Notification skipped: Vehicle 98a0fe16-6ba0-e811-80de-0025b500010d in cooldown period (30 minutes)
2025/07/11 15:52:39 Notification skipped: Vehicle 98a0fe16-6ba0-e811-80de-0025b500010d in cooldown period (30 minutes)
2025/07/11 15:52:39 Notification skipped: Vehicle 98a0fe16-6ba0-e811-80de-0025b500010d in cooldown period (30 minutes)
2025/07/11 15:52:39 Notification skipped: Vehicle 98a0fe16-6ba0-e811-80de-0025b500010d in cooldown period (30 minutes)
2025/07/11 15:52:39 Sending notification: 🚨 Speed Alert: Vehicle cd482774-6ba0-e811-80de-0025b500010d (ف ع ص 4381) exceeding speed by 5 km/h
2025/07/11 15:52:39 Notification sent for vehicle cd482774-6ba0-e811-80de-0025b500010d (exceeds by 5 km/h)
2025/07/11 15:52:39 Notification skipped: Vehicle cd482774-6ba0-e811-80de-0025b500010d in cooldown period (30 minutes)
2025/07/11 15:52:39 Notification skipped: Vehicle cd482774-6ba0-e811-80de-0025b500010d in cooldown period (30 minutes)
2025/07/11 15:52:39 Notification skipped: Vehicle cd482774-6ba0-e811-80de-0025b500010d in cooldown period (30 minutes)
2025/07/11 15:52:39 Notification skipped: Vehicle cd482774-6ba0-e811-80de-0025b500010d in cooldown period (30 minutes)
2025/07/11 15:52:39 Notification skipped: Vehicle cd482774-6ba0-e811-80de-0025b500010d in cooldown period (30 minutes)
2025/07/11 15:52:39 Notification skipped: Vehicle cd482774-6ba0-e811-80de-0025b500010d in cooldown period (30 minutes)
2025/07/11 15:52:39 Notification skipped: Vehicle cd482774-6ba0-e811-80de-0025b500010d in cooldown period (30 minutes)
2025/07/11 15:52:39 Notification skipped: Vehicle cd482774-6ba0-e811-80de-0025b500010d in cooldown period (30 minutes)
2025/07/11 15:52:39 Notification skipped: Vehicle cd482774-6ba0-e811-80de-0025b500010d in cooldown period (30 minutes)
2025/07/11 15:52:39 Notification skipped: Vehicle cd482774-6ba0-e811-80de-0025b500010d in cooldown period (30 minutes)
2025/07/11 15:52:39 Notification skipped: Vehicle cd482774-6ba0-e811-80de-0025b500010d in cooldown period (30 minutes)
2025/07/11 15:52:39 Notification skipped: Vehicle cd482774-6ba0-e811-80de-0025b500010d in cooldown period (30 minutes)
2025/07/11 15:52:39 Notification skipped: Vehicle cd482774-6ba0-e811-80de-0025b500010d in cooldown period (30 minutes)
2025/07/11 15:52:39 Notification skipped: Vehicle cd482774-6ba0-e811-80de-0025b500010d in cooldown period (30 minutes)
2025/07/11 15:52:39 Notification skipped: Vehicle cd482774-6ba0-e811-80de-0025b500010d in cooldown period (30 minutes)
2025/07/11 15:52:39 Notification skipped: Vehicle cd482774-6ba0-e811-80de-0025b500010d in cooldown period (30 minutes)
2025/07/11 15:52:39 Notification skipped: Vehicle cd482774-6ba0-e811-80de-0025b500010d in cooldown period (30 minutes)
2025/07/11 15:52:39 Notification skipped: Vehicle cd482774-6ba0-e811-80de-0025b500010d in cooldown period (30 minutes)
2025/07/11 15:52:39 Notification skipped: Vehicle cd482774-6ba0-e811-80de-0025b500010d in cooldown period (30 minutes)
2025/07/11 15:52:39 Notification skipped: Vehicle cd482774-6ba0-e811-80de-0025b500010d in cooldown period (30 minutes)
2025/07/11 15:52:39 Notification skipped: Vehicle cd482774-6ba0-e811-80de-0025b500010d in cooldown period (30 minutes)
2025/07/11 15:52:39 Notification skipped: Vehicle cd482774-6ba0-e811-80de-0025b500010d in cooldown period (30 minutes)
2025/07/11 15:52:39 Notification skipped: Vehicle cd482774-6ba0-e811-80de-0025b500010d in cooldown period (30 minutes)
2025/07/11 15:52:39 Notification skipped: Vehicle cd482774-6ba0-e811-80de-0025b500010d in cooldown period (30 minutes)
2025/07/11 15:52:39 Notification skipped: Vehicle cd482774-6ba0-e811-80de-0025b500010d in cooldown period (30 minutes)
2025/07/11 15:52:39 Notification skipped: Vehicle cd482774-6ba0-e811-80de-0025b500010d in cooldown period (30 minutes)
2025/07/11 15:52:39 Notification skipped: Vehicle cd482774-6ba0-e811-80de-0025b500010d in cooldown period (30 minutes)
2025/07/11 15:52:39 Notification skipped: Vehicle cd482774-6ba0-e811-80de-0025b500010d in cooldown period (30 minutes)
2025/07/11 15:52:39 Notification skipped: Vehicle cd482774-6ba0-e811-80de-0025b500010d in cooldown period (30 minutes)
2025/07/11 15:52:39 Notification skipped: Vehicle cd482774-6ba0-e811-80de-0025b500010d in cooldown period (30 minutes)
2025/07/11 15:52:39 Notification skipped: Vehicle cd482774-6ba0-e811-80de-0025b500010d in cooldown period (30 minutes)
2025/07/11 15:52:39 Sending notification: 🚨 Speed Alert: Vehicle 2782a30d-0143-ed11-8100-0025b500010d (ف أ ن 5139) exceeding speed by 12 km/h
2025/07/11 15:52:39 Notification sent for vehicle 2782a30d-0143-ed11-8100-0025b500010d (exceeds by 12 km/h)
2025/07/11 15:52:39 Notification skipped: Vehicle 2782a30d-0143-ed11-8100-0025b500010d in cooldown period (30 minutes)
2025/07/11 15:52:39 Notification skipped: Vehicle 2782a30d-0143-ed11-8100-0025b500010d in cooldown period (30 minutes)
2025/07/11 15:52:39 Notification skipped: Vehicle 2782a30d-0143-ed11-8100-0025b500010d in cooldown period (30 minutes)
2025/07/11 15:52:39 Notification skipped: Vehicle 2782a30d-0143-ed11-8100-0025b500010d in cooldown period (30 minutes)
2025/07/11 15:52:39 Notification skipped: Vehicle 2782a30d-0143-ed11-8100-0025b500010d in cooldown period (30 minutes)
2025/07/11 15:52:39 Notification skipped: Vehicle 2782a30d-0143-ed11-8100-0025b500010d in cooldown period (30 minutes)
2025/07/11 15:52:39 Notification skipped: Vehicle 2782a30d-0143-ed11-8100-0025b500010d in cooldown period (30 minutes)
2025/07/11 15:52:39 Notification skipped: Vehicle 2782a30d-0143-ed11-8100-0025b500010d in cooldown period (30 minutes)
2025/07/11 15:52:39 Notification skipped: Vehicle 2782a30d-0143-ed11-8100-0025b500010d in cooldown period (30 minutes)
2025/07/11 15:52:39 Successfully completed speed check
2025/07/11 15:52:39 Speed violations found! Check the generated report file.
