2025/04/24 03:49:24 HTTP client successfully authenticated
2025/04/24 03:49:25 Collector successfully authenticated
2025/04/24 03:49:25 Checking vehicle ف د ى 6738 (ID: d23c85a1-6aa0-e811-80de-0025b500010d) for speed alerts
2025/04/24 03:49:26 HTTP client successfully authenticated
2025/04/24 03:49:26 Collector successfully authenticated
2025/04/24 03:49:26 Fetching speed data from: https://fms-gps.etit-eg.com/WebPages/GetSpeedData.aspx?id=d23c85a1-6aa0-e811-80de-0025b500010d&time=6&from=Wed, 23 Apr 2025 00:00:00 GMT&to=Wed, 23 Apr 2025 23:59:00 GMT
2025/04/24 03:49:26 Error checking vehicle ف د ى 6738: error parsing speed data: invalid character '<' looking for beginning of value
2025/04/24 03:49:26 Checking vehicle ف م س 9247 (ID: 8a77baf4-5fb4-e911-80ed-0025b500010d) for speed alerts
2025/04/24 03:49:28 HTTP client successfully authenticated
2025/04/24 03:49:28 Collector successfully authenticated
2025/04/24 03:49:28 Fetching speed data from: https://fms-gps.etit-eg.com/WebPages/GetSpeedData.aspx?id=8a77baf4-5fb4-e911-80ed-0025b500010d&time=6&from=Wed, 23 Apr 2025 00:00:00 GMT&to=Wed, 23 Apr 2025 23:59:00 GMT
2025/04/24 03:49:28 Error checking vehicle ف م س 9247: error parsing speed data: invalid character '<' looking for beginning of value
2025/04/24 03:49:28 Checking vehicle ف د ى 6584 (ID: 98a0fe16-6ba0-e811-80de-0025b500010d) for speed alerts
2025/04/24 03:49:29 HTTP client successfully authenticated
2025/04/24 03:49:30 Collector successfully authenticated
2025/04/24 03:49:30 Fetching speed data from: https://fms-gps.etit-eg.com/WebPages/GetSpeedData.aspx?id=98a0fe16-6ba0-e811-80de-0025b500010d&time=6&from=Wed, 23 Apr 2025 00:00:00 GMT&to=Wed, 23 Apr 2025 23:59:00 GMT
2025/04/24 03:49:30 Error checking vehicle ف د ى 6584: error parsing speed data: invalid character '<' looking for beginning of value
2025/04/24 03:49:30 Checking vehicle ف ع ص 4381 (ID: cd482774-6ba0-e811-80de-0025b500010d) for speed alerts
2025/04/24 03:49:32 HTTP client successfully authenticated
2025/04/24 03:49:32 Collector successfully authenticated
2025/04/24 03:49:32 Fetching speed data from: https://fms-gps.etit-eg.com/WebPages/GetSpeedData.aspx?id=cd482774-6ba0-e811-80de-0025b500010d&time=6&from=Wed, 23 Apr 2025 00:00:00 GMT&to=Wed, 23 Apr 2025 23:59:00 GMT
2025/04/24 03:49:32 Error checking vehicle ف ع ص 4381: error parsing speed data: invalid character '<' looking for beginning of value
2025/04/24 03:49:32 Checking vehicle ف أ ن 5139 (ID: 2782a30d-0143-ed11-8100-0025b500010d) for speed alerts
2025/04/24 03:49:33 HTTP client successfully authenticated
2025/04/24 03:49:34 Collector successfully authenticated
2025/04/24 03:49:34 Fetching speed data from: https://fms-gps.etit-eg.com/WebPages/GetSpeedData.aspx?id=2782a30d-0143-ed11-8100-0025b500010d&time=6&from=Wed, 23 Apr 2025 00:00:00 GMT&to=Wed, 23 Apr 2025 23:59:00 GMT
2025/04/24 03:49:34 Error checking vehicle ف أ ن 5139: error parsing speed data: invalid character '<' looking for beginning of value
2025/04/24 03:49:34 Checking vehicle ف ر ص 6359 (ID: ca53d5de-cf14-ea11-80ee-0025b500010d) for speed alerts
2025/04/24 03:49:35 HTTP client successfully authenticated
2025/04/24 03:49:35 Collector successfully authenticated
2025/04/24 03:49:35 Fetching speed data from: https://fms-gps.etit-eg.com/WebPages/GetSpeedData.aspx?id=ca53d5de-cf14-ea11-80ee-0025b500010d&time=6&from=Wed, 23 Apr 2025 00:00:00 GMT&to=Wed, 23 Apr 2025 23:59:00 GMT
2025/04/24 03:49:36 Error checking vehicle ف ر ص 6359: error parsing speed data: invalid character '<' looking for beginning of value
2025/04/24 03:49:36 Checking vehicle ف ر ص 8461 (ID: 19cdd2ad-aaba-ea11-80f4-0025b500010d) for speed alerts
2025/04/24 03:49:37 HTTP client successfully authenticated
2025/04/24 03:49:37 Collector successfully authenticated
2025/04/24 03:49:37 Fetching speed data from: https://fms-gps.etit-eg.com/WebPages/GetSpeedData.aspx?id=19cdd2ad-aaba-ea11-80f4-0025b500010d&time=6&from=Wed, 23 Apr 2025 00:00:00 GMT&to=Wed, 23 Apr 2025 23:59:00 GMT
2025/04/24 03:49:37 Error checking vehicle ف ر ص 8461: error parsing speed data: invalid character '<' looking for beginning of value
2025/04/24 03:49:37 Checking vehicle ف د ى 6834 (ID: edddb58e-aaba-ea11-80f4-0025b500010d) for speed alerts
2025/04/24 03:49:38 HTTP client successfully authenticated
2025/04/24 03:49:39 Collector successfully authenticated
2025/04/24 03:49:39 Fetching speed data from: https://fms-gps.etit-eg.com/WebPages/GetSpeedData.aspx?id=edddb58e-aaba-ea11-80f4-0025b500010d&time=6&from=Wed, 23 Apr 2025 00:00:00 GMT&to=Wed, 23 Apr 2025 23:59:00 GMT
2025/04/24 03:49:39 Error checking vehicle ف د ى 6834: error parsing speed data: invalid character '<' looking for beginning of value
2025/04/24 03:49:39 Checking vehicle ف ج م 5918 (ID: 524e35bb-cff8-ef11-810e-0025b500010d) for speed alerts
2025/04/24 03:49:40 HTTP client successfully authenticated
2025/04/24 03:49:40 Collector successfully authenticated
2025/04/24 03:49:40 Fetching speed data from: https://fms-gps.etit-eg.com/WebPages/GetSpeedData.aspx?id=524e35bb-cff8-ef11-810e-0025b500010d&time=6&from=Wed, 23 Apr 2025 00:00:00 GMT&to=Wed, 23 Apr 2025 23:59:00 GMT
2025/04/24 03:49:41 Error checking vehicle ف ج م 5918: error parsing speed data: invalid character '<' looking for beginning of value
2025/04/24 03:49:41 Checking vehicle ف ى ر 8427 (ID: 46ab06c4-5fb4-e911-80ed-0025b500010d) for speed alerts
2025/04/24 03:49:42 HTTP client successfully authenticated
2025/04/24 03:49:42 Collector successfully authenticated
2025/04/24 03:49:42 Fetching speed data from: https://fms-gps.etit-eg.com/WebPages/GetSpeedData.aspx?id=46ab06c4-5fb4-e911-80ed-0025b500010d&time=6&from=Wed, 23 Apr 2025 00:00:00 GMT&to=Wed, 23 Apr 2025 23:59:00 GMT
2025/04/24 03:49:43 Error checking vehicle ف ى ر 8427: error parsing speed data: invalid character '<' looking for beginning of value
2025/04/24 03:49:43 Checking vehicle ف ق ص 5138 (ID: 76eca2d6-36f4-eb11-80f8-0025b500010d) for speed alerts
2025/04/24 03:49:43 HTTP client successfully authenticated
2025/04/24 03:49:44 Collector successfully authenticated
2025/04/24 03:49:44 Fetching speed data from: https://fms-gps.etit-eg.com/WebPages/GetSpeedData.aspx?id=76eca2d6-36f4-eb11-80f8-0025b500010d&time=6&from=Wed, 23 Apr 2025 00:00:00 GMT&to=Wed, 23 Apr 2025 23:59:00 GMT
2025/04/24 03:49:44 Error checking vehicle ف ق ص 5138: error parsing speed data: invalid character '<' looking for beginning of value
2025/04/24 03:49:44 Checking vehicle ف ق ص 4253 (ID: 927b57f5-6edd-eb11-80f8-0025b500010d) for speed alerts
2025/04/24 03:49:45 HTTP client successfully authenticated
2025/04/24 03:49:46 Collector successfully authenticated
2025/04/24 03:49:46 Fetching speed data from: https://fms-gps.etit-eg.com/WebPages/GetSpeedData.aspx?id=927b57f5-6edd-eb11-80f8-0025b500010d&time=6&from=Wed, 23 Apr 2025 00:00:00 GMT&to=Wed, 23 Apr 2025 23:59:00 GMT
2025/04/24 03:49:46 Error checking vehicle ف ق ص 4253: error parsing speed data: invalid character '<' looking for beginning of value
2025/04/24 03:49:46 Checking vehicle ف ر س 4593 (ID: 5b22173f-6ba0-e811-80de-0025b500010d) for speed alerts
2025/04/24 03:49:47 HTTP client successfully authenticated
2025/04/24 03:49:48 Collector successfully authenticated
2025/04/24 03:49:48 Fetching speed data from: https://fms-gps.etit-eg.com/WebPages/GetSpeedData.aspx?id=5b22173f-6ba0-e811-80de-0025b500010d&time=6&from=Wed, 23 Apr 2025 00:00:00 GMT&to=Wed, 23 Apr 2025 23:59:00 GMT
2025/04/24 03:49:48 Error checking vehicle ف ر س 4593: error parsing speed data: invalid character '<' looking for beginning of value
2025/04/24 03:49:48 Checking vehicle ف ر ص 5783 (ID: af56caf9-cf14-ea11-80ee-0025b500010d) for speed alerts
2025/04/24 03:49:49 HTTP client successfully authenticated
2025/04/24 03:49:49 Collector successfully authenticated
2025/04/24 03:49:49 Fetching speed data from: https://fms-gps.etit-eg.com/WebPages/GetSpeedData.aspx?id=af56caf9-cf14-ea11-80ee-0025b500010d&time=6&from=Wed, 23 Apr 2025 00:00:00 GMT&to=Wed, 23 Apr 2025 23:59:00 GMT
2025/04/24 03:49:50 Error checking vehicle ف ر ص 5783: error parsing speed data: invalid character '<' looking for beginning of value
2025/04/24 03:49:50 Checking vehicle ف ا ن 7421 (ID: 7d1f3531-8e91-ed11-8103-0025b500010d) for speed alerts
2025/04/24 03:49:51 HTTP client successfully authenticated
2025/04/24 03:49:51 Collector successfully authenticated
2025/04/24 03:49:51 Fetching speed data from: https://fms-gps.etit-eg.com/WebPages/GetSpeedData.aspx?id=7d1f3531-8e91-ed11-8103-0025b500010d&time=6&from=Wed, 23 Apr 2025 00:00:00 GMT&to=Wed, 23 Apr 2025 23:59:00 GMT
2025/04/24 03:49:52 Error checking vehicle ف ا ن 7421: error parsing speed data: invalid character '<' looking for beginning of value
2025/04/24 03:49:52 Checking vehicle ف ى ر 9156 (ID: 19419bf3-6aa0-e811-80de-0025b500010d) for speed alerts
2025/04/24 03:49:53 HTTP client successfully authenticated
2025/04/24 03:49:53 Collector successfully authenticated
2025/04/24 03:49:53 Fetching speed data from: https://fms-gps.etit-eg.com/WebPages/GetSpeedData.aspx?id=19419bf3-6aa0-e811-80de-0025b500010d&time=6&from=Wed, 23 Apr 2025 00:00:00 GMT&to=Wed, 23 Apr 2025 23:59:00 GMT
2025/04/24 03:49:53 Error checking vehicle ف ى ر 9156: error parsing speed data: invalid character '<' looking for beginning of value
2025/04/24 03:49:53 Checking vehicle ف ج م 5917 (ID: d7e4419f-cff8-ef11-810e-0025b500010d) for speed alerts
2025/04/24 03:49:54 HTTP client successfully authenticated
2025/04/24 03:49:55 Collector successfully authenticated
2025/04/24 03:49:55 Fetching speed data from: https://fms-gps.etit-eg.com/WebPages/GetSpeedData.aspx?id=d7e4419f-cff8-ef11-810e-0025b500010d&time=6&from=Wed, 23 Apr 2025 00:00:00 GMT&to=Wed, 23 Apr 2025 23:59:00 GMT
2025/04/24 03:49:55 Error checking vehicle ف ج م 5917: error parsing speed data: invalid character '<' looking for beginning of value
2025/04/24 03:49:55 Successfully completed speed check
2025/04/24 03:49:55 Speed violations found! Check the generated report file.
