2025/04/24 03:44:18 HTTP client successfully authenticated
2025/04/24 03:44:19 Collector successfully authenticated
2025/04/24 03:44:19 Checking vehicle ف د ى 6738 (ID: d23c85a1-6aa0-e811-80de-0025b500010d) for speed alerts
2025/04/24 03:44:20 HTTP client successfully authenticated
2025/04/24 03:44:21 Collector successfully authenticated
2025/04/24 03:44:21 Fetching speed data from: https://fms-gps.etit-eg.com/WebPages/GetSpeedData.aspx?id=d23c85a1-6aa0-e811-80de-0025b500010d&time=6&from=Wed, 23 Apr 2025 00:00:00 GMT&to=Wed, 23 Apr 2025 23:59:00 GMT
2025/04/24 03:44:21 Error checking vehicle ف د ى 6738: error parsing speed data: invalid character '<' looking for beginning of value
2025/04/24 03:44:21 Checking vehicle ف م س 9247 (ID: 8a77baf4-5fb4-e911-80ed-0025b500010d) for speed alerts
2025/04/24 03:44:22 HTTP client successfully authenticated
2025/04/24 03:44:23 Collector successfully authenticated
2025/04/24 03:44:23 Fetching speed data from: https://fms-gps.etit-eg.com/WebPages/GetSpeedData.aspx?id=8a77baf4-5fb4-e911-80ed-0025b500010d&time=6&from=Wed, 23 Apr 2025 00:00:00 GMT&to=Wed, 23 Apr 2025 23:59:00 GMT
2025/04/24 03:44:23 Error checking vehicle ف م س 9247: error parsing speed data: invalid character '<' looking for beginning of value
2025/04/24 03:44:23 Checking vehicle ف د ى 6584 (ID: 98a0fe16-6ba0-e811-80de-0025b500010d) for speed alerts
2025/04/24 03:44:25 HTTP client successfully authenticated
2025/04/24 03:44:25 Collector successfully authenticated
2025/04/24 03:44:25 Fetching speed data from: https://fms-gps.etit-eg.com/WebPages/GetSpeedData.aspx?id=98a0fe16-6ba0-e811-80de-0025b500010d&time=6&from=Wed, 23 Apr 2025 00:00:00 GMT&to=Wed, 23 Apr 2025 23:59:00 GMT
2025/04/24 03:44:26 Error checking vehicle ف د ى 6584: error parsing speed data: invalid character '<' looking for beginning of value
2025/04/24 03:44:26 Checking vehicle ف ع ص 4381 (ID: cd482774-6ba0-e811-80de-0025b500010d) for speed alerts
2025/04/24 03:44:27 HTTP client successfully authenticated
2025/04/24 03:44:27 Collector successfully authenticated
2025/04/24 03:44:27 Fetching speed data from: https://fms-gps.etit-eg.com/WebPages/GetSpeedData.aspx?id=cd482774-6ba0-e811-80de-0025b500010d&time=6&from=Wed, 23 Apr 2025 00:00:00 GMT&to=Wed, 23 Apr 2025 23:59:00 GMT
2025/04/24 03:44:28 Error checking vehicle ف ع ص 4381: error parsing speed data: invalid character '<' looking for beginning of value
2025/04/24 03:44:28 Checking vehicle ف أ ن 5139 (ID: 2782a30d-0143-ed11-8100-0025b500010d) for speed alerts
2025/04/24 03:44:29 HTTP client successfully authenticated
2025/04/24 03:44:29 Collector successfully authenticated
2025/04/24 03:44:29 Fetching speed data from: https://fms-gps.etit-eg.com/WebPages/GetSpeedData.aspx?id=2782a30d-0143-ed11-8100-0025b500010d&time=6&from=Wed, 23 Apr 2025 00:00:00 GMT&to=Wed, 23 Apr 2025 23:59:00 GMT
2025/04/24 03:44:29 Error checking vehicle ف أ ن 5139: error parsing speed data: invalid character '<' looking for beginning of value
2025/04/24 03:44:29 Checking vehicle ف ر ص 6359 (ID: ca53d5de-cf14-ea11-80ee-0025b500010d) for speed alerts
2025/04/24 03:44:30 HTTP client successfully authenticated
2025/04/24 03:44:30 Collector successfully authenticated
2025/04/24 03:44:30 Fetching speed data from: https://fms-gps.etit-eg.com/WebPages/GetSpeedData.aspx?id=ca53d5de-cf14-ea11-80ee-0025b500010d&time=6&from=Wed, 23 Apr 2025 00:00:00 GMT&to=Wed, 23 Apr 2025 23:59:00 GMT
2025/04/24 03:44:31 Error checking vehicle ف ر ص 6359: error parsing speed data: invalid character '<' looking for beginning of value
2025/04/24 03:44:31 Checking vehicle ف ر ص 8461 (ID: 19cdd2ad-aaba-ea11-80f4-0025b500010d) for speed alerts
2025/04/24 03:44:32 HTTP client successfully authenticated
2025/04/24 03:44:32 Collector successfully authenticated
2025/04/24 03:44:32 Fetching speed data from: https://fms-gps.etit-eg.com/WebPages/GetSpeedData.aspx?id=19cdd2ad-aaba-ea11-80f4-0025b500010d&time=6&from=Wed, 23 Apr 2025 00:00:00 GMT&to=Wed, 23 Apr 2025 23:59:00 GMT
2025/04/24 03:44:32 Error checking vehicle ف ر ص 8461: error parsing speed data: invalid character '<' looking for beginning of value
2025/04/24 03:44:32 Checking vehicle ف د ى 6834 (ID: edddb58e-aaba-ea11-80f4-0025b500010d) for speed alerts
2025/04/24 03:44:34 HTTP client successfully authenticated
2025/04/24 03:44:34 Collector successfully authenticated
2025/04/24 03:44:34 Fetching speed data from: https://fms-gps.etit-eg.com/WebPages/GetSpeedData.aspx?id=edddb58e-aaba-ea11-80f4-0025b500010d&time=6&from=Wed, 23 Apr 2025 00:00:00 GMT&to=Wed, 23 Apr 2025 23:59:00 GMT
2025/04/24 03:44:35 Error checking vehicle ف د ى 6834: error parsing speed data: invalid character '<' looking for beginning of value
2025/04/24 03:44:35 Checking vehicle ف ج م 5918 (ID: 524e35bb-cff8-ef11-810e-0025b500010d) for speed alerts
2025/04/24 03:44:35 HTTP client successfully authenticated
2025/04/24 03:44:36 Collector successfully authenticated
2025/04/24 03:44:36 Fetching speed data from: https://fms-gps.etit-eg.com/WebPages/GetSpeedData.aspx?id=524e35bb-cff8-ef11-810e-0025b500010d&time=6&from=Wed, 23 Apr 2025 00:00:00 GMT&to=Wed, 23 Apr 2025 23:59:00 GMT
2025/04/24 03:44:36 Error checking vehicle ف ج م 5918: error parsing speed data: invalid character '<' looking for beginning of value
2025/04/24 03:44:36 Checking vehicle ف ى ر 8427 (ID: 46ab06c4-5fb4-e911-80ed-0025b500010d) for speed alerts
2025/04/24 03:44:37 HTTP client successfully authenticated
2025/04/24 03:44:38 Collector successfully authenticated
2025/04/24 03:44:38 Fetching speed data from: https://fms-gps.etit-eg.com/WebPages/GetSpeedData.aspx?id=46ab06c4-5fb4-e911-80ed-0025b500010d&time=6&from=Wed, 23 Apr 2025 00:00:00 GMT&to=Wed, 23 Apr 2025 23:59:00 GMT
2025/04/24 03:44:38 Error checking vehicle ف ى ر 8427: error parsing speed data: invalid character '<' looking for beginning of value
2025/04/24 03:44:38 Checking vehicle ف ق ص 5138 (ID: 76eca2d6-36f4-eb11-80f8-0025b500010d) for speed alerts
2025/04/24 03:44:39 HTTP client successfully authenticated
2025/04/24 03:44:39 Collector successfully authenticated
2025/04/24 03:44:39 Fetching speed data from: https://fms-gps.etit-eg.com/WebPages/GetSpeedData.aspx?id=76eca2d6-36f4-eb11-80f8-0025b500010d&time=6&from=Wed, 23 Apr 2025 00:00:00 GMT&to=Wed, 23 Apr 2025 23:59:00 GMT
2025/04/24 03:44:39 Error checking vehicle ف ق ص 5138: error parsing speed data: invalid character '<' looking for beginning of value
2025/04/24 03:44:39 Checking vehicle ف ق ص 4253 (ID: 927b57f5-6edd-eb11-80f8-0025b500010d) for speed alerts
2025/04/24 03:44:40 HTTP client successfully authenticated
2025/04/24 03:44:41 Collector successfully authenticated
2025/04/24 03:44:41 Fetching speed data from: https://fms-gps.etit-eg.com/WebPages/GetSpeedData.aspx?id=927b57f5-6edd-eb11-80f8-0025b500010d&time=6&from=Wed, 23 Apr 2025 00:00:00 GMT&to=Wed, 23 Apr 2025 23:59:00 GMT
2025/04/24 03:44:41 Error checking vehicle ف ق ص 4253: error parsing speed data: invalid character '<' looking for beginning of value
2025/04/24 03:44:41 Checking vehicle ف ر س 4593 (ID: 5b22173f-6ba0-e811-80de-0025b500010d) for speed alerts
2025/04/24 03:44:42 HTTP client successfully authenticated
2025/04/24 03:44:42 Collector successfully authenticated
2025/04/24 03:44:42 Fetching speed data from: https://fms-gps.etit-eg.com/WebPages/GetSpeedData.aspx?id=5b22173f-6ba0-e811-80de-0025b500010d&time=6&from=Wed, 23 Apr 2025 00:00:00 GMT&to=Wed, 23 Apr 2025 23:59:00 GMT
2025/04/24 03:44:43 Error checking vehicle ف ر س 4593: error parsing speed data: invalid character '<' looking for beginning of value
2025/04/24 03:44:43 Checking vehicle ف ر ص 5783 (ID: af56caf9-cf14-ea11-80ee-0025b500010d) for speed alerts
2025/04/24 03:44:44 HTTP client successfully authenticated
2025/04/24 03:44:44 Collector successfully authenticated
2025/04/24 03:44:44 Fetching speed data from: https://fms-gps.etit-eg.com/WebPages/GetSpeedData.aspx?id=af56caf9-cf14-ea11-80ee-0025b500010d&time=6&from=Wed, 23 Apr 2025 00:00:00 GMT&to=Wed, 23 Apr 2025 23:59:00 GMT
2025/04/24 03:44:44 Error checking vehicle ف ر ص 5783: error parsing speed data: invalid character '<' looking for beginning of value
2025/04/24 03:44:44 Checking vehicle ف ا ن 7421 (ID: 7d1f3531-8e91-ed11-8103-0025b500010d) for speed alerts
2025/04/24 03:44:45 HTTP client successfully authenticated
2025/04/24 03:44:46 Collector successfully authenticated
2025/04/24 03:44:46 Fetching speed data from: https://fms-gps.etit-eg.com/WebPages/GetSpeedData.aspx?id=7d1f3531-8e91-ed11-8103-0025b500010d&time=6&from=Wed, 23 Apr 2025 00:00:00 GMT&to=Wed, 23 Apr 2025 23:59:00 GMT
2025/04/24 03:44:46 Error checking vehicle ف ا ن 7421: error parsing speed data: invalid character '<' looking for beginning of value
2025/04/24 03:44:46 Checking vehicle ف ى ر 9156 (ID: 19419bf3-6aa0-e811-80de-0025b500010d) for speed alerts
2025/04/24 03:44:47 HTTP client successfully authenticated
2025/04/24 03:44:48 Collector successfully authenticated
2025/04/24 03:44:48 Fetching speed data from: https://fms-gps.etit-eg.com/WebPages/GetSpeedData.aspx?id=19419bf3-6aa0-e811-80de-0025b500010d&time=6&from=Wed, 23 Apr 2025 00:00:00 GMT&to=Wed, 23 Apr 2025 23:59:00 GMT
2025/04/24 03:44:48 Error checking vehicle ف ى ر 9156: error parsing speed data: invalid character '<' looking for beginning of value
2025/04/24 03:44:48 Checking vehicle ف ج م 5917 (ID: d7e4419f-cff8-ef11-810e-0025b500010d) for speed alerts
2025/04/24 03:44:49 HTTP client successfully authenticated
2025/04/24 03:44:49 Collector successfully authenticated
2025/04/24 03:44:49 Fetching speed data from: https://fms-gps.etit-eg.com/WebPages/GetSpeedData.aspx?id=d7e4419f-cff8-ef11-810e-0025b500010d&time=6&from=Wed, 23 Apr 2025 00:00:00 GMT&to=Wed, 23 Apr 2025 23:59:00 GMT
2025/04/24 03:44:49 Error checking vehicle ف ج م 5917: error parsing speed data: invalid character '<' looking for beginning of value
2025/04/24 03:44:49 Successfully completed speed check
2025/04/24 03:44:49 Speed violations found! Check the generated report file.
